Initialising DDQN Agent with params : {'env': <TimeLimit<MountainCarEnv<MountainCar-v0>>>, 'batchSize': 64, 'gamma': 0.99, 'tau': 0.001, 'qTargets': 0.0, 'numStates': 2, 'numActions': 3, 'callbacks': []}
Finished initializing local network.
Finished initializing target network
Starting model training for 2000 episodes.
Episode 1	Time Taken: 23.83 sec	Score: -200.00	Score*: -186.03	State: -0.509628841888593	Average Q-Target: -0.9418	Epsilon: 0.900	Average Score: -200.00	
Episode 2	Time Taken: 31.20 sec	Score: -200.00	Score*: -184.98	State: -0.3782426141262034	Average Q-Target: -1.4966	Epsilon: 0.810	Average Score: -200.00	
Episode 3	Time Taken: 30.28 sec	Score: -200.00	Score*: -182.49	State: -0.403932843067132	Average Q-Target: -2.7572	Epsilon: 0.729	Average Score: -200.00	
Episode 4	Time Taken: 28.72 sec	Score: -200.00	Score*: -183.25	State: -0.39815477033476293	Average Q-Target: -3.5162	Epsilon: 0.656	Average Score: -200.00	
Episode 5	Time Taken: 28.02 sec	Score: -200.00	Score*: -189.89	State: -0.5434593653386336	Average Q-Target: -4.3073	Epsilon: 0.590	Average Score: -200.00	
Episode 6	Time Taken: 27.72 sec	Score: -200.00	Score*: -182.12	State: -0.6339373283584104	Average Q-Target: -5.2433	Epsilon: 0.531	Average Score: -200.00	
Episode 7	Time Taken: 29.11 sec	Score: -200.00	Score*: -170.27	State: -0.33714287223461414	Average Q-Target: -5.5676	Epsilon: 0.478	Average Score: -200.00	
Episode 8	Time Taken: 27.63 sec	Score: -200.00	Score*: -152.84	State: -0.14097758207058136	Average Q-Target: -6.6990	Epsilon: 0.430	Average Score: -200.00	
Episode 9	Time Taken: 27.52 sec	Score: -200.00	Score*: -177.25	State: -0.36793352993429485	Average Q-Target: -7.3481	Epsilon: 0.387	Average Score: -200.00	
Episode 10	Time Taken: 32.56 sec	Score: -200.00	Score*: -183.45	State: -0.6280191251882438	Average Q-Target: -7.9742	Epsilon: 0.349	Average Score: -200.00	
Episode 11	Time Taken: 37.89 sec	Score: -200.00	Score*: -166.37	State: -0.2479061981025325	Average Q-Target: -8.8972	Epsilon: 0.314	Average Score: -200.00	
Episode 12	Time Taken: 28.74 sec	Score: -200.00	Score*: -176.62	State: -0.8153119910549473	Average Q-Target: -9.8717	Epsilon: 0.282	Average Score: -200.00	
Episode 13	Time Taken: 39.39 sec	Score: -200.00	Score*: -146.41	State: -0.5120935286347879	Average Q-Target: -10.0693	Epsilon: 0.254	Average Score: -200.00	
Episode 14	Time Taken: 34.52 sec	Score: -200.00	Score*: -134.82	State: -1.0316320998878554	Average Q-Target: -11.0417	Epsilon: 0.229	Average Score: -200.00	
Episode 15	Time Taken: 33.07 sec	Score: -200.00	Score*: -140.10	State: 0.0020667746439583454	Average Q-Target: -11.5520	Epsilon: 0.206	Average Score: -200.00	
Episode 16	Time Taken: 35.89 sec	Score: -200.00	Score*: -168.89	State: -0.3710633777868804	Average Q-Target: -12.3194	Epsilon: 0.185	Average Score: -200.00	
Episode 17	Time Taken: 45.85 sec	Score: -200.00	Score*: -162.89	State: -1.1242299602571855	Average Q-Target: -13.0118	Epsilon: 0.167	Average Score: -200.00	
Episode 18	Time Taken: 24.83 sec	Score: -149.00	Score*: -93.14	State: 0.5000335700956491	Average Q-Target: -12.9540	Epsilon: 0.150	Average Score: -197.17	
Episode 19	Time Taken: 24.47 sec	Score: -159.00	Score*: -103.33	State: 0.5400209602123602	Average Q-Target: -13.2507	Epsilon: 0.135	Average Score: -195.16	
Episode 20	Time Taken: 27.97 sec	Score: -200.00	Score*: -166.42	State: -0.0390037654510207	Average Q-Target: -11.8198	Epsilon: 0.122	Average Score: -195.40	
Episode 21	Time Taken: 24.62 sec	Score: -159.00	Score*: -98.04	State: 0.5008579596312553	Average Q-Target: -15.0498	Epsilon: 0.109	Average Score: -193.67	
Episode 22	Time Taken: 27.12 sec	Score: -152.00	Score*: -89.66	State: 0.5252764098872827	Average Q-Target: -12.4144	Epsilon: 0.098	Average Score: -191.77	
Episode 23	Time Taken: 29.20 sec	Score: -152.00	Score*: -101.47	State: 0.5406511298906319	Average Q-Target: -14.3678	Epsilon: 0.089	Average Score: -190.04	
Episode 24	Time Taken: 27.21 sec	Score: -145.00	Score*: -90.42	State: 0.5339859297188106	Average Q-Target: -15.5211	Epsilon: 0.080	Average Score: -188.17	
Episode 25	Time Taken: 24.70 sec	Score: -165.00	Score*: -97.72	State: 0.5205105023286288	Average Q-Target: -18.2958	Epsilon: 0.072	Average Score: -187.24	
Episode 26	Time Taken: 28.61 sec	Score: -150.00	Score*: -106.40	State: 0.5196591312185113	Average Q-Target: -17.7326	Epsilon: 0.065	Average Score: -185.81	
Episode 27	Time Taken: 21.86 sec	Score: -153.00	Score*: -100.66	State: 0.5273389711620227	Average Q-Target: -15.0874	Epsilon: 0.058	Average Score: -184.59	
Episode 28	Time Taken: 22.52 sec	Score: -126.00	Score*: -92.26	State: 0.5123240795089256	Average Q-Target: -16.4526	Epsilon: 0.052	Average Score: -182.50	
Episode 29	Time Taken: 30.23 sec	Score: -160.00	Score*: -92.92	State: 0.5161750448191812	Average Q-Target: -19.0238	Epsilon: 0.047	Average Score: -181.72	
Episode 30	Time Taken: 18.70 sec	Score: -95.00	Score*: -67.98	State: 0.5002408860243088	Average Q-Target: -20.3724	Epsilon: 0.042	Average Score: -178.83	
Episode 31	Time Taken: 26.42 sec	Score: -145.00	Score*: -97.23	State: 0.5125636893089903	Average Q-Target: -21.4533	Epsilon: 0.038	Average Score: -177.74	
Episode 32	Time Taken: 22.03 sec	Score: -148.00	Score*: -86.41	State: 0.5149527827573741	Average Q-Target: -22.1305	Epsilon: 0.034	Average Score: -176.81	
Episode 33	Time Taken: 25.51 sec	Score: -147.00	Score*: -83.78	State: 0.5207926520545703	Average Q-Target: -19.0857	Epsilon: 0.031	Average Score: -175.91	
Episode 34	Time Taken: 23.95 sec	Score: -113.00	Score*: -80.83	State: 0.5057399711124011	Average Q-Target: -18.6389	Epsilon: 0.028	Average Score: -174.06	
Episode 35	Time Taken: 16.83 sec	Score: -118.00	Score*: -84.49	State: 0.5017898537542542	Average Q-Target: -22.6925	Epsilon: 0.025	Average Score: -172.46	
Episode 36	Time Taken: 24.65 sec	Score: -142.00	Score*: -89.72	State: 0.524057699146073	Average Q-Target: -18.9542	Epsilon: 0.023	Average Score: -171.61	
Episode 37	Time Taken: 23.28 sec	Score: -139.00	Score*: -83.01	State: 0.5368577983788596	Average Q-Target: -22.9495	Epsilon: 0.020	Average Score: -170.73	
Episode 38	Time Taken: 21.41 sec	Score: -142.00	Score*: -86.29	State: 0.5018113555169306	Average Q-Target: -26.1122	Epsilon: 0.018	Average Score: -169.97	
Episode 39	Time Taken: 24.53 sec	Score: -171.00	Score*: -114.06	State: 0.5316699606361425	Average Q-Target: -10.3395	Epsilon: 0.016	Average Score: -170.00	
Episode 40	Time Taken: 18.59 sec	Score: -102.00	Score*: -75.42	State: 0.5005628990622314	Average Q-Target: -12.8636	Epsilon: 0.015	Average Score: -168.30	
Episode 41	Time Taken: 23.54 sec	Score: -132.00	Score*: -82.62	State: 0.5359424073618013	Average Q-Target: -26.2015	Epsilon: 0.013	Average Score: -167.41	
Episode 42	Time Taken: 26.24 sec	Score: -149.00	Score*: -92.15	State: 0.5286435766448915	Average Q-Target: -27.1861	Epsilon: 0.012	Average Score: -166.98	
Episode 43	Time Taken: 24.45 sec	Score: -152.00	Score*: -95.35	State: 0.5324059737484923	Average Q-Target: -16.1555	Epsilon: 0.011	Average Score: -166.63	
Episode 44	Time Taken: 26.69 sec	Score: -147.00	Score*: -86.52	State: 0.5363917036843638	Average Q-Target: -20.4632	Epsilon: 0.010	Average Score: -166.18	
Episode 45	Time Taken: 28.94 sec	Score: -149.00	Score*: -85.22	State: 0.5066881541275664	Average Q-Target: -23.8755	Epsilon: 0.009	Average Score: -165.80	
Episode 46	Time Taken: 16.64 sec	Score: -89.00	Score*: -62.11	State: 0.5029657112679456	Average Q-Target: -25.3119	Epsilon: 0.008	Average Score: -164.13	
Episode 47	Time Taken: 16.27 sec	Score: -110.00	Score*: -68.63	State: 0.524842811918196	Average Q-Target: -23.1631	Epsilon: 0.007	Average Score: -162.98	
Episode 48	Time Taken: 21.04 sec	Score: -141.00	Score*: -87.05	State: 0.5196362614552552	Average Q-Target: -20.2575	Epsilon: 0.006	Average Score: -162.52	
Episode 49	Time Taken: 21.52 sec	Score: -147.00	Score*: -95.55	State: 0.5410727081567481	Average Q-Target: -2.6080	Epsilon: 0.006	Average Score: -162.20	
Episode 50	Time Taken: 15.28 sec	Score: -108.00	Score*: -72.73	State: 0.5146998759188631	Average Q-Target: -31.8692	Epsilon: 0.005	Average Score: -161.12	
Episode 51	Time Taken: 24.86 sec	Score: -149.00	Score*: -98.32	State: 0.5012249269439503	Average Q-Target: -29.5058	Epsilon: 0.005	Average Score: -160.88	
Episode 52	Time Taken: 31.50 sec	Score: -147.00	Score*: -88.27	State: 0.5237818099455149	Average Q-Target: -31.3989	Epsilon: 0.004	Average Score: -160.62	
Episode 53	Time Taken: 26.97 sec	Score: -146.00	Score*: -94.56	State: 0.5121262464090516	Average Q-Target: -31.9750	Epsilon: 0.004	Average Score: -160.34	
Episode 54	Time Taken: 21.38 sec	Score: -118.00	Score*: -87.19	State: 0.501861936429468	Average Q-Target: -25.7571	Epsilon: 0.003	Average Score: -159.56	
Episode 55	Time Taken: 24.19 sec	Score: -141.00	Score*: -90.69	State: 0.5141144930744188	Average Q-Target: -11.1534	Epsilon: 0.003	Average Score: -159.22	
Episode 56	Time Taken: 26.41 sec	Score: -150.00	Score*: -89.72	State: 0.521479840897329	Average Q-Target: -24.1581	Epsilon: 0.003	Average Score: -159.05	
Episode 57	Time Taken: 24.47 sec	Score: -144.00	Score*: -86.05	State: 0.5388817923912397	Average Q-Target: -30.1617	Epsilon: 0.002	Average Score: -158.79	
Episode 58	Time Taken: 21.97 sec	Score: -135.00	Score*: -79.27	State: 0.5171996084428573	Average Q-Target: -33.3732	Epsilon: 0.002	Average Score: -158.38	
Episode 59	Time Taken: 25.80 sec	Score: -156.00	Score*: -92.13	State: 0.5243881692372888	Average Q-Target: -25.8391	Epsilon: 0.002	Average Score: -158.34	
Episode 60	Time Taken: 13.63 sec	Score: -90.00	Score*: -63.19	State: 0.5136714672832625	Average Q-Target: -34.6990	Epsilon: 0.002	Average Score: -157.20	
Episode 61	Time Taken: 23.65 sec	Score: -144.00	Score*: -91.63	State: 0.5372011121411638	Average Q-Target: -33.0761	Epsilon: 0.002	Average Score: -156.98	
Episode 62	Time Taken: 23.72 sec	Score: -139.00	Score*: -84.79	State: 0.5392085738229861	Average Q-Target: -32.9810	Epsilon: 0.001	Average Score: -156.69	
Episode 63	Time Taken: 27.20 sec	Score: -163.00	Score*: -97.12	State: 0.5201808670836061	Average Q-Target: -23.4347	Epsilon: 0.001	Average Score: -156.79	
Episode 64	Time Taken: 27.95 sec	Score: -173.00	Score*: -105.36	State: 0.5243881692372888	Average Q-Target: -36.2606	Epsilon: 0.001	Average Score: -157.05	
Episode 65	Time Taken: 18.18 sec	Score: -98.00	Score*: -72.45	State: 0.5045582779065094	Average Q-Target: -32.9430	Epsilon: 0.001	Average Score: -156.14	
Episode 66	Time Taken: 27.78 sec	Score: -148.00	Score*: -92.05	State: 0.5368577983788596	Average Q-Target: -28.8475	Epsilon: 0.001	Average Score: -156.02	
Episode 67	Time Taken: 21.13 sec	Score: -144.00	Score*: -86.48	State: 0.5368577983788596	Average Q-Target: -32.8220	Epsilon: 0.001	Average Score: -155.84	
Episode 68	Time Taken: 12.60 sec	Score: -90.00	Score*: -63.34	State: 0.516630953322555	Average Q-Target: -31.7352	Epsilon: 0.001	Average Score: -154.87	
Episode 69	Time Taken: 23.57 sec	Score: -145.00	Score*: -84.37	State: 0.5243881692372888	Average Q-Target: -37.3177	Epsilon: 0.001	Average Score: -154.72	
Episode 70	Time Taken: 18.02 sec	Score: -94.00	Score*: -68.02	State: 0.51209590481283	Average Q-Target: -15.7152	Epsilon: 0.001	Average Score: -153.86	
Episode 71	Time Taken: 21.15 sec	Score: -144.00	Score*: -83.28	State: 0.5368577983788596	Average Q-Target: -31.6599	Epsilon: 0.001	Average Score: -153.72	
Episode 72	Time Taken: 30.14 sec	Score: -172.00	Score*: -113.71	State: 0.5368577983788596	Average Q-Target: -2.5206	Epsilon: 0.001	Average Score: -153.97	
Episode 73	Time Taken: 35.68 sec	Score: -140.00	Score*: -84.03	State: 0.5368577983788596	Average Q-Target: -31.1939	Epsilon: 0.001	Average Score: -153.78	
Episode 74	Time Taken: 26.98 sec	Score: -159.00	Score*: -98.24	State: 0.5213185364635474	Average Q-Target: -28.1781	Epsilon: 0.001	Average Score: -153.85	
Episode 75	Time Taken: 25.41 sec	Score: -140.00	Score*: -80.25	State: 0.5368577983788596	Average Q-Target: -6.0271	Epsilon: 0.001	Average Score: -153.67	
Episode 76	Time Taken: 37.10 sec	Score: -145.00	Score*: -87.54	State: 0.5358577983788596	Average Q-Target: -27.5656	Epsilon: 0.001	Average Score: -153.55	
Episode 77	Time Taken: 14.30 sec	Score: -89.00	Score*: -62.04	State: 0.5118292732145979	Average Q-Target: -1.2689	Epsilon: 0.001	Average Score: -152.71	
Episode 78	Time Taken: 16.02 sec	Score: -83.00	Score*: -54.94	State: 0.5072157067331102	Average Q-Target: -38.1022	Epsilon: 0.001	Average Score: -151.82	
Episode 79	Time Taken: 23.18 sec	Score: -138.00	Score*: -85.56	State: 0.5213185364635474	Average Q-Target: -30.0502	Epsilon: 0.001	Average Score: -151.65	
Episode 80	Time Taken: 14.22 sec	Score: -92.00	Score*: -64.83	State: 0.5085616958394817	Average Q-Target: -26.7906	Epsilon: 0.001	Average Score: -150.90	
Episode 81	Time Taken: 28.68 sec	Score: -156.00	Score*: -89.01	State: 0.5308428942261745	Average Q-Target: -33.2344	Epsilon: 0.001	Average Score: -150.96	
Episode 82	Time Taken: 18.25 sec	Score: -87.00	Score*: -60.04	State: 0.5105617687440583	Average Q-Target: -27.1565	Epsilon: 0.001	Average Score: -150.18	
Episode 83	Time Taken: 23.84 sec	Score: -136.00	Score*: -83.49	State: 0.5368577983788596	Average Q-Target: -3.8124	Epsilon: 0.001	Average Score: -150.01	
Episode 84	Time Taken: 30.46 sec	Score: -139.00	Score*: -88.20	State: 0.5201808670836061	Average Q-Target: -40.0846	Epsilon: 0.001	Average Score: -149.88	
Episode 85	Time Taken: 23.17 sec	Score: -144.00	Score*: -83.63	State: 0.5368577983788596	Average Q-Target: -2.5434	Epsilon: 0.001	Average Score: -149.81	
Episode 86	Time Taken: 17.59 sec	Score: -112.00	Score*: -76.40	State: 0.5132922587578133	Average Q-Target: -18.7973	Epsilon: 0.001	Average Score: -149.37	
Episode 87	Time Taken: 28.31 sec	Score: -163.00	Score*: -108.96	State: 0.5368577983788596	Average Q-Target: -6.8627	Epsilon: 0.001	Average Score: -149.53	
Episode 88	Time Taken: 21.92 sec	Score: -147.00	Score*: -83.81	State: 0.5058278308272699	Average Q-Target: -26.8909	Epsilon: 0.001	Average Score: -149.50	
Episode 89	Time Taken: 12.12 sec	Score: -85.00	Score*: -57.53	State: 0.5174990058966982	Average Q-Target: -0.3751	Epsilon: 0.001	Average Score: -148.78	
Episode 90	Time Taken: 24.57 sec	Score: -149.00	Score*: -85.90	State: 0.5308428942261745	Average Q-Target: -20.7037	Epsilon: 0.001	Average Score: -148.78	
Episode 91	Time Taken: 12.87 sec	Score: -87.00	Score*: -59.20	State: 0.5076096641867784	Average Q-Target: -16.7389	Epsilon: 0.001	Average Score: -148.10	
Episode 92	Time Taken: 17.19 sec	Score: -111.00	Score*: -80.62	State: 0.5065890112542232	Average Q-Target: -24.7057	Epsilon: 0.001	Average Score: -147.70	
Episode 93	Time Taken: 21.60 sec	Score: -110.00	Score*: -77.55	State: 0.5022190154695172	Average Q-Target: -4.3549	Epsilon: 0.001	Average Score: -147.29	
Episode 94	Time Taken: 12.87 sec	Score: -85.00	Score*: -56.71	State: 0.5103821589459481	Average Q-Target: -4.3712	Epsilon: 0.001	Average Score: -146.63	
Episode 95	Time Taken: 24.14 sec	Score: -148.00	Score*: -87.21	State: 0.5213185364635474	Average Q-Target: -13.4796	Epsilon: 0.001	Average Score: -146.64	
Episode 96	Time Taken: 13.93 sec	Score: -86.00	Score*: -57.75	State: 0.5172336338273842	Average Q-Target: -29.5792	Epsilon: 0.001	Average Score: -146.01	
Episode 97	Time Taken: 21.76 sec	Score: -142.00	Score*: -83.58	State: 0.5152819624510057	Average Q-Target: -43.4331	Epsilon: 0.001	Average Score: -145.97	
Episode 98	Time Taken: 17.08 sec	Score: -89.00	Score*: -61.92	State: 0.5078708294523593	Average Q-Target: -3.1032	Epsilon: 0.001	Average Score: -145.39	
Episode 99	Time Taken: 38.05 sec	Score: -142.00	Score*: -84.92	State: 0.5308428942261745	Average Q-Target: -10.9356	Epsilon: 0.001	Average Score: -145.35	
Episode 100	Time Taken: 13.98 sec	Score: -89.00	Score*: -62.22	State: 0.5114751780010254	Average Q-Target: -30.6135	Epsilon: 0.001	Average Score: -144.79	
Episode 101	Time Taken: 31.20 sec	Score: -141.00	Score*: -84.08	State: 0.5293935997252773	Average Q-Target: -38.9080	Epsilon: 0.001	Average Score: -144.20	
Episode 102	Time Taken: 18.50 sec	Score: -97.00	Score*: -71.44	State: 0.5147989077443118	Average Q-Target: -1.3295	Epsilon: 0.001	Average Score: -143.17	
Episode 103	Time Taken: 14.00 sec	Score: -86.00	Score*: -58.35	State: 0.5201750478125342	Average Q-Target: -42.1796	Epsilon: 0.001	Average Score: -142.03	
Episode 104	Time Taken: 27.21 sec	Score: -164.00	Score*: -107.07	State: 0.5201748916305962	Average Q-Target: -33.3721	Epsilon: 0.001	Average Score: -141.67	
Episode 105	Time Taken: 19.37 sec	Score: -85.00	Score*: -56.21	State: 0.5240720224447366	Average Q-Target: -36.2928	Epsilon: 0.001	Average Score: -140.52	
Episode 106	Time Taken: 24.20 sec	Score: -150.00	Score*: -88.66	State: 0.502237944183016	Average Q-Target: -39.8948	Epsilon: 0.001	Average Score: -140.02	
Episode 107	Time Taken: 24.92 sec	Score: -155.00	Score*: -101.29	State: 0.502602688132417	Average Q-Target: -33.0633	Epsilon: 0.001	Average Score: -139.57	
Episode 108	Time Taken: 13.34 sec	Score: -86.00	Score*: -58.37	State: 0.5017287428929931	Average Q-Target: -34.9603	Epsilon: 0.001	Average Score: -138.43	
Episode 109	Time Taken: 29.25 sec	Score: -154.00	Score*: -90.38	State: 0.5181748916305962	Average Q-Target: -33.7326	Epsilon: 0.001	Average Score: -137.97	
Episode 110	Time Taken: 32.18 sec	Score: -162.00	Score*: -94.31	State: 0.5201748916305962	Average Q-Target: -5.6657	Epsilon: 0.001	Average Score: -137.59	
Episode 111	Time Taken: 28.88 sec	Score: -150.00	Score*: -86.87	State: 0.502602688132417	Average Q-Target: -34.6712	Epsilon: 0.001	Average Score: -137.09	
Episode 112	Time Taken: 23.45 sec	Score: -158.00	Score*: -92.66	State: 0.5383021668685793	Average Q-Target: -33.6585	Epsilon: 0.001	Average Score: -136.67	
Episode 113	Time Taken: 20.88 sec	Score: -99.00	Score*: -73.58	State: 0.5136994870088079	Average Q-Target: -28.3558	Epsilon: 0.001	Average Score: -135.66	
Episode 114	Time Taken: 24.92 sec	Score: -164.00	Score*: -95.63	State: 0.5314492848879467	Average Q-Target: -13.5972	Epsilon: 0.001	Average Score: -135.30	
Episode 115	Time Taken: 15.10 sec	Score: -106.00	Score*: -71.28	State: 0.5083347259226774	Average Q-Target: -38.6861	Epsilon: 0.001	Average Score: -134.36	
Episode 116	Time Taken: 12.11 sec	Score: -87.00	Score*: -59.75	State: 0.5103014002475297	Average Q-Target: -17.3093	Epsilon: 0.001	Average Score: -133.23	
Episode 117	Time Taken: 15.37 sec	Score: -111.00	Score*: -67.50	State: 0.5365174247497418	Average Q-Target: -2.2314	Epsilon: 0.001	Average Score: -132.34	
Episode 118	Time Taken: 15.13 sec	Score: -109.00	Score*: -67.25	State: 0.5179413043539475	Average Q-Target: -30.6526	Epsilon: 0.001	Average Score: -131.94	
Episode 119	Time Taken: 12.47 sec	Score: -87.00	Score*: -59.86	State: 0.5200794507442216	Average Q-Target: -27.4208	Epsilon: 0.001	Average Score: -131.22	
Episode 120	Time Taken: 22.24 sec	Score: -159.00	Score*: -94.23	State: 0.5215296818778753	Average Q-Target: -28.2881	Epsilon: 0.001	Average Score: -130.81	
Episode 121	Time Taken: 19.94 sec	Score: -110.00	Score*: -67.34	State: 0.5344860062168126	Average Q-Target: -1.6903	Epsilon: 0.001	Average Score: -130.32	
Episode 122	Time Taken: 25.85 sec	Score: -157.00	Score*: -90.52	State: 0.5318208934604665	Average Q-Target: -8.0470	Epsilon: 0.001	Average Score: -130.37	
Episode 123	Time Taken: 30.54 sec	Score: -121.00	Score*: -83.73	State: 0.5211023257272162	Average Q-Target: -33.9047	Epsilon: 0.001	Average Score: -130.06	
Episode 124	Time Taken: 12.98 sec	Score: -87.00	Score*: -59.99	State: 0.517048404801772	Average Q-Target: -7.4774	Epsilon: 0.001	Average Score: -129.48	
Episode 125	Time Taken: 15.51 sec	Score: -109.00	Score*: -74.86	State: 0.5283930232664363	Average Q-Target: -34.3893	Epsilon: 0.001	Average Score: -128.92	
Episode 126	Time Taken: 15.58 sec	Score: -108.00	Score*: -70.24	State: 0.5352747385509055	Average Q-Target: -0.6580	Epsilon: 0.001	Average Score: -128.50	
Episode 127	Time Taken: 14.76 sec	Score: -106.00	Score*: -72.66	State: 0.5168728854585511	Average Q-Target: -7.2833	Epsilon: 0.001	Average Score: -128.03	
Episode 128	Time Taken: 14.79 sec	Score: -107.00	Score*: -68.47	State: 0.5096052862088765	Average Q-Target: -2.9712	Epsilon: 0.001	Average Score: -127.84	
Episode 129	Time Taken: 15.10 sec	Score: -88.00	Score*: -60.54	State: 0.5092502709620749	Average Q-Target: -21.0666	Epsilon: 0.001	Average Score: -127.12	
Episode 130	Time Taken: 21.58 sec	Score: -108.00	Score*: -70.83	State: 0.5225269940478988	Average Q-Target: -23.7504	Epsilon: 0.001	Average Score: -127.25	
Episode 131	Time Taken: 14.08 sec	Score: -88.00	Score*: -59.97	State: 0.516345647266445	Average Q-Target: -8.5892	Epsilon: 0.001	Average Score: -126.68	
Episode 132	Time Taken: 15.08 sec	Score: -109.00	Score*: -83.49	State: 0.5093288537333417	Average Q-Target: -20.4488	Epsilon: 0.001	Average Score: -126.29	
Episode 133	Time Taken: 15.81 sec	Score: -115.00	Score*: -72.83	State: 0.5270493618618414	Average Q-Target: -29.6377	Epsilon: 0.001	Average Score: -125.97	
Episode 134	Time Taken: 15.56 sec	Score: -111.00	Score*: -67.54	State: 0.5108682910213141	Average Q-Target: -15.7026	Epsilon: 0.001	Average Score: -125.95	
Episode 135	Time Taken: 19.67 sec	Score: -145.00	Score*: -82.26	State: 0.5163408088734291	Average Q-Target: -27.4511	Epsilon: 0.001	Average Score: -126.22	
Episode 136	Time Taken: 15.04 sec	Score: -110.00	Score*: -65.79	State: 0.5348503450329192	Average Q-Target: -18.5966	Epsilon: 0.001	Average Score: -125.90	
Episode 137	Time Taken: 15.65 sec	Score: -110.00	Score*: -71.36	State: 0.5126612118886027	Average Q-Target: -9.7830	Epsilon: 0.001	Average Score: -125.61	
Episode 138	Time Taken: 15.77 sec	Score: -113.00	Score*: -69.97	State: 0.5285247742930483	Average Q-Target: -20.5125	Epsilon: 0.001	Average Score: -125.32	
Episode 139	Time Taken: 15.51 sec	Score: -110.00	Score*: -71.47	State: 0.5044345459104447	Average Q-Target: -16.7082	Epsilon: 0.001	Average Score: -124.71	
Episode 140	Time Taken: 14.53 sec	Score: -105.00	Score*: -73.57	State: 0.5249076486488248	Average Q-Target: -27.9432	Epsilon: 0.001	Average Score: -124.74	
Episode 141	Time Taken: 15.27 sec	Score: -109.00	Score*: -76.40	State: 0.5014059448241323	Average Q-Target: -16.7841	Epsilon: 0.001	Average Score: -124.51	
Episode 142	Time Taken: 15.02 sec	Score: -110.00	Score*: -71.15	State: 0.5014431046892808	Average Q-Target: -41.0328	Epsilon: 0.001	Average Score: -124.12	
Episode 143	Time Taken: 16.29 sec	Score: -119.00	Score*: -78.30	State: 0.5243310094838033	Average Q-Target: -5.1357	Epsilon: 0.001	Average Score: -123.79	
Episode 144	Time Taken: 15.46 sec	Score: -113.00	Score*: -68.89	State: 0.5146674876615533	Average Q-Target: -21.5708	Epsilon: 0.001	Average Score: -123.45	
Episode 145	Time Taken: 14.37 sec	Score: -105.00	Score*: -72.87	State: 0.516724799951463	Average Q-Target: -10.3804	Epsilon: 0.001	Average Score: -123.01	
Episode 146	Time Taken: 12.10 sec	Score: -89.00	Score*: -61.75	State: 0.5155414548977919	Average Q-Target: -39.1693	Epsilon: 0.001	Average Score: -123.01	
Episode 147	Time Taken: 14.89 sec	Score: -108.00	Score*: -75.93	State: 0.5309193097461973	Average Q-Target: -1.7372	Epsilon: 0.001	Average Score: -122.99	
Episode 148	Time Taken: 15.09 sec	Score: -111.00	Score*: -71.41	State: 0.5125622221253647	Average Q-Target: -21.6480	Epsilon: 0.001	Average Score: -122.69	
Episode 149	Time Taken: 16.72 sec	Score: -114.00	Score*: -71.92	State: 0.5235775429597141	Average Q-Target: -42.4578	Epsilon: 0.001	Average Score: -122.36	
Episode 150	Time Taken: 14.63 sec	Score: -107.00	Score*: -73.60	State: 0.5336335003376845	Average Q-Target: -23.8334	Epsilon: 0.001	Average Score: -122.35	
Episode 151	Time Taken: 20.13 sec	Score: -146.00	Score*: -81.79	State: 0.5327854779224	Average Q-Target: -28.2886	Epsilon: 0.001	Average Score: -122.32	
Episode 152	Time Taken: 21.73 sec	Score: -148.00	Score*: -82.41	State: 0.5368577983788596	Average Q-Target: -26.5772	Epsilon: 0.001	Average Score: -122.33	
Episode 153	Time Taken: 15.69 sec	Score: -106.00	Score*: -70.02	State: 0.5251776765792345	Average Q-Target: -23.8297	Epsilon: 0.001	Average Score: -121.93	
Episode 154	Time Taken: 25.16 sec	Score: -142.00	Score*: -84.15	State: 0.5459522406984063	Average Q-Target: -5.0465	Epsilon: 0.001	Average Score: -122.17	
Episode 155	Time Taken: 15.33 sec	Score: -108.00	Score*: -68.49	State: 0.5431117492751663	Average Q-Target: -2.9259	Epsilon: 0.001	Average Score: -121.84	
Episode 156	Time Taken: 15.97 sec	Score: -114.00	Score*: -74.85	State: 0.534527675414561	Average Q-Target: -37.4622	Epsilon: 0.001	Average Score: -121.48	
Episode 157	Time Taken: 19.37 sec	Score: -141.00	Score*: -81.98	State: 0.5192771018929899	Average Q-Target: -27.6068	Epsilon: 0.001	Average Score: -121.45	
Episode 158	Time Taken: 12.47 sec	Score: -91.00	Score*: -64.81	State: 0.5049738281988868	Average Q-Target: -20.3156	Epsilon: 0.001	Average Score: -121.01	
Episode 159	Time Taken: 20.63 sec	Score: -151.00	Score*: -93.98	State: 0.5287560607433637	Average Q-Target: -39.7324	Epsilon: 0.001	Average Score: -120.96	
Episode 160	Time Taken: 19.94 sec	Score: -141.00	Score*: -84.17	State: 0.5036500966297519	Average Q-Target: -2.4548	Epsilon: 0.001	Average Score: -121.47	
Episode 161	Time Taken: 20.09 sec	Score: -140.00	Score*: -82.01	State: 0.5139313327463644	Average Q-Target: -35.6177	Epsilon: 0.001	Average Score: -121.43	
Episode 162	Time Taken: 12.61 sec	Score: -91.00	Score*: -64.86	State: 0.5026913583494977	Average Q-Target: -1.8793	Epsilon: 0.001	Average Score: -120.95	
Episode 163	Time Taken: 18.87 sec	Score: -136.00	Score*: -79.87	State: 0.5235371005657082	Average Q-Target: -13.7064	Epsilon: 0.001	Average Score: -120.68	
Episode 164	Time Taken: 12.23 sec	Score: -90.00	Score*: -63.14	State: 0.5049317849581784	Average Q-Target: -23.7573	Epsilon: 0.001	Average Score: -119.85	
Episode 165	Time Taken: 14.88 sec	Score: -108.00	Score*: -69.98	State: 0.5024369459290123	Average Q-Target: -15.4552	Epsilon: 0.001	Average Score: -119.95	
Episode 166	Time Taken: 12.32 sec	Score: -89.00	Score*: -61.80	State: 0.5085284321761185	Average Q-Target: -24.9660	Epsilon: 0.001	Average Score: -119.36	
Episode 167	Time Taken: 11.49 sec	Score: -83.00	Score*: -54.49	State: 0.5079486476940435	Average Q-Target: -8.3805	Epsilon: 0.001	Average Score: -118.75	
Episode 168	Time Taken: 18.91 sec	Score: -136.00	Score*: -82.39	State: 0.5267840243684146	Average Q-Target: -37.5640	Epsilon: 0.001	Average Score: -119.21	
Episode 169	Time Taken: 11.75 sec	Score: -85.00	Score*: -57.42	State: 0.5105628285050675	Average Q-Target: -6.2912	Epsilon: 0.001	Average Score: -118.61	
Episode 170	Time Taken: 21.35 sec	Score: -151.00	Score*: -95.26	State: 0.5342579800286283	Average Q-Target: -18.9976	Epsilon: 0.001	Average Score: -119.18	
Episode 171	Time Taken: 15.13 sec	Score: -108.00	Score*: -68.81	State: 0.5372128112822245	Average Q-Target: -27.5238	Epsilon: 0.001	Average Score: -118.82	
Episode 172	Time Taken: 21.46 sec	Score: -148.00	Score*: -83.11	State: 0.5308428942261745	Average Q-Target: -6.2109	Epsilon: 0.001	Average Score: -118.58	
Episode 173	Time Taken: 15.92 sec	Score: -116.00	Score*: -75.20	State: 0.5250950433642645	Average Q-Target: -24.0177	Epsilon: 0.001	Average Score: -118.34	
Episode 174	Time Taken: 15.70 sec	Score: -114.00	Score*: -68.68	State: 0.5256578829404062	Average Q-Target: -3.2317	Epsilon: 0.001	Average Score: -117.89	
Episode 175	Time Taken: 12.10 sec	Score: -89.00	Score*: -62.80	State: 0.5005481978640628	Average Q-Target: -41.1519	Epsilon: 0.001	Average Score: -117.38	
Episode 176	Time Taken: 12.13 sec	Score: -88.00	Score*: -61.30	State: 0.5077877241504403	Average Q-Target: -35.9032	Epsilon: 0.001	Average Score: -116.81	
Episode 177	Time Taken: 15.25 sec	Score: -112.00	Score*: -66.47	State: 0.5095129695494842	Average Q-Target: -31.6870	Epsilon: 0.001	Average Score: -117.04	
Episode 178	Time Taken: 15.33 sec	Score: -112.00	Score*: -66.27	State: 0.5173006108721513	Average Q-Target: -44.3631	Epsilon: 0.001	Average Score: -117.33	
Episode 179	Time Taken: 19.80 sec	Score: -147.00	Score*: -87.68	State: 0.5286872585326561	Average Q-Target: -17.5237	Epsilon: 0.001	Average Score: -117.42	
Episode 180	Time Taken: 17.45 sec	Score: -113.00	Score*: -67.14	State: 0.5395745625783597	Average Q-Target: -35.9113	Epsilon: 0.001	Average Score: -117.63	
Episode 181	Time Taken: 19.83 sec	Score: -144.00	Score*: -83.49	State: 0.5028110944658826	Average Q-Target: -21.2307	Epsilon: 0.001	Average Score: -117.51	
Episode 182	Time Taken: 16.01 sec	Score: -117.00	Score*: -77.11	State: 0.5211698222595578	Average Q-Target: -36.0764	Epsilon: 0.001	Average Score: -117.81	
Episode 183	Time Taken: 11.62 sec	Score: -85.00	Score*: -56.40	State: 0.5264810446151673	Average Q-Target: -2.4543	Epsilon: 0.001	Average Score: -117.30	
Episode 184	Time Taken: 15.87 sec	Score: -116.00	Score*: -73.90	State: 0.5224056144836187	Average Q-Target: -2.4049	Epsilon: 0.001	Average Score: -117.07	
Episode 185	Time Taken: 15.63 sec	Score: -114.00	Score*: -72.60	State: 0.5081375998837467	Average Q-Target: -19.4074	Epsilon: 0.001	Average Score: -116.77	
Episode 186	Time Taken: 15.32 sec	Score: -112.00	Score*: -73.36	State: 0.5287128622115462	Average Q-Target: -23.0460	Epsilon: 0.001	Average Score: -116.77	
Episode 187	Time Taken: 14.22 sec	Score: -104.00	Score*: -74.07	State: 0.5132032665831063	Average Q-Target: -8.0663	Epsilon: 0.001	Average Score: -116.18	
Episode 188	Time Taken: 15.09 sec	Score: -110.00	Score*: -65.95	State: 0.5338503450329192	Average Q-Target: -30.4646	Epsilon: 0.001	Average Score: -115.81	
Episode 189	Time Taken: 15.27 sec	Score: -112.00	Score*: -74.86	State: 0.5284499263223386	Average Q-Target: -16.0538	Epsilon: 0.001	Average Score: -116.08	
Episode 190	Time Taken: 15.31 sec	Score: -112.00	Score*: -68.52	State: 0.5308208934604665	Average Q-Target: -31.2185	Epsilon: 0.001	Average Score: -115.71	
Episode 191	Time Taken: 15.93 sec	Score: -115.00	Score*: -70.54	State: 0.5155098224226551	Average Q-Target: -33.9321	Epsilon: 0.001	Average Score: -115.99	
Episode 192	Time Taken: 20.90 sec	Score: -153.00	Score*: -102.58	State: 0.5173482101450663	Average Q-Target: -14.5837	Epsilon: 0.001	Average Score: -116.41	
Episode 193	Time Taken: 14.81 sec	Score: -108.00	Score*: -74.85	State: 0.5015036164680146	Average Q-Target: -21.6026	Epsilon: 0.001	Average Score: -116.39	
Episode 194	Time Taken: 15.68 sec	Score: -110.00	Score*: -69.56	State: 0.5161240373747323	Average Q-Target: -39.9557	Epsilon: 0.001	Average Score: -116.64	
Episode 195	Time Taken: 19.75 sec	Score: -142.00	Score*: -82.25	State: 0.5437170638529968	Average Q-Target: -21.5617	Epsilon: 0.001	Average Score: -116.58	
Episode 196	Time Taken: 14.89 sec	Score: -109.00	Score*: -69.54	State: 0.5390400870979469	Average Q-Target: -2.5363	Epsilon: 0.001	Average Score: -116.81	
Episode 197	Time Taken: 16.60 sec	Score: -121.00	Score*: -92.12	State: 0.5115459067677292	Average Q-Target: -32.2365	Epsilon: 0.001	Average Score: -116.60	
Episode 198	Time Taken: 16.25 sec	Score: -111.00	Score*: -75.56	State: 0.5262927703893602	Average Q-Target: -1.6171	Epsilon: 0.001	Average Score: -116.82	
Episode 199	Time Taken: 18.82 sec	Score: -137.00	Score*: -79.24	State: 0.5120238951926246	Average Q-Target: -41.8368	Epsilon: 0.001	Average Score: -116.77	
Episode 200	Time Taken: 19.95 sec	Score: -146.00	Score*: -90.50	State: 0.5317166577674337	Average Q-Target: -12.1919	Epsilon: 0.001	Average Score: -117.34	
Episode 201	Time Taken: 14.58 sec	Score: -107.00	Score*: -73.26	State: 0.5280377799228563	Average Q-Target: -27.0536	Epsilon: 0.001	Average Score: -117.00	
Episode 202	Time Taken: 15.66 sec	Score: -114.00	Score*: -71.67	State: 0.5059105064752868	Average Q-Target: -11.3529	Epsilon: 0.001	Average Score: -117.17	
Episode 203	Time Taken: 12.76 sec	Score: -91.00	Score*: -64.75	State: 0.5008038323406603	Average Q-Target: -35.8992	Epsilon: 0.001	Average Score: -117.22	
Episode 204	Time Taken: 15.05 sec	Score: -109.00	Score*: -64.39	State: 0.5168264933681779	Average Q-Target: -26.7522	Epsilon: 0.001	Average Score: -116.67	
Episode 205	Time Taken: 17.21 sec	Score: -111.00	Score*: -71.54	State: 0.5120605988449428	Average Q-Target: -11.2137	Epsilon: 0.001	Average Score: -116.93	
Episode 206	Time Taken: 14.58 sec	Score: -103.00	Score*: -76.88	State: 0.509953296348347	Average Q-Target: -16.2871	Epsilon: 0.001	Average Score: -116.46	
Episode 207	Time Taken: 21.07 sec	Score: -150.00	Score*: -90.14	State: 0.5331477393625738	Average Q-Target: -40.2553	Epsilon: 0.001	Average Score: -116.41	
Episode 208	Time Taken: 15.36 sec	Score: -111.00	Score*: -65.55	State: 0.5350340853548678	Average Q-Target: -27.8620	Epsilon: 0.001	Average Score: -116.66	
Episode 209	Time Taken: 15.82 sec	Score: -115.00	Score*: -71.29	State: 0.5306362989849487	Average Q-Target: -17.4981	Epsilon: 0.001	Average Score: -116.27	
Episode 210	Time Taken: 15.31 sec	Score: -111.00	Score*: -72.65	State: 0.5232452634460254	Average Q-Target: -20.0067	Epsilon: 0.001	Average Score: -115.76	
Episode 211	Time Taken: 15.66 sec	Score: -113.00	Score*: -72.08	State: 0.5015370955814453	Average Q-Target: -3.1938	Epsilon: 0.001	Average Score: -115.39	
Episode 212	Time Taken: 16.01 sec	Score: -115.00	Score*: -71.51	State: 0.5165246931678913	Average Q-Target: -23.3657	Epsilon: 0.001	Average Score: -114.96	
Episode 213	Time Taken: 21.97 sec	Score: -157.00	Score*: -91.02	State: 0.5178090808252538	Average Q-Target: -22.7589	Epsilon: 0.001	Average Score: -115.54	
Episode 214	Time Taken: 11.78 sec	Score: -85.00	Score*: -56.07	State: 0.5195843671738111	Average Q-Target: -34.1434	Epsilon: 0.001	Average Score: -114.75	
Episode 215	Time Taken: 15.03 sec	Score: -109.00	Score*: -64.40	State: 0.522362669739683	Average Q-Target: -26.0369	Epsilon: 0.001	Average Score: -114.78	
Episode 216	Time Taken: 15.58 sec	Score: -108.00	Score*: -69.70	State: 0.5394814151340037	Average Q-Target: -41.1768	Epsilon: 0.001	Average Score: -114.99	
Episode 217	Time Taken: 12.14 sec	Score: -85.00	Score*: -57.23	State: 0.5065383678303784	Average Q-Target: -43.4967	Epsilon: 0.001	Average Score: -114.73	
Episode 218	Time Taken: 12.05 sec	Score: -87.00	Score*: -59.21	State: 0.5134136735109474	Average Q-Target: -24.2733	Epsilon: 0.001	Average Score: -114.51	
Episode 219	Time Taken: 15.19 sec	Score: -111.00	Score*: -66.65	State: 0.5098437585630528	Average Q-Target: -7.3430	Epsilon: 0.001	Average Score: -114.75	
Episode 220	Time Taken: 11.61 sec	Score: -85.00	Score*: -57.03	State: 0.5130087596709165	Average Q-Target: -24.6767	Epsilon: 0.001	Average Score: -114.01	
Episode 221	Time Taken: 11.55 sec	Score: -84.00	Score*: -55.63	State: 0.5232105338943138	Average Q-Target: -15.8876	Epsilon: 0.001	Average Score: -113.75	
Episode 222	Time Taken: 13.51 sec	Score: -98.00	Score*: -72.59	State: 0.5056818118752993	Average Q-Target: -2.6712	Epsilon: 0.001	Average Score: -113.16	
Episode 223	Time Taken: 11.51 sec	Score: -83.00	Score*: -54.31	State: 0.5056491697525229	Average Q-Target: -17.6403	Epsilon: 0.001	Average Score: -112.78	
Episode 224	Time Taken: 14.79 sec	Score: -107.00	Score*: -67.26	State: 0.5120368475319328	Average Q-Target: -42.6008	Epsilon: 0.001	Average Score: -112.98	
Episode 225	Time Taken: 19.10 sec	Score: -138.00	Score*: -82.35	State: 0.5192345837778412	Average Q-Target: -19.0020	Epsilon: 0.001	Average Score: -113.27	
Episode 226	Time Taken: 14.44 sec	Score: -104.00	Score*: -79.04	State: 0.5028633887261212	Average Q-Target: -19.5681	Epsilon: 0.001	Average Score: -113.23	
Episode 227	Time Taken: 16.08 sec	Score: -113.00	Score*: -69.64	State: 0.5430342598715373	Average Q-Target: -35.7897	Epsilon: 0.001	Average Score: -113.30	
Episode 228	Time Taken: 19.19 sec	Score: -136.00	Score*: -79.11	State: 0.53282834164182	Average Q-Target: -26.5683	Epsilon: 0.001	Average Score: -113.59	
Episode 229	Time Taken: 12.08 sec	Score: -86.00	Score*: -58.62	State: 0.505831826484232	Average Q-Target: -33.8925	Epsilon: 0.001	Average Score: -113.57	
Episode 230	Time Taken: 11.89 sec	Score: -85.00	Score*: -57.41	State: 0.5153857082157116	Average Q-Target: -27.1611	Epsilon: 0.001	Average Score: -113.34	
Episode 231	Time Taken: 15.57 sec	Score: -109.00	Score*: -69.72	State: 0.5342338496330218	Average Q-Target: -30.4635	Epsilon: 0.001	Average Score: -113.55	
Episode 232	Time Taken: 12.36 sec	Score: -87.00	Score*: -60.09	State: 0.514384866474281	Average Q-Target: -5.1775	Epsilon: 0.001	Average Score: -113.33	
Episode 233	Time Taken: 15.71 sec	Score: -112.00	Score*: -68.57	State: 0.5447939923702491	Average Q-Target: -16.8089	Epsilon: 0.001	Average Score: -113.30	
Episode 234	Time Taken: 19.38 sec	Score: -138.00	Score*: -79.45	State: 0.5015148731925815	Average Q-Target: -20.4076	Epsilon: 0.001	Average Score: -113.57	
Episode 235	Time Taken: 16.51 sec	Score: -118.00	Score*: -73.98	State: 0.5220701698298948	Average Q-Target: -37.2454	Epsilon: 0.001	Average Score: -113.30	
Episode 236	Time Taken: 20.26 sec	Score: -144.00	Score*: -86.51	State: 0.5350151571524635	Average Q-Target: -17.4292	Epsilon: 0.001	Average Score: -113.64	
Episode 237	Time Taken: 14.37 sec	Score: -93.00	Score*: -67.37	State: 0.5001827594043313	Average Q-Target: -32.0467	Epsilon: 0.001	Average Score: -113.47	
Episode 238	Time Taken: 11.96 sec	Score: -85.00	Score*: -57.34	State: 0.5184344209932106	Average Q-Target: -35.9354	Epsilon: 0.001	Average Score: -113.19	
Episode 239	Time Taken: 12.57 sec	Score: -90.00	Score*: -63.62	State: 0.5073651522980529	Average Q-Target: -17.1605	Epsilon: 0.001	Average Score: -112.99	
Episode 240	Time Taken: 20.39 sec	Score: -146.00	Score*: -87.26	State: 0.507098270639369	Average Q-Target: -41.8870	Epsilon: 0.001	Average Score: -113.40	
Episode 241	Time Taken: 13.40 sec	Score: -98.00	Score*: -72.45	State: 0.5140163338879558	Average Q-Target: -29.4036	Epsilon: 0.001	Average Score: -113.29	
Episode 242	Time Taken: 12.05 sec	Score: -88.00	Score*: -60.68	State: 0.5221655613415628	Average Q-Target: -39.8719	Epsilon: 0.001	Average Score: -113.07	
Episode 243	Time Taken: 15.16 sec	Score: -110.00	Score*: -70.19	State: 0.5276771956603321	Average Q-Target: -22.8993	Epsilon: 0.001	Average Score: -112.98	
Episode 244	Time Taken: 12.92 sec	Score: -94.00	Score*: -68.22	State: 0.5101464894283904	Average Q-Target: -38.8347	Epsilon: 0.001	Average Score: -112.79	
Episode 245	Time Taken: 15.40 sec	Score: -112.00	Score*: -70.92	State: 0.5361373024968447	Average Q-Target: -19.7868	Epsilon: 0.001	Average Score: -112.86	
Episode 246	Time Taken: 19.72 sec	Score: -143.00	Score*: -86.90	State: 0.538779943878305	Average Q-Target: -26.8735	Epsilon: 0.001	Average Score: -113.40	
Episode 247	Time Taken: 14.92 sec	Score: -109.00	Score*: -69.55	State: 0.5409461638047373	Average Q-Target: -11.6425	Epsilon: 0.001	Average Score: -113.41	
Episode 248	Time Taken: 15.06 sec	Score: -110.00	Score*: -66.29	State: 0.5163408088734291	Average Q-Target: -18.7388	Epsilon: 0.001	Average Score: -113.40	
Episode 249	Time Taken: 15.19 sec	Score: -110.00	Score*: -69.10	State: 0.5076004228027523	Average Q-Target: -28.4666	Epsilon: 0.001	Average Score: -113.36	
Episode 250	Time Taken: 14.65 sec	Score: -107.00	Score*: -69.92	State: 0.512306515570866	Average Q-Target: -39.1839	Epsilon: 0.001	Average Score: -113.36	
Episode 251	Time Taken: 13.00 sec	Score: -95.00	Score*: -68.83	State: 0.5006700543095434	Average Q-Target: -32.8324	Epsilon: 0.001	Average Score: -112.85	
Episode 252	Time Taken: 11.98 sec	Score: -88.00	Score*: -61.50	State: 0.5001996952126092	Average Q-Target: -11.7402	Epsilon: 0.001	Average Score: -112.25	
Episode 253	Time Taken: 15.05 sec	Score: -111.00	Score*: -68.91	State: 0.5117437413703579	Average Q-Target: -13.7453	Epsilon: 0.001	Average Score: -112.30	
Episode 254	Time Taken: 20.17 sec	Score: -148.00	Score*: -88.51	State: 0.5358577983788596	Average Q-Target: -5.1835	Epsilon: 0.001	Average Score: -112.36	
Episode 255	Time Taken: 15.31 sec	Score: -112.00	Score*: -68.97	State: 0.5198090808252538	Average Q-Target: -14.5217	Epsilon: 0.001	Average Score: -112.40	
Episode 256	Time Taken: 15.23 sec	Score: -112.00	Score*: -68.06	State: 0.5092520621301637	Average Q-Target: -24.5958	Epsilon: 0.001	Average Score: -112.38	
Episode 257	Time Taken: 15.02 sec	Score: -110.00	Score*: -70.63	State: 0.5360260854743124	Average Q-Target: -3.8139	Epsilon: 0.001	Average Score: -112.07	
Episode 258	Time Taken: 11.80 sec	Score: -86.00	Score*: -58.62	State: 0.5175753336535325	Average Q-Target: -8.5921	Epsilon: 0.001	Average Score: -112.02	
Episode 259	Time Taken: 11.47 sec	Score: -84.00	Score*: -56.35	State: 0.5091421571797944	Average Q-Target: -42.9110	Epsilon: 0.001	Average Score: -111.35	
Episode 260	Time Taken: 14.82 sec	Score: -109.00	Score*: -68.24	State: 0.5010531476680504	Average Q-Target: -28.7057	Epsilon: 0.001	Average Score: -111.03	
Episode 261	Time Taken: 14.41 sec	Score: -106.00	Score*: -69.96	State: 0.5323488196768384	Average Q-Target: -39.9208	Epsilon: 0.001	Average Score: -110.69	
Episode 262	Time Taken: 14.82 sec	Score: -109.00	Score*: -69.14	State: 0.5236771485052335	Average Q-Target: -35.8265	Epsilon: 0.001	Average Score: -110.87	
Episode 263	Time Taken: 11.52 sec	Score: -84.00	Score*: -56.16	State: 0.5018281733899321	Average Q-Target: -39.2176	Epsilon: 0.001	Average Score: -110.35	
Episode 264	Time Taken: 19.54 sec	Score: -143.00	Score*: -86.27	State: 0.5001318521969009	Average Q-Target: -30.1253	Epsilon: 0.001	Average Score: -110.88	
Episode 265	Time Taken: 14.60 sec	Score: -107.00	Score*: -70.66	State: 0.5359659562449315	Average Q-Target: -44.8253	Epsilon: 0.001	Average Score: -110.87	
Episode 266	Time Taken: 13.22 sec	Score: -97.00	Score*: -71.27	State: 0.5028556767720264	Average Q-Target: -23.6788	Epsilon: 0.001	Average Score: -110.95	
Episode 267	Time Taken: 19.76 sec	Score: -144.00	Score*: -85.09	State: 0.5075451364198529	Average Q-Target: -10.9713	Epsilon: 0.001	Average Score: -111.56	
Episode 268	Time Taken: 15.12 sec	Score: -111.00	Score*: -69.79	State: 0.5253939455042196	Average Q-Target: -42.6171	Epsilon: 0.001	Average Score: -111.31	
Episode 269	Time Taken: 12.76 sec	Score: -94.00	Score*: -68.35	State: 0.5004912194712037	Average Q-Target: -22.6783	Epsilon: 0.001	Average Score: -111.40	
Episode 270	Time Taken: 15.62 sec	Score: -115.00	Score*: -69.36	State: 0.5324990062693098	Average Q-Target: -15.2123	Epsilon: 0.001	Average Score: -111.04	
Episode 271	Time Taken: 15.45 sec	Score: -113.00	Score*: -72.77	State: 0.505595947821897	Average Q-Target: -11.8108	Epsilon: 0.001	Average Score: -111.09	
Episode 272	Time Taken: 11.41 sec	Score: -84.00	Score*: -55.55	State: 0.5120459134519458	Average Q-Target: -39.9464	Epsilon: 0.001	Average Score: -110.45	
Episode 273	Time Taken: 13.30 sec	Score: -97.00	Score*: -71.48	State: 0.511951952130548	Average Q-Target: -9.6854	Epsilon: 0.001	Average Score: -110.26	
Episode 274	Time Taken: 12.02 sec	Score: -89.00	Score*: -62.75	State: 0.5036618796519042	Average Q-Target: -11.3615	Epsilon: 0.001	Average Score: -110.01	
Episode 275	Time Taken: 15.17 sec	Score: -111.00	Score*: -71.44	State: 0.5237501993248675	Average Q-Target: -16.7239	Epsilon: 0.001	Average Score: -110.23	
Episode 276	Time Taken: 15.74 sec	Score: -115.00	Score*: -74.96	State: 0.5024350563624378	Average Q-Target: -19.1837	Epsilon: 0.001	Average Score: -110.50	
Episode 277	Time Taken: 16.20 sec	Score: -117.00	Score*: -74.77	State: 0.52182805536763	Average Q-Target: -34.5314	Epsilon: 0.001	Average Score: -110.55	
Episode 278	Time Taken: 23.44 sec	Score: -150.00	Score*: -91.06	State: 0.5192345837778412	Average Q-Target: -13.6772	Epsilon: 0.001	Average Score: -110.93	
Episode 279	Time Taken: 11.93 sec	Score: -84.00	Score*: -56.20	State: 0.5057358454371058	Average Q-Target: -38.4417	Epsilon: 0.001	Average Score: -110.30	
Episode 280	Time Taken: 11.53 sec	Score: -84.00	Score*: -56.30	State: 0.507670925675381	Average Q-Target: -39.5452	Epsilon: 0.001	Average Score: -110.01	
Episode 281	Time Taken: 15.43 sec	Score: -113.00	Score*: -69.44	State: 0.5341280288938124	Average Q-Target: -15.4239	Epsilon: 0.001	Average Score: -109.70	
Episode 282	Time Taken: 11.45 sec	Score: -84.00	Score*: -56.45	State: 0.509018903322847	Average Q-Target: -25.9468	Epsilon: 0.001	Average Score: -109.37	
Episode 283	Time Taken: 11.64 sec	Score: -85.00	Score*: -57.46	State: 0.5095434872555406	Average Q-Target: -19.9333	Epsilon: 0.001	Average Score: -109.37	
Episode 284	Time Taken: 19.11 sec	Score: -140.00	Score*: -83.48	State: 0.5441449076649721	Average Q-Target: -15.5931	Epsilon: 0.001	Average Score: -109.61	
Episode 285	Time Taken: 18.17 sec	Score: -133.00	Score*: -86.30	State: 0.5351325417609138	Average Q-Target: -8.7036	Epsilon: 0.001	Average Score: -109.80	
Model training finished! 
Average Score over last 100 episodes: -109.8	Number of Episodes: 285
