Episode 1	Time Taken: 24.00 sec	Score: -200.00	Score*: -190.00	State: -0.5581426737598512	Average Q-Target: -0.9543	Epsilon: 0.900	Average Score: -200.00	
Episode 2	Time Taken: 34.70 sec	Score: -200.00	Score*: -168.98	State: -0.542068550921252	Average Q-Target: -1.7876	Epsilon: 0.810	Average Score: -200.00	
Episode 3	Time Taken: 33.34 sec	Score: -200.00	Score*: -184.51	State: -0.3629481618204373	Average Q-Target: -2.6319	Epsilon: 0.729	Average Score: -200.00	
Episode 4	Time Taken: 32.17 sec	Score: -200.00	Score*: -184.37	State: -0.6002969992323393	Average Q-Target: -3.5356	Epsilon: 0.656	Average Score: -200.00	
Episode 5	Time Taken: 34.57 sec	Score: -200.00	Score*: -171.14	State: -0.8359614753788421	Average Q-Target: -4.3496	Epsilon: 0.590	Average Score: -200.00	
Episode 6	Time Taken: 33.68 sec	Score: -200.00	Score*: -167.14	State: -0.7294117264386845	Average Q-Target: -5.1995	Epsilon: 0.531	Average Score: -200.00	
Episode 7	Time Taken: 30.97 sec	Score: -200.00	Score*: -168.18	State: -0.6937739848343044	Average Q-Target: -5.8423	Epsilon: 0.478	Average Score: -200.00	
Episode 8	Time Taken: 30.89 sec	Score: -200.00	Score*: -150.56	State: -0.9349357484938151	Average Q-Target: -6.7331	Epsilon: 0.430	Average Score: -200.00	
Episode 9	Time Taken: 30.81 sec	Score: -200.00	Score*: -140.87	State: -1.2	Average Q-Target: -6.9388	Epsilon: 0.387	Average Score: -200.00	
Episode 10	Time Taken: 33.86 sec	Score: -200.00	Score*: -176.60	State: -0.3795067485115426	Average Q-Target: -8.2721	Epsilon: 0.349	Average Score: -200.00	
Episode 11	Time Taken: 33.09 sec	Score: -200.00	Score*: -135.64	State: -1.2	Average Q-Target: -9.0278	Epsilon: 0.314	Average Score: -200.00	
Episode 12	Time Taken: 37.32 sec	Score: -200.00	Score*: -168.51	State: -1.033092767553848	Average Q-Target: -9.4240	Epsilon: 0.282	Average Score: -200.00	
Episode 13	Time Taken: 30.44 sec	Score: -165.00	Score*: 87.62	State: 0.5216093023085877	Average Q-Target: -9.6155	Epsilon: 0.254	Average Score: -197.31	
Episode 14	Time Taken: 34.07 sec	Score: -200.00	Score*: -153.43	State: -1.1529317932768255	Average Q-Target: -10.4380	Epsilon: 0.229	Average Score: -197.50	
Episode 15	Time Taken: 35.69 sec	Score: -200.00	Score*: -144.04	State: -1.1354829780802056	Average Q-Target: -8.4223	Epsilon: 0.206	Average Score: -197.67	
Episode 16	Time Taken: 30.29 sec	Score: -168.00	Score*: 79.41	State: 0.5057907359404039	Average Q-Target: -9.1636	Epsilon: 0.185	Average Score: -195.81	
Episode 17	Time Taken: 42.26 sec	Score: -200.00	Score*: -141.95	State: 0.5069541990147137	Average Q-Target: -11.5936	Epsilon: 0.167	Average Score: -196.06	
Episode 18	Time Taken: 38.26 sec	Score: -200.00	Score*: -140.40	State: -1.1824877964416842	Average Q-Target: -13.1605	Epsilon: 0.150	Average Score: -196.28	
Episode 19	Time Taken: 30.02 sec	Score: -175.00	Score*: 72.64	State: 0.509501147112948	Average Q-Target: -12.6255	Epsilon: 0.135	Average Score: -195.16	
Episode 20	Time Taken: 31.13 sec	Score: -173.00	Score*: 74.69	State: 0.5028561529194081	Average Q-Target: -13.3494	Epsilon: 0.122	Average Score: -194.05	
Episode 21	Time Taken: 33.07 sec	Score: -154.00	Score*: 101.79	State: 0.524518074751985	Average Q-Target: -13.4264	Epsilon: 0.109	Average Score: -192.14	
Episode 22	Time Taken: 28.18 sec	Score: -154.00	Score*: 106.30	State: 0.5168773001823795	Average Q-Target: -14.3028	Epsilon: 0.098	Average Score: -190.41	
Episode 23	Time Taken: 31.34 sec	Score: -156.00	Score*: 98.17	State: 0.5180161128341156	Average Q-Target: -16.1439	Epsilon: 0.089	Average Score: -188.91	
Episode 24	Time Taken: 38.88 sec	Score: -185.00	Score*: 62.81	State: 0.5122886094706268	Average Q-Target: -13.4504	Epsilon: 0.080	Average Score: -188.75	
Episode 25	Time Taken: 31.11 sec	Score: -151.00	Score*: 108.74	State: 0.5165647321364186	Average Q-Target: 4.3845	Epsilon: 0.072	Average Score: -187.24	
Episode 26	Time Taken: 39.63 sec	Score: -200.00	Score*: -141.42	State: 0.1649750652610875	Average Q-Target: -7.3113	Epsilon: 0.065	Average Score: -187.73	
Episode 27	Time Taken: 43.11 sec	Score: -200.00	Score*: -143.00	State: 0.14819442188395118	Average Q-Target: -11.7850	Epsilon: 0.058	Average Score: -188.19	
Episode 28	Time Taken: 38.87 sec	Score: -200.00	Score*: -131.00	State: -0.20009845171961702	Average Q-Target: -14.5674	Epsilon: 0.052	Average Score: -188.61	
Episode 29	Time Taken: 44.10 sec	Score: -200.00	Score*: -126.23	State: -0.7570446459951294	Average Q-Target: -16.9725	Epsilon: 0.047	Average Score: -189.00	
Episode 30	Time Taken: 36.31 sec	Score: -171.00	Score*: 78.33	State: 0.5111156894140237	Average Q-Target: -11.5109	Epsilon: 0.042	Average Score: -188.40	
Episode 31	Time Taken: 49.84 sec	Score: -200.00	Score*: -144.91	State: 0.33352378226327484	Average Q-Target: -14.8898	Epsilon: 0.038	Average Score: -188.77	
Episode 32	Time Taken: 41.50 sec	Score: -200.00	Score*: -138.91	State: -0.1707208845637358	Average Q-Target: -16.9638	Epsilon: 0.034	Average Score: -189.12	
Episode 33	Time Taken: 32.78 sec	Score: -163.00	Score*: 91.88	State: 0.5063432830805217	Average Q-Target: 51.8485	Epsilon: 0.031	Average Score: -188.33	
Episode 34	Time Taken: 32.29 sec	Score: -157.00	Score*: 96.28	State: 0.5019286347780627	Average Q-Target: -20.1228	Epsilon: 0.028	Average Score: -187.41	
Episode 35	Time Taken: 37.95 sec	Score: -200.00	Score*: -150.82	State: 0.2556883113146374	Average Q-Target: -16.4751	Epsilon: 0.025	Average Score: -187.77	
Episode 36	Time Taken: 26.39 sec	Score: -146.00	Score*: 99.33	State: 0.509545630916514	Average Q-Target: -17.7929	Epsilon: 0.023	Average Score: -186.61	
Episode 37	Time Taken: 25.92 sec	Score: -155.00	Score*: 108.57	State: 0.5200663123986662	Average Q-Target: -5.4952	Epsilon: 0.020	Average Score: -185.76	
Episode 38	Time Taken: 28.76 sec	Score: -158.00	Score*: 101.40	State: 0.5152295501541206	Average Q-Target: -8.7446	Epsilon: 0.018	Average Score: -185.03	
Episode 39	Time Taken: 28.17 sec	Score: -155.00	Score*: 98.53	State: 0.5075536654712028	Average Q-Target: -14.2917	Epsilon: 0.016	Average Score: -184.26	
Episode 40	Time Taken: 33.13 sec	Score: -175.00	Score*: 93.77	State: 0.5191770728862959	Average Q-Target: -18.3086	Epsilon: 0.015	Average Score: -184.03	
Episode 41	Time Taken: 29.53 sec	Score: -153.00	Score*: 100.85	State: 0.5194118936623341	Average Q-Target: -17.9060	Epsilon: 0.013	Average Score: -183.27	
Episode 42	Time Taken: 33.81 sec	Score: -151.00	Score*: 102.46	State: 0.5153691504718927	Average Q-Target: -24.8494	Epsilon: 0.012	Average Score: -182.50	
Episode 43	Time Taken: 42.32 sec	Score: -188.00	Score*: 80.71	State: 0.5083747978955251	Average Q-Target: -23.4269	Epsilon: 0.011	Average Score: -182.63	
Episode 44	Time Taken: 20.98 sec	Score: -105.00	Score*: 121.69	State: 0.5026214267888283	Average Q-Target: 32.3792	Epsilon: 0.010	Average Score: -180.86	
Episode 45	Time Taken: 38.71 sec	Score: -180.00	Score*: 90.28	State: 0.5368577983788596	Average Q-Target: 44.2939	Epsilon: 0.009	Average Score: -180.84	
Episode 46	Time Taken: 32.82 sec	Score: -151.00	Score*: 112.97	State: 0.5368577983788596	Average Q-Target: 29.9689	Epsilon: 0.008	Average Score: -180.20	
Episode 47	Time Taken: 26.55 sec	Score: -112.00	Score*: 119.03	State: 0.5123073233666635	Average Q-Target: -24.2319	Epsilon: 0.007	Average Score: -178.74	
Episode 48	Time Taken: 34.09 sec	Score: -146.00	Score*: 108.91	State: 0.5368577983788596	Average Q-Target: -21.2719	Epsilon: 0.006	Average Score: -178.06	
Episode 49	Time Taken: 21.17 sec	Score: -114.00	Score*: 110.95	State: 0.5003780078164136	Average Q-Target: 26.7231	Epsilon: 0.006	Average Score: -176.76	
Episode 50	Time Taken: 24.53 sec	Score: -109.00	Score*: 124.31	State: 0.5098877453275515	Average Q-Target: 94.4840	Epsilon: 0.005	Average Score: -175.40	
Episode 51	Time Taken: 27.73 sec	Score: -149.00	Score*: 113.22	State: 0.5242516936135081	Average Q-Target: -22.5057	Epsilon: 0.005	Average Score: -174.88	
Episode 52	Time Taken: 23.99 sec	Score: -141.00	Score*: 117.24	State: 0.5207926520545703	Average Q-Target: -18.1840	Epsilon: 0.004	Average Score: -174.23	
Episode 53	Time Taken: 28.39 sec	Score: -154.00	Score*: 101.76	State: 0.5201808670836061	Average Q-Target: -24.4572	Epsilon: 0.004	Average Score: -173.85	
Episode 54	Time Taken: 23.67 sec	Score: -106.00	Score*: 128.47	State: 0.5031641653671021	Average Q-Target: -21.1394	Epsilon: 0.003	Average Score: -172.59	
Episode 55	Time Taken: 20.39 sec	Score: -112.00	Score*: 117.15	State: 0.5106741580903545	Average Q-Target: 4.6511	Epsilon: 0.003	Average Score: -171.49	
Episode 56	Time Taken: 28.61 sec	Score: -148.00	Score*: 109.33	State: 0.5442353018533251	Average Q-Target: 71.1649	Epsilon: 0.003	Average Score: -171.07	
Episode 57	Time Taken: 27.51 sec	Score: -160.00	Score*: 95.88	State: 0.5368577983788596	Average Q-Target: -14.1064	Epsilon: 0.002	Average Score: -170.88	
Episode 58	Time Taken: 25.31 sec	Score: -149.00	Score*: 102.96	State: 0.5368577983788596	Average Q-Target: -28.4735	Epsilon: 0.002	Average Score: -170.50	
Episode 59	Time Taken: 22.90 sec	Score: -137.00	Score*: 117.37	State: 0.5207926520545703	Average Q-Target: 143.0838	Epsilon: 0.002	Average Score: -169.93	
Episode 60	Time Taken: 23.05 sec	Score: -138.00	Score*: 119.80	State: 0.5368577983788596	Average Q-Target: -28.0331	Epsilon: 0.002	Average Score: -169.40	
Episode 61	Time Taken: 24.14 sec	Score: -145.00	Score*: 112.09	State: 0.5213185364635474	Average Q-Target: 36.0304	Epsilon: 0.002	Average Score: -169.00	
Episode 62	Time Taken: 22.66 sec	Score: -133.00	Score*: 97.29	State: 0.5032083866538344	Average Q-Target: -25.9928	Epsilon: 0.001	Average Score: -168.42	
Episode 63	Time Taken: 25.86 sec	Score: -155.00	Score*: 111.07	State: 0.5368577983788596	Average Q-Target: 144.1405	Epsilon: 0.001	Average Score: -168.21	
Episode 64	Time Taken: 23.86 sec	Score: -143.00	Score*: 114.72	State: 0.5368577983788596	Average Q-Target: -30.5938	Epsilon: 0.001	Average Score: -167.81	
Episode 65	Time Taken: 23.40 sec	Score: -140.00	Score*: 115.76	State: 0.5216077120368507	Average Q-Target: -21.7577	Epsilon: 0.001	Average Score: -167.38	
Episode 66	Time Taken: 22.66 sec	Score: -136.00	Score*: 111.09	State: 0.5180861581176256	Average Q-Target: -30.2359	Epsilon: 0.001	Average Score: -166.91	
Episode 67	Time Taken: 28.40 sec	Score: -170.00	Score*: 86.05	State: 0.5216077120368507	Average Q-Target: 176.6109	Epsilon: 0.001	Average Score: -166.96	
Episode 68	Time Taken: 25.35 sec	Score: -151.00	Score*: 111.94	State: 0.5246370631455414	Average Q-Target: -17.8979	Epsilon: 0.001	Average Score: -166.72	
Episode 69	Time Taken: 24.17 sec	Score: -144.00	Score*: 114.55	State: 0.5338503450329192	Average Q-Target: -27.2791	Epsilon: 0.001	Average Score: -166.39	
Episode 70	Time Taken: 25.74 sec	Score: -154.00	Score*: 108.61	State: 0.5112106528975469	Average Q-Target: 80.3355	Epsilon: 0.001	Average Score: -166.21	
Episode 71	Time Taken: 26.07 sec	Score: -157.00	Score*: 82.45	State: 0.5119773133185472	Average Q-Target: 9.7272	Epsilon: 0.001	Average Score: -166.08	
Episode 72	Time Taken: 24.77 sec	Score: -148.00	Score*: 91.12	State: 0.5167633646473548	Average Q-Target: 8.6588	Epsilon: 0.001	Average Score: -165.83	
Episode 73	Time Taken: 23.12 sec	Score: -139.00	Score*: 113.70	State: 0.5338503450329192	Average Q-Target: -31.0557	Epsilon: 0.001	Average Score: -165.47	
Episode 74	Time Taken: 30.98 sec	Score: -161.00	Score*: 86.89	State: 0.5381122208748579	Average Q-Target: -25.6776	Epsilon: 0.001	Average Score: -165.41	
Episode 75	Time Taken: 26.74 sec	Score: -146.00	Score*: 107.46	State: 0.5369844327818017	Average Q-Target: 8.7529	Epsilon: 0.001	Average Score: -165.15	
Episode 76	Time Taken: 33.39 sec	Score: -200.00	Score*: -146.95	State: -0.20122996568717166	Average Q-Target: -18.6588	Epsilon: 0.001	Average Score: -165.61	
Episode 77	Time Taken: 15.87 sec	Score: -94.00	Score*: 132.65	State: 0.5002961197206033	Average Q-Target: 4.0540	Epsilon: 0.001	Average Score: -164.68	
Episode 78	Time Taken: 18.99 sec	Score: -114.00	Score*: 111.74	State: 0.5018799824913975	Average Q-Target: 167.3072	Epsilon: 0.001	Average Score: -164.03	
Episode 79	Time Taken: 33.27 sec	Score: -200.00	Score*: -183.43	State: -0.7539054750496399	Average Q-Target: -23.9346	Epsilon: 0.001	Average Score: -164.48	
Episode 80	Time Taken: 33.38 sec	Score: -200.00	Score*: -186.70	State: -0.6588952935156758	Average Q-Target: -20.2948	Epsilon: 0.001	Average Score: -164.93	
Episode 81	Time Taken: 33.27 sec	Score: -200.00	Score*: -186.19	State: -0.683707982507707	Average Q-Target: -21.9997	Epsilon: 0.001	Average Score: -165.36	
Episode 82	Time Taken: 16.77 sec	Score: -101.00	Score*: 124.97	State: 0.5107704047088143	Average Q-Target: -23.9713	Epsilon: 0.001	Average Score: -164.57	
Episode 83	Time Taken: 33.20 sec	Score: -200.00	Score*: -190.81	State: -0.6605764125577094	Average Q-Target: -25.9018	Epsilon: 0.001	Average Score: -165.00	
Episode 84	Time Taken: 33.25 sec	Score: -200.00	Score*: -197.09	State: -0.6706608485026186	Average Q-Target: -37.6207	Epsilon: 0.001	Average Score: -165.42	
Episode 85	Time Taken: 28.81 sec	Score: -172.00	Score*: 89.76	State: 0.5109547867196165	Average Q-Target: 163.1701	Epsilon: 0.001	Average Score: -165.49	
Episode 86	Time Taken: 33.38 sec	Score: -200.00	Score*: -188.54	State: -0.7242718074795392	Average Q-Target: 166.7594	Epsilon: 0.001	Average Score: -165.90	
Episode 87	Time Taken: 33.34 sec	Score: -200.00	Score*: -164.21	State: -1.0370529158913946	Average Q-Target: -19.1381	Epsilon: 0.001	Average Score: -166.29	
Episode 88	Time Taken: 19.32 sec	Score: -116.00	Score*: 110.02	State: 0.500501089395115	Average Q-Target: -30.3398	Epsilon: 0.001	Average Score: -165.72	
Episode 89	Time Taken: 14.64 sec	Score: -88.00	Score*: 140.20	State: 0.5028613065816248	Average Q-Target: 12.0335	Epsilon: 0.001	Average Score: -164.84	
Episode 90	Time Taken: 18.21 sec	Score: -109.00	Score*: 116.52	State: 0.5092182932362997	Average Q-Target: 9.3854	Epsilon: 0.001	Average Score: -164.22	
Episode 91	Time Taken: 15.42 sec	Score: -92.00	Score*: 136.12	State: 0.5111862225405106	Average Q-Target: -24.4929	Epsilon: 0.001	Average Score: -163.43	
Episode 92	Time Taken: 33.44 sec	Score: -200.00	Score*: -185.35	State: -0.25812194245131	Average Q-Target: 116.4928	Epsilon: 0.001	Average Score: -163.83	
Episode 93	Time Taken: 33.21 sec	Score: -200.00	Score*: -183.91	State: -0.7435451918991469	Average Q-Target: -24.1815	Epsilon: 0.001	Average Score: -164.22	
Episode 94	Time Taken: 14.80 sec	Score: -89.00	Score*: 139.81	State: 0.524872132336303	Average Q-Target: -29.5559	Epsilon: 0.001	Average Score: -163.41	
Episode 95	Time Taken: 26.83 sec	Score: -162.00	Score*: 95.61	State: 0.5368577983788596	Average Q-Target: -42.5523	Epsilon: 0.001	Average Score: -163.40	
Episode 96	Time Taken: 16.45 sec	Score: -99.00	Score*: 128.23	State: 0.5035888936570035	Average Q-Target: -39.6983	Epsilon: 0.001	Average Score: -162.73	
Episode 97	Time Taken: 27.10 sec	Score: -163.00	Score*: 102.39	State: 0.5214818815829445	Average Q-Target: 164.9954	Epsilon: 0.001	Average Score: -162.73	
Episode 98	Time Taken: 14.99 sec	Score: -89.00	Score*: 138.20	State: 0.5182241780083576	Average Q-Target: -14.1249	Epsilon: 0.001	Average Score: -161.98	
Episode 99	Time Taken: 28.22 sec	Score: -169.00	Score*: 82.34	State: 0.5067591371521987	Average Q-Target: 21.6810	Epsilon: 0.001	Average Score: -162.05	
Episode 100	Time Taken: 15.45 sec	Score: -92.00	Score*: 134.42	State: 0.5020756070941846	Average Q-Target: -6.8247	Epsilon: 0.001	Average Score: -161.35	
Episode 101	Time Taken: 25.78 sec	Score: -154.00	Score*: 101.55	State: 0.5320808987071437	Average Q-Target: 113.3464	Epsilon: 0.001	Average Score: -160.89	
Episode 102	Time Taken: 18.46 sec	Score: -111.00	Score*: 114.50	State: 0.5058498398928638	Average Q-Target: 45.4498	Epsilon: 0.001	Average Score: -160.00	
Episode 103	Time Taken: 14.33 sec	Score: -86.00	Score*: 142.46	State: 0.5191541745731174	Average Q-Target: 170.9893	Epsilon: 0.001	Average Score: -158.86	
Episode 104	Time Taken: 26.60 sec	Score: -154.00	Score*: 103.08	State: 0.5297560607433636	Average Q-Target: 28.0416	Epsilon: 0.001	Average Score: -158.40	
Episode 105	Time Taken: 14.27 sec	Score: -86.00	Score*: 142.20	State: 0.5031093384354409	Average Q-Target: 183.0529	Epsilon: 0.001	Average Score: -157.26	
Episode 106	Time Taken: 24.77 sec	Score: -149.00	Score*: 111.90	State: 0.5059990867788626	Average Q-Target: 42.2403	Epsilon: 0.001	Average Score: -156.75	
Episode 107	Time Taken: 24.42 sec	Score: -149.00	Score*: 105.84	State: 0.5181112203015864	Average Q-Target: 186.8890	Epsilon: 0.001	Average Score: -156.24	
Episode 108	Time Taken: 13.92 sec	Score: -85.00	Score*: 142.82	State: 0.5014320846914321	Average Q-Target: -9.8490	Epsilon: 0.001	Average Score: -155.09	
Episode 109	Time Taken: 25.92 sec	Score: -158.00	Score*: 107.24	State: 0.5341369876869267	Average Q-Target: 188.9132	Epsilon: 0.001	Average Score: -154.67	
Episode 110	Time Taken: 16.76 sec	Score: -102.00	Score*: 123.31	State: 0.5022552089879003	Average Q-Target: -1.3067	Epsilon: 0.001	Average Score: -153.69	
Episode 111	Time Taken: 17.40 sec	Score: -106.00	Score*: 118.96	State: 0.5028448802026584	Average Q-Target: -2.7980	Epsilon: 0.001	Average Score: -152.75	
Episode 112	Time Taken: 16.34 sec	Score: -99.00	Score*: 126.42	State: 0.5008446260093316	Average Q-Target: -10.0735	Epsilon: 0.001	Average Score: -151.74	
Episode 113	Time Taken: 15.63 sec	Score: -95.00	Score*: 130.78	State: 0.5077965771496253	Average Q-Target: -20.9256	Epsilon: 0.001	Average Score: -151.04	
Episode 114	Time Taken: 15.94 sec	Score: -97.00	Score*: 128.58	State: 0.5047563782909262	Average Q-Target: -9.5796	Epsilon: 0.001	Average Score: -150.01	
Episode 115	Time Taken: 25.02 sec	Score: -151.00	Score*: 104.42	State: 0.5020677700309667	Average Q-Target: 2.1279	Epsilon: 0.001	Average Score: -149.52	
Episode 116	Time Taken: 14.02 sec	Score: -85.00	Score*: 142.61	State: 0.5011948937208166	Average Q-Target: -17.6277	Epsilon: 0.001	Average Score: -148.69	
Episode 117	Time Taken: 25.03 sec	Score: -152.00	Score*: 98.62	State: 0.5221956646549122	Average Q-Target: -18.7426	Epsilon: 0.001	Average Score: -148.21	
Episode 118	Time Taken: 24.97 sec	Score: -152.00	Score*: 100.42	State: 0.5009037064191167	Average Q-Target: 81.2811	Epsilon: 0.001	Average Score: -147.73	
Episode 119	Time Taken: 14.14 sec	Score: -86.00	Score*: 141.22	State: 0.5034526417854649	Average Q-Target: 71.4590	Epsilon: 0.001	Average Score: -146.84	
Episode 120	Time Taken: 24.58 sec	Score: -150.00	Score*: 113.07	State: 0.5323853983336335	Average Q-Target: 165.6545	Epsilon: 0.001	Average Score: -146.61	
Episode 121	Time Taken: 25.11 sec	Score: -152.00	Score*: 101.14	State: 0.5084620360526626	Average Q-Target: 22.3418	Epsilon: 0.001	Average Score: -146.59	
Episode 122	Time Taken: 15.28 sec	Score: -93.00	Score*: 133.01	State: 0.5074677428543852	Average Q-Target: -22.0039	Epsilon: 0.001	Average Score: -145.98	
Episode 123	Time Taken: 27.73 sec	Score: -169.00	Score*: 89.41	State: 0.528994191441812	Average Q-Target: -11.3366	Epsilon: 0.001	Average Score: -146.11	
Episode 124	Time Taken: 14.95 sec	Score: -91.00	Score*: 136.09	State: 0.5081118278676936	Average Q-Target: -29.2036	Epsilon: 0.001	Average Score: -145.17	
Episode 125	Time Taken: 18.27 sec	Score: -111.00	Score*: 113.82	State: 0.5082326519908501	Average Q-Target: 104.2888	Epsilon: 0.001	Average Score: -144.77	
Episode 126	Time Taken: 18.70 sec	Score: -113.00	Score*: 116.75	State: 0.5104950568756291	Average Q-Target: 126.7478	Epsilon: 0.001	Average Score: -143.90	
Episode 127	Time Taken: 18.55 sec	Score: -113.00	Score*: 111.95	State: 0.5047732712432202	Average Q-Target: 0.3157	Epsilon: 0.001	Average Score: -143.03	
Episode 128	Time Taken: 19.08 sec	Score: -115.00	Score*: 122.50	State: 0.5188031125788755	Average Q-Target: 6.7983	Epsilon: 0.001	Average Score: -142.18	
Episode 129	Time Taken: 13.80 sec	Score: -84.00	Score*: 143.75	State: 0.512997673418367	Average Q-Target: 116.6055	Epsilon: 0.001	Average Score: -141.02	
Episode 130	Time Taken: 18.27 sec	Score: -111.00	Score*: 127.60	State: 0.5078473124750202	Average Q-Target: -15.8782	Epsilon: 0.001	Average Score: -140.42	
Episode 131	Time Taken: 17.21 sec	Score: -104.00	Score*: 122.34	State: 0.5032524868581898	Average Q-Target: 134.2950	Epsilon: 0.001	Average Score: -139.46	
Episode 132	Time Taken: 17.39 sec	Score: -106.00	Score*: 119.90	State: 0.5006923165702599	Average Q-Target: 60.2470	Epsilon: 0.001	Average Score: -138.52	
Episode 133	Time Taken: 18.60 sec	Score: -113.00	Score*: 129.86	State: 0.5054509182257716	Average Q-Target: 170.8265	Epsilon: 0.001	Average Score: -138.02	
Episode 134	Time Taken: 18.56 sec	Score: -113.00	Score*: 131.75	State: 0.5084927669622924	Average Q-Target: 177.6900	Epsilon: 0.001	Average Score: -137.58	
Episode 135	Time Taken: 20.12 sec	Score: -123.00	Score*: 112.06	State: 0.519556894346922	Average Q-Target: 167.8375	Epsilon: 0.001	Average Score: -136.81	
Episode 136	Time Taken: 18.95 sec	Score: -115.00	Score*: 129.59	State: 0.5018769199546235	Average Q-Target: 65.2040	Epsilon: 0.001	Average Score: -136.50	
Episode 137	Time Taken: 20.17 sec	Score: -123.00	Score*: 119.48	State: 0.5454194193780282	Average Q-Target: 102.0510	Epsilon: 0.001	Average Score: -136.18	
Episode 138	Time Taken: 19.10 sec	Score: -116.00	Score*: 128.42	State: 0.5402914030705562	Average Q-Target: -18.5037	Epsilon: 0.001	Average Score: -135.76	
Episode 139	Time Taken: 19.61 sec	Score: -119.00	Score*: 120.96	State: 0.535656769296665	Average Q-Target: 89.2423	Epsilon: 0.001	Average Score: -135.40	
Episode 140	Time Taken: 20.79 sec	Score: -126.00	Score*: 107.79	State: 0.5151284707044215	Average Q-Target: 79.2129	Epsilon: 0.001	Average Score: -134.91	
Episode 141	Time Taken: 19.36 sec	Score: -118.00	Score*: 113.70	State: 0.5210179870426825	Average Q-Target: 42.4407	Epsilon: 0.001	Average Score: -134.56	
Episode 142	Time Taken: 18.75 sec	Score: -114.00	Score*: 126.25	State: 0.5334359959528479	Average Q-Target: -28.1933	Epsilon: 0.001	Average Score: -134.19	
Episode 143	Time Taken: 20.10 sec	Score: -115.00	Score*: 126.38	State: 0.5161336899338216	Average Q-Target: 28.0601	Epsilon: 0.001	Average Score: -133.46	
Episode 144	Time Taken: 17.97 sec	Score: -109.00	Score*: 135.51	State: 0.5052351120253904	Average Q-Target: 159.9650	Epsilon: 0.001	Average Score: -133.50	
Episode 145	Time Taken: 18.75 sec	Score: -114.00	Score*: 122.50	State: 0.5039150983671059	Average Q-Target: 179.8498	Epsilon: 0.001	Average Score: -132.84	
Episode 146	Time Taken: 32.87 sec	Score: -200.00	Score*: -185.34	State: -0.8550194423328575	Average Q-Target: -27.1784	Epsilon: 0.001	Average Score: -133.33	
Episode 147	Time Taken: 18.58 sec	Score: -113.00	Score*: 121.54	State: 0.5272062542183875	Average Q-Target: 23.6416	Epsilon: 0.001	Average Score: -133.34	
Episode 148	Time Taken: 18.32 sec	Score: -111.00	Score*: 127.77	State: 0.5173337593983715	Average Q-Target: 188.4380	Epsilon: 0.001	Average Score: -132.99	
Episode 149	Time Taken: 18.19 sec	Score: -111.00	Score*: 126.58	State: 0.5062918458009632	Average Q-Target: 190.3467	Epsilon: 0.001	Average Score: -132.96	
Episode 150	Time Taken: 18.59 sec	Score: -114.00	Score*: 119.75	State: 0.5067347935168613	Average Q-Target: 12.2094	Epsilon: 0.001	Average Score: -133.01	
Episode 151	Time Taken: 18.75 sec	Score: -114.00	Score*: 118.03	State: 0.5149462474966403	Average Q-Target: 124.7048	Epsilon: 0.001	Average Score: -132.66	
Episode 152	Time Taken: 18.75 sec	Score: -114.00	Score*: 120.54	State: 0.531410349715543	Average Q-Target: 3.8648	Epsilon: 0.001	Average Score: -132.39	
Episode 153	Time Taken: 18.72 sec	Score: -114.00	Score*: 125.60	State: 0.5055601256791747	Average Q-Target: -19.6674	Epsilon: 0.001	Average Score: -131.99	
Episode 154	Time Taken: 19.16 sec	Score: -116.00	Score*: 120.31	State: 0.5056986919490917	Average Q-Target: 43.6039	Epsilon: 0.001	Average Score: -132.09	
Episode 155	Time Taken: 19.42 sec	Score: -117.00	Score*: 122.44	State: 0.5055412893898835	Average Q-Target: 48.1498	Epsilon: 0.001	Average Score: -132.14	
Episode 156	Time Taken: 18.86 sec	Score: -114.00	Score*: 128.72	State: 0.506210269231315	Average Q-Target: 67.3318	Epsilon: 0.001	Average Score: -131.80	
Episode 157	Time Taken: 19.64 sec	Score: -119.00	Score*: 112.64	State: 0.509192552689502	Average Q-Target: 19.7143	Epsilon: 0.001	Average Score: -131.39	
Episode 158	Time Taken: 17.86 sec	Score: -108.00	Score*: 121.78	State: 0.5200043860825392	Average Q-Target: -14.8014	Epsilon: 0.001	Average Score: -130.98	
Episode 159	Time Taken: 18.42 sec	Score: -112.00	Score*: 122.21	State: 0.5275270024931564	Average Q-Target: 151.8301	Epsilon: 0.001	Average Score: -130.73	
Episode 160	Time Taken: 18.26 sec	Score: -110.00	Score*: 126.14	State: 0.5006592491694823	Average Q-Target: 15.2935	Epsilon: 0.001	Average Score: -130.45	
Episode 161	Time Taken: 18.56 sec	Score: -113.00	Score*: 120.50	State: 0.5098083699452985	Average Q-Target: -5.5148	Epsilon: 0.001	Average Score: -130.13	
Episode 162	Time Taken: 19.71 sec	Score: -120.00	Score*: 112.10	State: 0.5169875469634614	Average Q-Target: 57.4003	Epsilon: 0.001	Average Score: -130.00	
Episode 163	Time Taken: 18.34 sec	Score: -111.00	Score*: 123.46	State: 0.5157534977660092	Average Q-Target: -16.6418	Epsilon: 0.001	Average Score: -129.56	
Episode 164	Time Taken: 19.64 sec	Score: -120.00	Score*: 111.80	State: 0.5165880757621175	Average Q-Target: 95.6641	Epsilon: 0.001	Average Score: -129.33	
Episode 165	Time Taken: 18.82 sec	Score: -114.00	Score*: 129.13	State: 0.5190052850831933	Average Q-Target: 7.2948	Epsilon: 0.001	Average Score: -129.07	
Episode 166	Time Taken: 14.54 sec	Score: -89.00	Score*: 138.44	State: 0.5020837638083275	Average Q-Target: 157.2384	Epsilon: 0.001	Average Score: -128.60	
Episode 167	Time Taken: 24.78 sec	Score: -150.00	Score*: 81.34	State: 0.5181889180743926	Average Q-Target: 97.0804	Epsilon: 0.001	Average Score: -128.40	
Episode 168	Time Taken: 18.14 sec	Score: -110.00	Score*: 127.69	State: 0.5028067557296518	Average Q-Target: 102.4143	Epsilon: 0.001	Average Score: -127.99	
Episode 169	Time Taken: 19.19 sec	Score: -116.00	Score*: 114.08	State: 0.5208143801052835	Average Q-Target: 91.5996	Epsilon: 0.001	Average Score: -127.71	
Episode 170	Time Taken: 25.14 sec	Score: -152.00	Score*: 108.45	State: 0.5375600528791183	Average Q-Target: 155.3678	Epsilon: 0.001	Average Score: -127.69	
Episode 171	Time Taken: 24.32 sec	Score: -148.00	Score*: 106.51	State: 0.5274183835908198	Average Q-Target: 1.1794	Epsilon: 0.001	Average Score: -127.60	
Episode 172	Time Taken: 17.75 sec	Score: -108.00	Score*: 125.37	State: 0.5258339596661504	Average Q-Target: 64.2605	Epsilon: 0.001	Average Score: -127.20	
Episode 173	Time Taken: 24.06 sec	Score: -146.00	Score*: 111.10	State: 0.5265758293781637	Average Q-Target: 17.6748	Epsilon: 0.001	Average Score: -127.27	
Episode 174	Time Taken: 24.02 sec	Score: -146.00	Score*: 106.50	State: 0.5368577983788596	Average Q-Target: 58.1438	Epsilon: 0.001	Average Score: -127.12	
Episode 175	Time Taken: 14.76 sec	Score: -90.00	Score*: 136.94	State: 0.5048207914955696	Average Q-Target: 11.0530	Epsilon: 0.001	Average Score: -126.56	
Episode 176	Time Taken: 14.47 sec	Score: -88.00	Score*: 138.97	State: 0.5183803848696729	Average Q-Target: 155.1847	Epsilon: 0.001	Average Score: -125.44	
Episode 177	Time Taken: 24.39 sec	Score: -148.00	Score*: 104.99	State: 0.5368577983788596	Average Q-Target: 78.5657	Epsilon: 0.001	Average Score: -125.98	
Episode 178	Time Taken: 25.59 sec	Score: -156.00	Score*: 96.35	State: 0.5334183836350991	Average Q-Target: 88.3075	Epsilon: 0.001	Average Score: -126.40	
Episode 179	Time Taken: 18.37 sec	Score: -111.00	Score*: 113.80	State: 0.5101162237451574	Average Q-Target: 103.2848	Epsilon: 0.001	Average Score: -125.51	
Episode 180	Time Taken: 24.77 sec	Score: -150.00	Score*: 103.74	State: 0.5090030512181968	Average Q-Target: -2.3812	Epsilon: 0.001	Average Score: -125.01	
Episode 181	Time Taken: 16.62 sec	Score: -101.00	Score*: 124.23	State: 0.5043903645807108	Average Q-Target: 85.2434	Epsilon: 0.001	Average Score: -124.02	
Episode 182	Time Taken: 24.88 sec	Score: -151.00	Score*: 109.56	State: 0.5368577983788596	Average Q-Target: -3.9687	Epsilon: 0.001	Average Score: -124.52	
Episode 183	Time Taken: 14.17 sec	Score: -86.00	Score*: 141.47	State: 0.5067254333823636	Average Q-Target: -0.3737	Epsilon: 0.001	Average Score: -123.38	
Episode 184	Time Taken: 24.20 sec	Score: -147.00	Score*: 109.07	State: 0.5374863330090303	Average Q-Target: 67.3089	Epsilon: 0.001	Average Score: -122.85	
Episode 185	Time Taken: 24.59 sec	Score: -148.00	Score*: 109.92	State: 0.5053581614538933	Average Q-Target: 102.4486	Epsilon: 0.001	Average Score: -122.61	
Episode 186	Time Taken: 26.19 sec	Score: -158.00	Score*: 100.64	State: 0.5298775391946525	Average Q-Target: 140.0265	Epsilon: 0.001	Average Score: -122.19	
Episode 187	Time Taken: 13.96 sec	Score: -85.00	Score*: 142.49	State: 0.5084865994773434	Average Q-Target: 48.4149	Epsilon: 0.001	Average Score: -121.04	
Episode 188	Time Taken: 24.98 sec	Score: -152.00	Score*: 100.37	State: 0.5400848798362201	Average Q-Target: 83.9199	Epsilon: 0.001	Average Score: -121.40	
Episode 189	Time Taken: 24.20 sec	Score: -147.00	Score*: 109.28	State: 0.5265758293781637	Average Q-Target: 55.6949	Epsilon: 0.001	Average Score: -121.99	
Episode 190	Time Taken: 24.25 sec	Score: -147.00	Score*: 108.12	State: 0.5265758293781637	Average Q-Target: 4.0177	Epsilon: 0.001	Average Score: -122.37	
Episode 191	Time Taken: 24.77 sec	Score: -151.00	Score*: 98.41	State: 0.5002762085246912	Average Q-Target: 32.1527	Epsilon: 0.001	Average Score: -122.96	
Episode 192	Time Taken: 19.36 sec	Score: -118.00	Score*: 106.54	State: 0.5000871954423356	Average Q-Target: 79.7069	Epsilon: 0.001	Average Score: -122.14	
Episode 193	Time Taken: 15.82 sec	Score: -96.00	Score*: 129.67	State: 0.5090630763463766	Average Q-Target: 23.5709	Epsilon: 0.001	Average Score: -121.10	
Episode 194	Time Taken: 24.43 sec	Score: -148.00	Score*: 104.14	State: 0.5249651000355764	Average Q-Target: 145.0403	Epsilon: 0.001	Average Score: -121.69	
Episode 195	Time Taken: 15.33 sec	Score: -93.00	Score*: 132.80	State: 0.5051959976813623	Average Q-Target: 10.3249	Epsilon: 0.001	Average Score: -121.00	
Episode 196	Time Taken: 25.05 sec	Score: -152.00	Score*: 104.87	State: 0.5187271987443646	Average Q-Target: 8.3236	Epsilon: 0.001	Average Score: -121.53	
Episode 197	Time Taken: 15.30 sec	Score: -93.00	Score*: 132.81	State: 0.5035606553233433	Average Q-Target: 79.8348	Epsilon: 0.001	Average Score: -120.83	
Episode 198	Time Taken: 24.62 sec	Score: -150.00	Score*: 106.17	State: 0.5363335240415597	Average Q-Target: 71.4044	Epsilon: 0.001	Average Score: -121.44	
Episode 199	Time Taken: 14.47 sec	Score: -88.00	Score*: 138.74	State: 0.5083555057749699	Average Q-Target: 31.7450	Epsilon: 0.001	Average Score: -120.63	
Episode 200	Time Taken: 16.85 sec	Score: -102.00	Score*: 123.20	State: 0.511656836626779	Average Q-Target: 39.6353	Epsilon: 0.001	Average Score: -120.73	
Episode 201	Time Taken: 18.90 sec	Score: -115.00	Score*: 109.71	State: 0.5083636720191396	Average Q-Target: 64.2044	Epsilon: 0.001	Average Score: -120.34	
Episode 202	Time Taken: 18.07 sec	Score: -110.00	Score*: 130.95	State: 0.5302847942249249	Average Q-Target: 11.7813	Epsilon: 0.001	Average Score: -120.33	
Episode 203	Time Taken: 13.99 sec	Score: -85.00	Score*: 142.55	State: 0.5120734995994284	Average Q-Target: 55.0753	Epsilon: 0.001	Average Score: -120.32	
Episode 204	Time Taken: 17.61 sec	Score: -106.00	Score*: 131.24	State: 0.5125692591159589	Average Q-Target: 7.6842	Epsilon: 0.001	Average Score: -119.84	
Episode 205	Time Taken: 18.11 sec	Score: -110.00	Score*: 119.46	State: 0.5163252767656186	Average Q-Target: 7.1270	Epsilon: 0.001	Average Score: -120.08	
Episode 206	Time Taken: 14.87 sec	Score: -91.00	Score*: 135.68	State: 0.5066968700283939	Average Q-Target: 38.1514	Epsilon: 0.001	Average Score: -119.50	
Episode 207	Time Taken: 17.24 sec	Score: -105.00	Score*: 119.98	State: 0.5065321526904342	Average Q-Target: 76.2847	Epsilon: 0.001	Average Score: -119.06	
Episode 208	Time Taken: 17.89 sec	Score: -109.00	Score*: 130.31	State: 0.5117743336381718	Average Q-Target: 23.1812	Epsilon: 0.001	Average Score: -119.30	
Episode 209	Time Taken: 18.54 sec	Score: -113.00	Score*: 130.42	State: 0.5368577983788596	Average Q-Target: 60.0837	Epsilon: 0.001	Average Score: -118.85	
Episode 210	Time Taken: 17.60 sec	Score: -107.00	Score*: 124.16	State: 0.5109016974945154	Average Q-Target: 123.3172	Epsilon: 0.001	Average Score: -118.90	
Episode 211	Time Taken: 18.26 sec	Score: -107.00	Score*: 127.12	State: 0.5113983307468873	Average Q-Target: 37.6754	Epsilon: 0.001	Average Score: -118.91	
Episode 212	Time Taken: 20.38 sec	Score: -110.00	Score*: 123.08	State: 0.5190005112512617	Average Q-Target: 52.0980	Epsilon: 0.001	Average Score: -119.02	
Episode 213	Time Taken: 18.34 sec	Score: -108.00	Score*: 117.87	State: 0.5047886619232692	Average Q-Target: 37.2356	Epsilon: 0.001	Average Score: -119.15	
Episode 214	Time Taken: 13.88 sec	Score: -84.00	Score*: 144.55	State: 0.5008572429335981	Average Q-Target: 22.6894	Epsilon: 0.001	Average Score: -119.02	
Episode 215	Time Taken: 19.10 sec	Score: -116.00	Score*: 120.46	State: 0.5025696174791727	Average Q-Target: 88.4116	Epsilon: 0.001	Average Score: -118.67	
Episode 216	Time Taken: 18.86 sec	Score: -114.00	Score*: 126.51	State: 0.5220959579248199	Average Q-Target: 176.9847	Epsilon: 0.001	Average Score: -118.96	
Episode 217	Time Taken: 14.41 sec	Score: -88.00	Score*: 139.60	State: 0.5080348361967486	Average Q-Target: 54.7860	Epsilon: 0.001	Average Score: -118.32	
Episode 218	Time Taken: 14.24 sec	Score: -86.00	Score*: 141.60	State: 0.5118479978830662	Average Q-Target: 120.2354	Epsilon: 0.001	Average Score: -117.66	
Episode 219	Time Taken: 18.52 sec	Score: -113.00	Score*: 130.97	State: 0.5255951108459295	Average Q-Target: 152.4501	Epsilon: 0.001	Average Score: -117.93	
Episode 220	Time Taken: 14.19 sec	Score: -86.00	Score*: 140.85	State: 0.5047249253604975	Average Q-Target: 162.6665	Epsilon: 0.001	Average Score: -117.29	
Episode 221	Time Taken: 13.94 sec	Score: -85.00	Score*: 142.84	State: 0.5090803051441617	Average Q-Target: 9.7425	Epsilon: 0.001	Average Score: -116.62	
Episode 222	Time Taken: 18.00 sec	Score: -109.00	Score*: 119.46	State: 0.5084385702119769	Average Q-Target: 44.1992	Epsilon: 0.001	Average Score: -116.78	
Episode 223	Time Taken: 13.62 sec	Score: -83.00	Score*: 145.69	State: 0.5056491697525229	Average Q-Target: 163.9041	Epsilon: 0.001	Average Score: -115.92	
Episode 224	Time Taken: 17.06 sec	Score: -104.00	Score*: 131.48	State: 0.5066749741107585	Average Q-Target: 103.3694	Epsilon: 0.001	Average Score: -116.05	
Episode 225	Time Taken: 17.87 sec	Score: -109.00	Score*: 122.31	State: 0.5207500464779096	Average Q-Target: 107.4770	Epsilon: 0.001	Average Score: -116.03	
Episode 226	Time Taken: 17.14 sec	Score: -104.00	Score*: 124.93	State: 0.5204064950207712	Average Q-Target: 169.4564	Epsilon: 0.001	Average Score: -115.94	
Episode 227	Time Taken: 17.50 sec	Score: -107.00	Score*: 131.54	State: 0.5317171433791711	Average Q-Target: 129.3286	Epsilon: 0.001	Average Score: -115.88	
Episode 228	Time Taken: 16.69 sec	Score: -101.00	Score*: 127.21	State: 0.5166461493205075	Average Q-Target: 70.8712	Epsilon: 0.001	Average Score: -115.74	
Episode 229	Time Taken: 14.44 sec	Score: -88.00	Score*: 139.40	State: 0.5146801135694756	Average Q-Target: 44.4088	Epsilon: 0.001	Average Score: -115.78	
Episode 230	Time Taken: 14.86 sec	Score: -90.00	Score*: 137.44	State: 0.5171138048453845	Average Q-Target: 153.6463	Epsilon: 0.001	Average Score: -115.57	
Episode 231	Time Taken: 17.69 sec	Score: -107.00	Score*: 132.49	State: 0.5344971780245142	Average Q-Target: 77.6182	Epsilon: 0.001	Average Score: -115.60	
Episode 232	Time Taken: 14.62 sec	Score: -89.00	Score*: 138.49	State: 0.5020132366711697	Average Q-Target: 131.3548	Epsilon: 0.001	Average Score: -115.43	
Episode 233	Time Taken: 17.53 sec	Score: -106.00	Score*: 131.75	State: 0.5169453804762162	Average Q-Target: 20.3566	Epsilon: 0.001	Average Score: -115.36	
Episode 234	Time Taken: 13.79 sec	Score: -84.00	Score*: 144.06	State: 0.5147636368762293	Average Q-Target: 16.9661	Epsilon: 0.001	Average Score: -115.07	
Episode 235	Time Taken: 17.80 sec	Score: -108.00	Score*: 129.80	State: 0.5045477413256447	Average Q-Target: 101.5028	Epsilon: 0.001	Average Score: -114.92	
Episode 236	Time Taken: 17.12 sec	Score: -104.00	Score*: 128.43	State: 0.5191928739152414	Average Q-Target: 90.7064	Epsilon: 0.001	Average Score: -114.81	
Episode 237	Time Taken: 16.82 sec	Score: -102.00	Score*: 126.57	State: 0.5139544995934736	Average Q-Target: 35.3359	Epsilon: 0.001	Average Score: -114.60	
Episode 238	Time Taken: 14.15 sec	Score: -86.00	Score*: 142.03	State: 0.5116965155713951	Average Q-Target: 132.1873	Epsilon: 0.001	Average Score: -114.30	
Episode 239	Time Taken: 14.78 sec	Score: -90.00	Score*: 136.34	State: 0.5011337895996405	Average Q-Target: 47.1156	Epsilon: 0.001	Average Score: -114.01	
Episode 240	Time Taken: 14.94 sec	Score: -91.00	Score*: 135.51	State: 0.5175176756119358	Average Q-Target: 71.1561	Epsilon: 0.001	Average Score: -113.66	
Episode 241	Time Taken: 16.17 sec	Score: -99.00	Score*: 126.52	State: 0.5111496109216139	Average Q-Target: 32.5388	Epsilon: 0.001	Average Score: -113.47	
Episode 242	Time Taken: 14.37 sec	Score: -88.00	Score*: 139.02	State: 0.5182993605990837	Average Q-Target: 138.3462	Epsilon: 0.001	Average Score: -113.21	
Episode 243	Time Taken: 17.09 sec	Score: -104.00	Score*: 129.37	State: 0.5042556467738019	Average Q-Target: 166.6047	Epsilon: 0.001	Average Score: -113.10	
Episode 244	Time Taken: 15.40 sec	Score: -94.00	Score*: 131.91	State: 0.5122118147048317	Average Q-Target: 38.9937	Epsilon: 0.001	Average Score: -112.95	
Episode 245	Time Taken: 17.26 sec	Score: -105.00	Score*: 128.50	State: 0.5200642684960702	Average Q-Target: 160.1430	Epsilon: 0.001	Average Score: -112.86	
Episode 246	Time Taken: 17.31 sec	Score: -105.00	Score*: 128.39	State: 0.5231134630489165	Average Q-Target: 46.2612	Epsilon: 0.001	Average Score: -111.91	
Episode 247	Time Taken: 17.76 sec	Score: -107.00	Score*: 125.41	State: 0.5204952127146736	Average Q-Target: 132.2814	Epsilon: 0.001	Average Score: -111.85	
Episode 248	Time Taken: 18.00 sec	Score: -109.00	Score*: 130.41	State: 0.5017424814672964	Average Q-Target: 57.9879	Epsilon: 0.001	Average Score: -111.83	
Episode 249	Time Taken: 17.85 sec	Score: -108.00	Score*: 126.44	State: 0.5063992576689627	Average Q-Target: 178.3673	Epsilon: 0.001	Average Score: -111.80	
Episode 250	Time Taken: 17.29 sec	Score: -105.00	Score*: 127.85	State: 0.5046570422939873	Average Q-Target: 73.1247	Epsilon: 0.001	Average Score: -111.71	
Episode 251	Time Taken: 14.81 sec	Score: -90.00	Score*: 136.19	State: 0.5040595738424095	Average Q-Target: 17.6377	Epsilon: 0.001	Average Score: -111.47	
Episode 252	Time Taken: 14.65 sec	Score: -89.00	Score*: 137.71	State: 0.5186597394758082	Average Q-Target: 69.7192	Epsilon: 0.001	Average Score: -111.22	
Episode 253	Time Taken: 17.96 sec	Score: -109.00	Score*: 130.07	State: 0.509720240359693	Average Q-Target: 123.0013	Epsilon: 0.001	Average Score: -111.17	
Episode 254	Time Taken: 19.39 sec	Score: -118.00	Score*: 106.56	State: 0.5007594064172866	Average Q-Target: 112.5099	Epsilon: 0.001	Average Score: -111.19	
Episode 255	Time Taken: 17.39 sec	Score: -105.00	Score*: 130.26	State: 0.513617714594025	Average Q-Target: 105.9105	Epsilon: 0.001	Average Score: -111.07	
Episode 256	Time Taken: 18.00 sec	Score: -109.00	Score*: 127.99	State: 0.533686143823433	Average Q-Target: 46.7790	Epsilon: 0.001	Average Score: -111.02	
Episode 257	Time Taken: 19.17 sec	Score: -108.00	Score*: 128.77	State: 0.5310269081279367	Average Q-Target: 64.0346	Epsilon: 0.001	Average Score: -110.91	
Episode 258	Time Taken: 15.76 sec	Score: -86.00	Score*: 141.59	State: 0.5188336287969592	Average Q-Target: 145.0552	Epsilon: 0.001	Average Score: -110.69	
Episode 259	Time Taken: 14.37 sec	Score: -84.00	Score*: 143.98	State: 0.5127172173919637	Average Q-Target: 63.3628	Epsilon: 0.001	Average Score: -110.41	
Episode 260	Time Taken: 18.20 sec	Score: -111.00	Score*: 127.02	State: 0.5268277245475737	Average Q-Target: 18.2253	Epsilon: 0.001	Average Score: -110.42	
Episode 261	Time Taken: 17.16 sec	Score: -105.00	Score*: 129.84	State: 0.5294859761992845	Average Q-Target: 181.4309	Epsilon: 0.001	Average Score: -110.34	
Episode 262	Time Taken: 17.51 sec	Score: -106.00	Score*: 130.24	State: 0.5107712149524293	Average Q-Target: 156.9671	Epsilon: 0.001	Average Score: -110.20	
Episode 263	Time Taken: 13.80 sec	Score: -84.00	Score*: 143.84	State: 0.5018281733899321	Average Q-Target: 26.4522	Epsilon: 0.001	Average Score: -109.93	
Episode 264	Time Taken: 24.20 sec	Score: -146.00	Score*: 111.24	State: 0.5286319109452013	Average Q-Target: 177.4913	Epsilon: 0.001	Average Score: -110.19	
Episode 265	Time Taken: 18.83 sec	Score: -114.00	Score*: 126.19	State: 0.5337829533392001	Average Q-Target: 81.1458	Epsilon: 0.001	Average Score: -110.19	
Episode 266	Time Taken: 15.76 sec	Score: -95.00	Score*: 130.89	State: 0.5146054777386294	Average Q-Target: 19.9289	Epsilon: 0.001	Average Score: -110.25	
Episode 267	Time Taken: 17.17 sec	Score: -104.00	Score*: 126.64	State: 0.5049915520489058	Average Q-Target: 56.7628	Epsilon: 0.001	Average Score: -109.79	
Episode 268	Time Taken: 18.06 sec	Score: -110.00	Score*: 129.64	State: 0.5193957933187523	Average Q-Target: 163.3922	Epsilon: 0.001	Average Score: -109.79	
Episode 269	Time Taken: 15.79 sec	Score: -96.00	Score*: 129.76	State: 0.5062482264734126	Average Q-Target: 76.4373	Epsilon: 0.001	Average Score: -109.59	
Episode 270	Time Taken: 19.70 sec	Score: -120.00	Score*: 125.78	State: 0.5371543805870708	Average Q-Target: 71.6370	Epsilon: 0.001	Average Score: -109.27	
Episode 271	Time Taken: 17.28 sec	Score: -105.00	Score*: 129.57	State: 0.5288425175687761	Average Q-Target: 97.6785	Epsilon: 0.001	Average Score: -108.84	
