Episode 115     Time Taken: 17.30 sec   Score: -115.00  Score*: -31.78  State: 0.5189686742891527       Average Q-Target: -3.8103       Epsilon: 0.001  Average Score: -134.48
Episode 116     Time Taken: 23.25 sec   Score: -145.00  Score*: -15.46  State: 0.5191940905967669       Average Q-Target: -19.4349      Epsilon: 0.001  Average Score: -134.38
Episode 117     Time Taken: 16.80 sec   Score: -112.00  Score*: -20.44  State: 0.533504941492297        Average Q-Target: -1.5844       Epsilon: 0.001  Average Score: -133.98
Episode 118     Time Taken: 16.85 sec   Score: -115.00  Score*: -25.14  State: 0.5289927242198141       Average Q-Target: 4.8690        Epsilon: 0.001  Average Score: -133.60
Episode 119     Time Taken: 20.09 sec   Score: -142.00  Score*: -15.40  State: 0.5180981826481927       Average Q-Target: -13.0838      Epsilon: 0.001  Average Score: -133.61
Episode 120     Time Taken: 19.50 sec   Score: -140.00  Score*: -22.34  State: 0.5000050896933039       Average Q-Target: 9.7993        Epsilon: 0.001  Average Score: -133.66
Episode 121     Time Taken: 16.98 sec   Score: -114.00  Score*: -24.38  State: 0.5064038603080581       Average Q-Target: 11.6486       Epsilon: 0.001  Average Score: -133.35
Episode 122     Time Taken: 24.04 sec   Score: -144.00  Score*: -19.38  State: 0.5304236200125207       Average Q-Target: 13.3633       Epsilon: 0.001  Average Score: -133.34
Episode 123     Time Taken: 28.25 sec   Score: -190.00  Score*: -29.85  State: 0.5452037622678795       Average Q-Target: -10.0751      Epsilon: 0.001  Average Score: -133.86
Episode 124     Time Taken: 19.73 sec   Score: -143.00  Score*: -16.38  State: 0.5058133437686294       Average Q-Target: 12.7804       Epsilon: 0.001  Average Score: -133.54
Episode 125     Time Taken: 19.41 sec   Score: -140.00  Score*: -24.15  State: 0.5248300209115991       Average Q-Target: -24.6762      Epsilon: 0.001  Average Score: -133.42
Episode 126     Time Taken: 15.13 sec   Score: -109.00  Score*: -33.14  State: 0.5165007837230244       Average Q-Target: 14.4606       Epsilon: 0.001  Average Score: -133.13
Episode 127     Time Taken: 19.70 sec   Score: -139.00  Score*: -20.64  State: 0.5443955283787626       Average Q-Target: 2.6687        Epsilon: 0.001  Average Score: -132.84
Episode 128     Time Taken: 15.69 sec   Score: -113.00  Score*: -26.73  State: 0.5456117720612238       Average Q-Target: -7.8129       Epsilon: 0.001  Average Score: -132.87
Episode 129     Time Taken: 19.45 sec   Score: -141.00  Score*: -12.71  State: 0.5264820425335306       Average Q-Target: 6.2128        Epsilon: 0.001  Average Score: -132.83
Episode 130     Time Taken: 20.07 sec   Score: -116.00  Score*: -32.86  State: 0.5243769398285124       Average Q-Target: 6.5709        Epsilon: 0.001  Average Score: -132.48
Episode 131     Time Taken: 21.69 sec   Score: -144.00  Score*: -12.95  State: 0.5160337757200979       Average Q-Target: -3.9333       Epsilon: 0.001  Average Score: -132.82
Episode 132     Time Taken: 19.98 sec   Score: -144.00  Score*: -13.48  State: 0.5338503450329192       Average Q-Target: 9.1166        Epsilon: 0.001  Average Score: -132.86
Episode 133     Time Taken: 17.47 sec   Score: -113.00  Score*: -27.55  State: 0.5290568232844836       Average Q-Target: -21.5384      Epsilon: 0.001  Average Score: -132.56
Episode 134     Time Taken: 16.34 sec   Score: -110.00  Score*: -20.72  State: 0.5162936237262619       Average Q-Target: -14.2912      Epsilon: 0.001  Average Score: -132.00
Episode 135     Time Taken: 21.17 sec   Score: -137.00  Score*: -20.78  State: 0.508784223665858        Average Q-Target: -1.9237       Epsilon: 0.001  Average Score: -132.29
Episode 136     Time Taken: 18.77 sec   Score: -110.00  Score*: -21.73  State: 0.5013517779756556       Average Q-Target: 5.1390        Epsilon: 0.001  Average Score: -131.94
Episode 137     Time Taken: 23.70 sec   Score: -135.00  Score*: -24.89  State: 0.5317166577674337       Average Q-Target: -24.0977      Epsilon: 0.001  Average Score: -132.41
Episode 138     Time Taken: 17.34 sec   Score: -112.00  Score*: -24.26  State: 0.5395813627235855       Average Q-Target: 0.2254        Epsilon: 0.001  Average Score: -132.03
Episode 139     Time Taken: 21.78 sec   Score: -139.00  Score*: -24.86  State: 0.5382496926152596       Average Q-Target: 5.5678        Epsilon: 0.001  Average Score: -132.34
Episode 140     Time Taken: 24.72 sec   Score: -140.00  Score*: -18.86  State: 0.5267486208648002       Average Q-Target: 14.4817       Epsilon: 0.001  Average Score: -132.22
Episode 141     Time Taken: 22.22 sec   Score: -144.00  Score*: -15.72  State: 0.5406700342215449       Average Q-Target: -12.6776      Epsilon: 0.001  Average Score: -132.57
Episode 142     Time Taken: 27.52 sec   Score: -180.00  Score*: -25.80  State: 0.5055600777018694       Average Q-Target: 1.6685        Epsilon: 0.001  Average Score: -132.56
Episode 143     Time Taken: 16.37 sec   Score: -108.00  Score*: -31.05  State: 0.5011024632086988       Average Q-Target: -15.9416      Epsilon: 0.001  Average Score: -132.26
Episode 144     Time Taken: 17.43 sec   Score: -109.00  Score*: -18.61  State: 0.5368577983788596       Average Q-Target: 10.3824       Epsilon: 0.001  Average Score: -132.50
Episode 145     Time Taken: 20.13 sec   Score: -139.00  Score*: -21.11  State: 0.5368577983788596       Average Q-Target: -9.2107       Epsilon: 0.001  Average Score: -132.28
Episode 146     Time Taken: 20.32 sec   Score: -143.00  Score*: -13.32  State: 0.5368577983788596       Average Q-Target: -12.3682      Epsilon: 0.001  Average Score: -132.25
Episode 147     Time Taken: 19.41 sec   Score: -141.00  Score*: -18.28  State: 0.5368577983788596       Average Q-Target: -1.5018       Epsilon: 0.001  Average Score: -132.55
Episode 148     Time Taken: 18.57 sec   Score: -136.00  Score*: -26.02  State: 0.5296184377787105       Average Q-Target: 0.3908        Epsilon: 0.001  Average Score: -132.86
Episode 149     Time Taken: 16.35 sec   Score: -112.00  Score*: -29.21  State: 0.5052321138921294       Average Q-Target: 1.9350        Epsilon: 0.001  Average Score: -132.88
Episode 150     Time Taken: 24.12 sec   Score: -141.00  Score*: -19.33  State: 0.5163691504718927       Average Q-Target: 3.4553        Epsilon: 0.001  Average Score: -133.20
Episode 151     Time Taken: 19.56 sec   Score: -140.00  Score*: -19.48  State: 0.5320997325404402       Average Q-Target: 6.9199        Epsilon: 0.001  Average Score: -133.56
Episode 152     Time Taken: 20.95 sec   Score: -141.00  Score*: -17.17  State: 0.5317166577674337       Average Q-Target: 10.1379       Epsilon: 0.001  Average Score: -133.89
Episode 153     Time Taken: 21.18 sec   Score: -138.00  Score*: -25.11  State: 0.5215095770331905       Average Q-Target: -16.7741      Epsilon: 0.001  Average Score: -134.17
Episode 154     Time Taken: 22.42 sec   Score: -141.00  Score*: -21.81  State: 0.5368577983788596       Average Q-Target: 11.7203       Epsilon: 0.001  Average Score: -134.48
Episode 155     Time Taken: 17.12 sec   Score: -111.00  Score*: -28.48  State: 0.5385713288574246       Average Q-Target: 2.0109        Epsilon: 0.001  Average Score: -134.45
Episode 156     Time Taken: 16.85 sec   Score: -112.00  Score*: -26.33  State: 0.5153691504718927       Average Q-Target: 2.3933        Epsilon: 0.001  Average Score: -134.48
Episode 157     Time Taken: 21.87 sec   Score: -140.00  Score*: -20.08  State: 0.5080030512181968       Average Q-Target: 2.3303        Epsilon: 0.001  Average Score: -134.72
Episode 158     Time Taken: 20.49 sec   Score: -142.00  Score*: -15.48  State: 0.5173701125049133       Average Q-Target: 14.7051       Epsilon: 0.001  Average Score: -135.02
Episode 159     Time Taken: 19.81 sec   Score: -142.00  Score*: -17.62  State: 0.5368577983788596       Average Q-Target: -16.6713      Epsilon: 0.001  Average Score: -134.97
Episode 160     Time Taken: 19.30 sec   Score: -141.00  Score*: -22.36  State: 0.5358577983788596       Average Q-Target: 10.6711       Epsilon: 0.001  Average Score: -134.86
Episode 161     Time Taken: 19.92 sec   Score: -144.00  Score*: -22.66  State: 0.5307989070535666       Average Q-Target: 2.2512        Epsilon: 0.001  Average Score: -135.20
Episode 162     Time Taken: 19.64 sec   Score: -143.00  Score*: -13.59  State: 0.5368577983788596       Average Q-Target: 0.6520        Epsilon: 0.001  Average Score: -135.51
Episode 163     Time Taken: 25.56 sec   Score: -142.00  Score*: -19.05  State: 0.5035618836320431       Average Q-Target: -10.4185      Epsilon: 0.001  Average Score: -135.98
Episode 164     Time Taken: 27.70 sec   Score: -143.00  Score*: -14.61  State: 0.5221228956983648       Average Q-Target: -9.6279       Epsilon: 0.001  Average Score: -135.98
Episode 165     Time Taken: 15.12 sec   Score: -110.00  Score*: -23.31  State: 0.5193431537678715       Average Q-Target: 15.2184       Epsilon: 0.001  Average Score: -135.62
Episode 166     Time Taken: 3855.77 sec Score: -145.00  Score*: -13.11  State: 0.5368577983788596       Average Q-Target: -1.7031       Epsilon: 0.001  Average Score: -135.65
Episode 167     Time Taken: 33.54 sec   Score: -148.00  Score*: -11.27  State: 0.5297560607433636       Average Q-Target: -6.0092       Epsilon: 0.001  Average Score: -135.99
Episode 168     Time Taken: 20.79 sec   Score: -141.00  Score*: -23.46  State: 0.5368577983788596       Average Q-Target: -15.1264      Epsilon: 0.001  Average Score: -136.54
Episode 169     Time Taken: 5134.11 sec Score: -146.00  Score*: -12.69  State: 0.5425071983451122       Average Q-Target: -4.0868       Epsilon: 0.001  Average Score: -136.55
Episode 170     Time Taken: 130.37 sec  Score: -137.00  Score*: -24.84  State: 0.5368577983788596       Average Q-Target: -23.6436      Epsilon: 0.001  Average Score: -136.38
Episode 171     Time Taken: 20.00 sec   Score: -110.00  Score*: -21.03  State: 0.5110104393090713       Average Q-Target: -3.1578       Epsilon: 0.001  Average Score: -136.10
Episode 172     Time Taken: 23.72 sec   Score: -144.00  Score*: -18.71  State: 0.5132288474287156       Average Q-Target: 4.3206        Epsilon: 0.001  Average Score: -136.43
Episode 173     Time Taken: 21.11 sec   Score: -138.00  Score*: -25.96  State: 0.5277486208648002       Average Q-Target: 3.7800        Epsilon: 0.001  Average Score: -136.66
Episode 174     Time Taken: 16.81 sec   Score: -111.00  Score*: -20.77  State: 0.5396375173508456       Average Q-Target: 12.4686       Epsilon: 0.001  Average Score: -136.38
Episode 175     Time Taken: 22.07 sec   Score: -143.00  Score*: -15.41  State: 0.510843527365577        Average Q-Target: -3.9648       Epsilon: 0.001  Average Score: -136.38
Episode 176     Time Taken: 22.14 sec   Score: -143.00  Score*: -14.55  State: 0.5243798702263012       Average Q-Target: 1.2491        Epsilon: 0.001  Average Score: -136.68
Episode 177     Time Taken: 16.50 sec   Score: -109.00  Score*: -19.65  State: 0.5015806828977255       Average Q-Target: 3.6744        Epsilon: 0.001  Average Score: -136.27
Episode 178     Time Taken: 16.18 sec   Score: -110.00  Score*: -19.65  State: 0.5376657129860181       Average Q-Target: 9.6463        Epsilon: 0.001  Average Score: -135.89
Episode 179     Time Taken: 20.97 sec   Score: -143.00  Score*: -21.40  State: 0.5231382760160571       Average Q-Target: -14.5373      Epsilon: 0.001  Average Score: -136.22
Episode 180     Time Taken: 16.20 sec   Score: -109.00  Score*: -18.86  State: 0.5338503450329192       Average Q-Target: -12.7015      Epsilon: 0.001  Average Score: -135.82
Episode 181     Time Taken: 20.85 sec   Score: -141.00  Score*: -18.93  State: 0.5411180462162231       Average Q-Target: -9.9186       Epsilon: 0.001  Average Score: -135.76
Episode 182     Time Taken: 19.61 sec   Score: -132.00  Score*: -27.80  State: 0.5233798702263012       Average Q-Target: 3.9685        Epsilon: 0.001  Average Score: -135.63
Episode 183     Time Taken: 21.52 sec   Score: -144.00  Score*: -11.82  State: 0.5267486208648002       Average Q-Target: 6.7121        Epsilon: 0.001  Average Score: -135.96
Episode 184     Time Taken: 21.13 sec   Score: -136.00  Score*: -26.62  State: 0.5368577983788596       Average Q-Target: 12.0130       Epsilon: 0.001  Average Score: -136.22
Episode 185     Time Taken: 20.85 sec   Score: -138.00  Score*: -26.34  State: 0.5108567959124174       Average Q-Target: -23.0533      Epsilon: 0.001  Average Score: -136.19
Episode 186     Time Taken: 21.55 sec   Score: -141.00  Score*: -23.56  State: 0.518347042849289        Average Q-Target: 1.6489        Epsilon: 0.001  Average Score: -136.49
Episode 187     Time Taken: 22.63 sec   Score: -144.00  Score*: -13.33  State: 0.5133102773780703       Average Q-Target: 13.9998       Epsilon: 0.001  Average Score: -136.56
Episode 188     Time Taken: 17.34 sec   Score: -111.00  Score*: -21.49  State: 0.5067053292701902       Average Q-Target: 8.2773        Epsilon: 0.001  Average Score: -136.18
Episode 189     Time Taken: 21.49 sec   Score: -139.00  Score*: -25.87  State: 0.507828756036251        Average Q-Target: 0.7264        Epsilon: 0.001  Average Score: -136.05
Episode 190     Time Taken: 17.31 sec   Score: -112.00  Score*: -25.45  State: 0.5348577983788596       Average Q-Target: 0.0956        Epsilon: 0.001  Average Score: -135.76
Episode 191     Time Taken: 17.23 sec   Score: -110.00  Score*: -22.74  State: 0.5223798702263012       Average Q-Target: 4.5806        Epsilon: 0.001  Average Score: -135.42
Episode 192     Time Taken: 20.49 sec   Score: -140.00  Score*: -21.35  State: 0.5176396828127509       Average Q-Target: 2.7448        Epsilon: 0.001  Average Score: -135.72
Episode 193     Time Taken: 20.59 sec   Score: -141.00  Score*: -17.14  State: 0.5308208934604665       Average Q-Target: 0.5144        Epsilon: 0.001  Average Score: -136.01
Episode 194     Time Taken: 17.10 sec   Score: -109.00  Score*: -27.58  State: 0.5317697696371078       Average Q-Target: 12.0238       Epsilon: 0.001  Average Score: -135.58
Episode 195     Time Taken: 22.28 sec   Score: -141.00  Score*: -17.44  State: 0.5223724461284152       Average Q-Target: -9.8111       Epsilon: 0.001  Average Score: -135.57
Episode 196     Time Taken: 21.81 sec   Score: -108.00  Score*: -30.45  State: 0.5139132792527377       Average Q-Target: 7.5406        Epsilon: 0.001  Average Score: -135.22
Episode 197     Time Taken: 22.47 sec   Score: -142.00  Score*: -16.52  State: 0.5233798702263012       Average Q-Target: 13.8170       Epsilon: 0.001  Average Score: -135.23
Episode 198     Time Taken: 20.91 sec   Score: -115.00  Score*: -30.87  State: 0.5367024482232768       Average Q-Target: 11.3771       Epsilon: 0.001  Average Score: -134.88
Episode 199     Time Taken: 24.07 sec   Score: -142.00  Score*: -14.35  State: 0.5368577983788596       Average Q-Target: -9.4126       Epsilon: 0.001  Average Score: -135.13
Episode 200     Time Taken: 25.99 sec   Score: -139.00  Score*: -21.85  State: 0.5190872776372536       Average Q-Target: 14.1965       Epsilon: 0.001  Average Score: -135.10
Episode 201     Time Taken: 20.36 sec   Score: -140.00  Score*: -19.72  State: 0.5368577983788596       Average Q-Target: -9.4391       Epsilon: 0.001  Average Score: -135.35
Episode 202     Time Taken: 19.01 sec   Score: -110.00  Score*: -22.33  State: 0.53382834164182 Average Q-Target: 13.5164       Epsilon: 0.001  Average Score: -135.03
Episode 203     Time Taken: 35.32 sec   Score: -147.00  Score*: -11.48  State: 0.5368577983788596       Average Q-Target: -24.8340      Epsilon: 0.001  Average Score: -134.99
Episode 204     Time Taken: 15.26 sec   Score: -109.00  Score*: -19.53  State: 0.5254777650551314       Average Q-Target: 0.5077        Epsilon: 0.001  Average Score: -134.61
Episode 205     Time Taken: 15.01 sec   Score: -110.00  Score*: -30.67  State: 0.5050852815313353       Average Q-Target: -16.6896      Epsilon: 0.001  Average Score: -134.24
Episode 206     Time Taken: 23.30 sec   Score: -144.00  Score*: -14.90  State: 0.5327854779224  Average Q-Target: -10.1203      Epsilon: 0.001  Average Score: -134.29
Episode 207     Time Taken: 22.99 sec   Score: -145.00  Score*: -20.30  State: 0.5368577983788596       Average Q-Target: 7.1870        Epsilon: 0.001  Average Score: -134.50
Episode 208     Time Taken: 16.88 sec   Score: -111.00  Score*: -20.89  State: 0.5117068552561963       Average Q-Target: -7.5114       Epsilon: 0.001  Average Score: -134.17
Episode 209     Time Taken: 15.40 sec   Score: -111.00  Score*: -24.41  State: 0.5338503450329192       Average Q-Target: 11.2021       Epsilon: 0.001  Average Score: -133.28
Episode 210     Time Taken: 19.08 sec   Score: -138.00  Score*: -24.62  State: 0.5096496127844136       Average Q-Target: 6.5057        Epsilon: 0.001  Average Score: -132.66
Episode 211     Time Taken: 26.18 sec   Score: -192.00  Score*: -23.30  State: 0.5368577983788596       Average Q-Target: -6.3760       Epsilon: 0.001  Average Score: -132.63
Episode 212     Time Taken: 15.17 sec   Score: -111.00  Score*: -23.69  State: 0.5368577983788596       Average Q-Target: -5.9831       Epsilon: 0.001  Average Score: -132.34
Episode 213     Time Taken: 19.91 sec   Score: -141.00  Score*: -19.66  State: 0.5162656625010479       Average Q-Target: 12.7521       Epsilon: 0.001  Average Score: -132.36
Episode 214     Time Taken: 20.46 sec   Score: -142.00  Score*: -11.62  State: 0.5368577983788596       Average Q-Target: 11.8854       Epsilon: 0.001  Average Score: -132.38
Episode 215     Time Taken: 15.85 sec   Score: -109.00  Score*: -20.41  State: 0.5043611058824895       Average Q-Target: 12.7803       Epsilon: 0.001  Average Score: -132.32
Episode 216     Time Taken: 16.83 sec   Score: -109.00  Score*: -19.07  State: 0.5368577983788596       Average Q-Target: 5.0649        Epsilon: 0.001  Average Score: -131.96
Episode 217     Time Taken: 20.79 sec   Score: -145.00  Score*: -14.44  State: 0.5185172220311564       Average Q-Target: 11.8493       Epsilon: 0.001  Average Score: -132.29
Episode 218     Time Taken: 20.06 sec   Score: -141.00  Score*: -12.78  State: 0.5267486208648002       Average Q-Target: 10.8190       Epsilon: 0.001  Average Score: -132.55
Episode 219     Time Taken: 15.54 sec   Score: -110.00  Score*: -20.27  State: 0.529662807897277        Average Q-Target: 15.0676       Epsilon: 0.001  Average Score: -132.23
Episode 220     Time Taken: 20.20 sec   Score: -144.00  Score*: -13.74  State: 0.5334155821367688       Average Q-Target: -0.3575       Epsilon: 0.001  Average Score: -132.27
Episode 221     Time Taken: 26.08 sec   Score: -144.00  Score*: -11.02  State: 0.5287132564426231       Average Q-Target: 10.8708       Epsilon: 0.001  Average Score: -132.57
Episode 222     Time Taken: 21.31 sec   Score: -142.00  Score*: -18.68  State: 0.5173162440746488       Average Q-Target: 4.3893        Epsilon: 0.001  Average Score: -132.55
Episode 223     Time Taken: 20.33 sec   Score: -146.00  Score*: -11.72  State: 0.533442261953598        Average Q-Target: 4.6642        Epsilon: 0.001  Average Score: -132.11
Episode 224     Time Taken: 15.50 sec   Score: -111.00  Score*: -21.94  State: 0.5307989070535666       Average Q-Target: 5.1557        Epsilon: 0.001  Average Score: -131.79
Episode 225     Time Taken: 19.31 sec   Score: -140.00  Score*: -22.63  State: 0.5368577983788596       Average Q-Target: 17.0381       Epsilon: 0.001  Average Score: -131.79
Episode 226     Time Taken: 22.49 sec   Score: -140.00  Score*: -19.45  State: 0.5014884772368957       Average Q-Target: 13.5761       Epsilon: 0.001  Average Score: -132.10
Episode 227     Time Taken: 18.01 sec   Score: -110.00  Score*: -22.83  State: 0.5368577983788596       Average Q-Target: 15.4700       Epsilon: 0.001  Average Score: -131.81
Episode 228     Time Taken: 20.81 sec   Score: -142.00  Score*: -14.17  State: 0.5368577983788596       Average Q-Target: 4.7759        Epsilon: 0.001  Average Score: -132.10
Episode 229     Time Taken: 20.53 sec   Score: -141.00  Score*: -15.37  State: 0.5453172496042015       Average Q-Target: -14.8717      Epsilon: 0.001  Average Score: -132.10
Episode 230     Time Taken: 20.73 sec   Score: -143.00  Score*: -13.17  State: 0.5181080650946002       Average Q-Target: -4.6425       Epsilon: 0.001  Average Score: -132.37
Episode 231     Time Taken: 16.21 sec   Score: -109.00  Score*: -19.22  State: 0.5318208934604665       Average Q-Target: 1.8952        Epsilon: 0.001  Average Score: -132.02
Episode 232     Time Taken: 21.09 sec   Score: -145.00  Score*: -15.23  State: 0.5202107392487701       Average Q-Target: 15.3072       Epsilon: 0.001  Average Score: -132.03
Episode 233     Time Taken: 16.10 sec   Score: -110.00  Score*: -21.65  State: 0.5368577983788596       Average Q-Target: 12.3701       Epsilon: 0.001  Average Score: -132.00
Episode 234     Time Taken: 20.88 sec   Score: -147.00  Score*: -11.30  State: 0.5150437589439854       Average Q-Target: 6.9790        Epsilon: 0.001  Average Score: -132.37
Episode 235     Time Taken: 18.67 sec   Score: -109.00  Score*: -19.46  State: 0.5368577983788596       Average Q-Target: 11.9196       Epsilon: 0.001  Average Score: -132.09
Episode 236     Time Taken: 23.60 sec   Score: -142.00  Score*: -25.43  State: 0.5006387873080094       Average Q-Target: 7.9299        Epsilon: 0.001  Average Score: -132.41
Episode 237     Time Taken: 20.59 sec   Score: -143.00  Score*: -16.13  State: 0.5338503450329192       Average Q-Target: -3.5016       Epsilon: 0.001  Average Score: -132.49
Episode 238     Time Taken: 24.02 sec   Score: -157.00  Score*: -19.79  State: 0.5365138002027195       Average Q-Target: 13.9632       Epsilon: 0.001  Average Score: -132.94
Episode 239     Time Taken: 24.26 sec   Score: -142.00  Score*: -15.95  State: 0.5234777650551314       Average Q-Target: -16.4090      Epsilon: 0.001  Average Score: -132.97
Episode 240     Time Taken: 21.71 sec   Score: -144.00  Score*: -15.67  State: 0.5368577983788596       Average Q-Target: 17.2518       Epsilon: 0.001  Average Score: -133.01
Episode 241     Time Taken: 19.82 sec   Score: -142.00  Score*: -18.08  State: 0.5191154787106459       Average Q-Target: 4.7998        Epsilon: 0.001  Average Score: -132.99
Episode 242     Time Taken: 19.88 sec   Score: -144.00  Score*: -16.22  State: 0.522654672508589        Average Q-Target: -3.0326       Epsilon: 0.001  Average Score: -132.63
Episode 243     Time Taken: 18.07 sec   Score: -111.00  Score*: -30.70  State: 0.5017917575612885       Average Q-Target: 2.1583        Epsilon: 0.001  Average Score: -132.66
Episode 244     Time Taken: 20.77 sec   Score: -142.00  Score*: -16.82  State: 0.5328428942261745       Average Q-Target: -11.2860      Epsilon: 0.001  Average Score: -132.99
Episode 245     Time Taken: 15.86 sec   Score: -111.00  Score*: -30.41  State: 0.528561103406657        Average Q-Target: -10.8724      Epsilon: 0.001  Average Score: -132.71
Episode 246     Time Taken: 20.18 sec   Score: -137.00  Score*: -24.10  State: 0.5368577983788596       Average Q-Target: 6.2459        Epsilon: 0.001  Average Score: -132.65
Episode 247     Time Taken: 15.62 sec   Score: -111.00  Score*: -30.22  State: 0.5023345343379441       Average Q-Target: 1.0497        Epsilon: 0.001  Average Score: -132.35
Episode 248     Time Taken: 16.09 sec   Score: -110.00  Score*: -22.78  State: 0.5294894789936894       Average Q-Target: 4.6626        Epsilon: 0.001  Average Score: -132.09
Episode 249     Time Taken: 18.03 sec   Score: -111.00  Score*: -27.30  State: 0.5353158726681047       Average Q-Target: -0.1773       Epsilon: 0.001  Average Score: -132.08
Episode 250     Time Taken: 18.13 sec   Score: -109.00  Score*: -31.22  State: 0.5053588342924574       Average Q-Target: -23.4117      Epsilon: 0.001  Average Score: -131.76
Episode 251     Time Taken: 21.74 sec   Score: -142.00  Score*: -16.57  State: 0.5164671264573868       Average Q-Target: 11.0906       Epsilon: 0.001  Average Score: -131.78
Episode 252     Time Taken: 22.76 sec   Score: -142.00  Score*: -15.93  State: 0.5254174448091782       Average Q-Target: -6.0146       Epsilon: 0.001  Average Score: -131.79
Episode 253     Time Taken: 17.33 sec   Score: -110.00  Score*: -23.07  State: 0.5164117387183954       Average Q-Target: 5.1393        Epsilon: 0.001  Average Score: -131.51
Episode 254     Time Taken: 22.81 sec   Score: -137.00  Score*: -20.96  State: 0.5368577983788596       Average Q-Target: -20.5671      Epsilon: 0.001  Average Score: -131.47
Episode 255     Time Taken: 17.21 sec   Score: -112.00  Score*: -27.53  State: 0.5170535097866369       Average Q-Target: 0.6623        Epsilon: 0.001  Average Score: -131.48
Episode 256     Time Taken: 15.58 sec   Score: -110.00  Score*: -21.58  State: 0.5306184377787105       Average Q-Target: 2.6938        Epsilon: 0.001  Average Score: -131.46
Episode 257     Time Taken: 15.44 sec   Score: -112.00  Score*: -25.42  State: 0.5368577983788596       Average Q-Target: 9.4141        Epsilon: 0.001  Average Score: -131.18
Episode 258     Time Taken: 19.42 sec   Score: -143.00  Score*: -13.10  State: 0.5368577983788596       Average Q-Target: -23.1775      Epsilon: 0.001  Average Score: -131.19
Episode 259     Time Taken: 20.05 sec   Score: -147.00  Score*: -12.81  State: 0.5328428942261745       Average Q-Target: 15.5872       Epsilon: 0.001  Average Score: -131.24
Episode 260     Time Taken: 15.38 sec   Score: -111.00  Score*: -23.57  State: 0.5328428942261745       Average Q-Target: -9.3655       Epsilon: 0.001  Average Score: -130.94
Episode 261     Time Taken: 19.75 sec   Score: -136.00  Score*: -27.56  State: 0.521775852546815        Average Q-Target: 4.3217        Epsilon: 0.001  Average Score: -130.86
Episode 262     Time Taken: 16.31 sec   Score: -114.00  Score*: -29.44  State: 0.5116339812971922       Average Q-Target: 11.6517       Epsilon: 0.001  Average Score: -130.57
Episode 263     Time Taken: 20.10 sec   Score: -142.00  Score*: -14.20  State: 0.5243798702263012       Average Q-Target: -12.7761      Epsilon: 0.001  Average Score: -130.57
Episode 264     Time Taken: 19.11 sec   Score: -136.00  Score*: -23.97  State: 0.5140998352960838       Average Q-Target: 9.5299        Epsilon: 0.001  Average Score: -130.50
Episode 265     Time Taken: 15.50 sec   Score: -109.00  Score*: -19.70  State: 0.5243798702263012       Average Q-Target: 5.3384        Epsilon: 0.001  Average Score: -130.49
Episode 266     Time Taken: 22.13 sec   Score: -142.00  Score*: -17.63  State: 0.515240442195572        Average Q-Target: 12.3442       Epsilon: 0.001  Average Score: -130.46
Episode 267     Time Taken: 23.43 sec   Score: -139.00  Score*: -22.13  State: 0.5265758293781637       Average Q-Target: 13.3777       Epsilon: 0.001  Average Score: -130.37
Episode 268     Time Taken: 16.81 sec   Score: -114.00  Score*: -28.68  State: 0.5380463353700301       Average Q-Target: 3.0968        Epsilon: 0.001  Average Score: -130.10
Episode 269     Time Taken: 21.24 sec   Score: -142.00  Score*: -18.17  State: 0.5394874972313165       Average Q-Target: 3.7252        Epsilon: 0.001  Average Score: -130.06
Episode 270     Time Taken: 20.16 sec   Score: -109.00  Score*: -18.22  State: 0.5358577983788596       Average Q-Target: 0.1312        Epsilon: 0.001  Average Score: -129.78
Episode 271     Time Taken: 23.86 sec   Score: -138.00  Score*: -25.56  State: 0.5094294919217611       Average Q-Target: -8.0832       Epsilon: 0.001  Average Score: -130.06
Episode 272     Time Taken: 20.46 sec   Score: -143.00  Score*: -11.54  State: 0.522676449619098        Average Q-Target: -4.7521       Epsilon: 0.001  Average Score: -130.05
Episode 273     Time Taken: 24.90 sec   Score: -146.00  Score*: -17.94  State: 0.5036131700081555       Average Q-Target: 11.6224       Epsilon: 0.001  Average Score: -130.13
Episode 274     Time Taken: 21.34 sec   Score: -147.00  Score*: -15.12  State: 0.5295473818126132       Average Q-Target: 12.6591       Epsilon: 0.001  Average Score: -130.49
Episode 275     Time Taken: 18.85 sec   Score: -136.00  Score*: -25.16  State: 0.5348503450329192       Average Q-Target: 10.3693       Epsilon: 0.001  Average Score: -130.42
Episode 276     Time Taken: 19.39 sec   Score: -136.00  Score*: -25.02  State: 0.5267132564426231       Average Q-Target: 12.7553       Epsilon: 0.001  Average Score: -130.35
Episode 277     Time Taken: 14.87 sec   Score: -109.00  Score*: -30.63  State: 0.5056466202009943       Average Q-Target: -15.2613      Epsilon: 0.001  Average Score: -130.35
Episode 278     Time Taken: 28.12 sec   Score: -138.00  Score*: -21.17  State: 0.5328428942261745       Average Q-Target: 2.2550        Epsilon: 0.001  Average Score: -130.63
Episode 279     Time Taken: 22.75 sec   Score: -144.00  Score*: -12.56  State: 0.5233798702263012       Average Q-Target: 11.3685       Epsilon: 0.001  Average Score: -130.64
Episode 280     Time Taken: 27.69 sec   Score: -142.00  Score*: -12.70  State: 0.5224703375995544       Average Q-Target: 12.0774       Epsilon: 0.001  Average Score: -130.97
Episode 281     Time Taken: 22.86 sec   Score: -110.00  Score*: -22.06  State: 0.5358577983788596       Average Q-Target: 11.2241       Epsilon: 0.001  Average Score: -130.66
Episode 282     Time Taken: 26.12 sec   Score: -143.00  Score*: -11.90  State: 0.5358577983788596       Average Q-Target: 12.0630       Epsilon: 0.001  Average Score: -130.77
Episode 283     Time Taken: 27.35 sec   Score: -142.00  Score*: -13.32  State: 0.5223798702263012       Average Q-Target: -23.5513      Epsilon: 0.001  Average Score: -130.75
Episode 284     Time Taken: 23.64 sec   Score: -137.00  Score*: -21.90  State: 0.5247373875186537       Average Q-Target: 8.7349        Epsilon: 0.001  Average Score: -130.76
Episode 285     Time Taken: 21.37 sec   Score: -146.00  Score*: -22.85  State: 0.5037009264880177       Average Q-Target: 2.8853        Epsilon: 0.001  Average Score: -130.84
Episode 286     Time Taken: 23.35 sec   Score: -140.00  Score*: -21.22  State: 0.5368577983788596       Average Q-Target: 4.6533        Epsilon: 0.001  Average Score: -130.83
Episode 287     Time Taken: 17.33 sec   Score: -109.00  Score*: -20.61  State: 0.512014555999082        Average Q-Target: 0.9207        Epsilon: 0.001  Average Score: -130.48
Episode 288     Time Taken: 20.14 sec   Score: -113.00  Score*: -27.96  State: 0.5183080052651987       Average Q-Target: 3.9341        Epsilon: 0.001  Average Score: -130.50
Episode 289     Time Taken: 22.50 sec   Score: -112.00  Score*: -29.85  State: 0.5088503816162756       Average Q-Target: 0.2029        Epsilon: 0.001  Average Score: -130.23
Episode 290     Time Taken: 23.94 sec   Score: -141.00  Score*: -21.12  State: 0.5368577983788596       Average Q-Target: -16.8544      Epsilon: 0.001  Average Score: -130.52
Episode 291     Time Taken: 19.73 sec   Score: -143.00  Score*: -19.48  State: 0.5181112203015864       Average Q-Target: -21.7080      Epsilon: 0.001  Average Score: -130.85
Episode 292     Time Taken: 22.53 sec   Score: -143.00  Score*: -18.93  State: 0.5289530720280888       Average Q-Target: 2.3095        Epsilon: 0.001  Average Score: -130.88
Episode 293     Time Taken: 23.65 sec   Score: -139.00  Score*: -24.24  State: 0.5368577983788596       Average Q-Target: 1.7921        Epsilon: 0.001  Average Score: -130.86
Episode 294     Time Taken: 27.21 sec   Score: -143.00  Score*: -18.89  State: 0.5317854779224  Average Q-Target: -13.4815      Epsilon: 0.001  Average Score: -131.20
Episode 295     Time Taken: 26.16 sec   Score: -149.00  Score*: -11.35  State: 0.5368577983788596       Average Q-Target: 12.9020       Epsilon: 0.001  Average Score: -131.28
Episode 296     Time Taken: 27.27 sec   Score: -143.00  Score*: -22.99  State: 0.5277705897635713       Average Q-Target: 6.9226        Epsilon: 0.001  Average Score: -131.63
Episode 297     Time Taken: 26.03 sec   Score: -110.00  Score*: -22.55  State: 0.5358577983788596       Average Q-Target: 2.4157        Epsilon: 0.001  Average Score: -131.31
Episode 298     Time Taken: 27.95 sec   Score: -145.00  Score*: -15.68  State: 0.5267840243684146       Average Q-Target: 12.1587       Epsilon: 0.001  Average Score: -131.61
Episode 299     Time Taken: 15.73 sec   Score: -109.00  Score*: -21.44  State: 0.5083586906822063       Average Q-Target: 5.6344        Epsilon: 0.001  Average Score: -131.28
Episode 300     Time Taken: 17.39 sec   Score: -113.00  Score*: -27.38  State: 0.5328503450329192       Average Q-Target: 11.1878       Epsilon: 0.001  Average Score: -131.02
Episode 301     Time Taken: 19.32 sec   Score: -109.00  Score*: -20.39  State: 0.5368577983788596       Average Q-Target: -19.8550      Epsilon: 0.001  Average Score: -130.71
Episode 302     Time Taken: 17.46 sec   Score: -114.00  Score*: -29.23  State: 0.517437014255017        Average Q-Target: 0.1782        Epsilon: 0.001  Average Score: -130.75
Episode 303     Time Taken: 19.68 sec   Score: -113.00  Score*: -27.85  State: 0.5259148506181238       Average Q-Target: 12.7895       Epsilon: 0.001  Average Score: -130.41
Episode 304     Time Taken: 27.95 sec   Score: -143.00  Score*: -17.03  State: 0.53282834164182 Average Q-Target: -8.9082       Epsilon: 0.001  Average Score: -130.75
Episode 305     Time Taken: 21.68 sec   Score: -111.00  Score*: -30.28  State: 0.541593656375784        Average Q-Target: 9.0440        Epsilon: 0.001  Average Score: -130.76
Episode 306     Time Taken: 25.76 sec   Score: -138.00  Score*: -23.16  State: 0.5338503450329192       Average Q-Target: 12.2089       Epsilon: 0.001  Average Score: -130.70
Episode 307     Time Taken: 25.35 sec   Score: -138.00  Score*: -24.93  State: 0.5368577983788596       Average Q-Target: -0.4465       Epsilon: 0.001  Average Score: -130.63
Episode 308     Time Taken: 26.72 sec   Score: -141.00  Score*: -17.49  State: 0.5368577983788596       Average Q-Target: -11.8083      Epsilon: 0.001  Average Score: -130.93
Episode 309     Time Taken: 21.78 sec   Score: -138.00  Score*: -23.93  State: 0.5368577983788596       Average Q-Target: -20.7869      Epsilon: 0.001  Average Score: -131.20
Episode 310     Time Taken: 24.52 sec   Score: -143.00  Score*: -18.93  State: 0.5080030512181968       Average Q-Target: -5.3787       Epsilon: 0.001  Average Score: -131.25
Episode 311     Time Taken: 20.99 sec   Score: -132.00  Score*: -26.57  State: 0.5368577983788596       Average Q-Target: 1.4902        Epsilon: 0.001  Average Score: -130.65
Episode 312     Time Taken: 22.06 sec   Score: -145.00  Score*: -19.49  State: 0.5358577983788596       Average Q-Target: 5.9262        Epsilon: 0.001  Average Score: -130.99
Episode 313     Time Taken: 21.51 sec   Score: -142.00  Score*: -16.02  State: 0.5137286219242422       Average Q-Target: -7.2959       Epsilon: 0.001  Average Score: -131.00
Episode 314     Time Taken: 19.43 sec   Score: -108.00  Score*: -19.88  State: 0.5080030512181968       Average Q-Target: 14.5571       Epsilon: 0.001  Average Score: -130.66
Episode 315     Time Taken: 22.13 sec   Score: -113.00  Score*: -27.88  State: 0.5332093462986022       Average Q-Target: -2.7602       Epsilon: 0.001  Average Score: -130.70
Episode 316     Time Taken: 22.88 sec   Score: -137.00  Score*: -23.59  State: 0.5198076103918859       Average Q-Target: 6.2548        Epsilon: 0.001  Average Score: -130.98
Episode 317     Time Taken: 21.65 sec   Score: -142.00  Score*: -15.24  State: 0.5368577983788596       Average Q-Target: 8.4756        Epsilon: 0.001  Average Score: -130.95
Episode 318     Time Taken: 20.03 sec   Score: -138.00  Score*: -23.79  State: 0.5368577983788596       Average Q-Target: 17.9830       Epsilon: 0.001  Average Score: -130.92
Episode 319     Time Taken: 25.20 sec   Score: -111.00  Score*: -24.91  State: 0.5053492162900994       Average Q-Target: 11.7274       Epsilon: 0.001  Average Score: -130.93
Episode 320     Time Taken: 18.24 sec   Score: -109.00  Score*: -28.18  State: 0.5197788419950929       Average Q-Target: 4.0546        Epsilon: 0.001  Average Score: -130.58
Episode 321     Time Taken: 21.70 sec   Score: -141.00  Score*: -18.66  State: 0.5265758293781637       Average Q-Target: 11.9778       Epsilon: 0.001  Average Score: -130.55
Episode 322     Time Taken: 23.01 sec   Score: -144.00  Score*: -18.36  State: 0.5368577983788596       Average Q-Target: -4.5412       Epsilon: 0.001  Average Score: -130.57
Episode 323     Time Taken: 24.78 sec   Score: -144.00  Score*: -13.83  State: 0.5101996493414247       Average Q-Target: 2.5889        Epsilon: 0.001  Average Score: -130.55
Episode 324     Time Taken: 20.97 sec   Score: -109.00  Score*: -20.04  State: 0.5368577983788596       Average Q-Target: -2.2981       Epsilon: 0.001  Average Score: -130.53
Episode 325     Time Taken: 23.82 sec   Score: -140.00  Score*: -23.51  State: 0.5338503450329192       Average Q-Target: 2.3421        Epsilon: 0.001  Average Score: -130.53
Episode 326     Time Taken: 28.84 sec   Score: -144.00  Score*: -16.30  State: 0.5142362509656232       Average Q-Target: -2.4876       Epsilon: 0.001  Average Score: -130.57
Episode 327     Time Taken: 21.76 sec   Score: -113.00  Score*: -29.06  State: 0.5116708331655758       Average Q-Target: -13.8266      Epsilon: 0.001  Average Score: -130.60
Episode 328     Time Taken: 40.31 sec   Score: -143.00  Score*: -18.26  State: 0.5368577983788596       Average Q-Target: -9.6007       Epsilon: 0.001  Average Score: -130.61
Episode 329     Time Taken: 20.36 sec   Score: -109.00  Score*: -19.96  State: 0.5287132564426231       Average Q-Target: -1.9225       Epsilon: 0.001  Average Score: -130.29
Episode 330     Time Taken: 20.96 sec   Score: -139.00  Score*: -23.73  State: 0.5090283304914107       Average Q-Target: 10.9854       Epsilon: 0.001  Average Score: -130.25
Episode 331     Time Taken: 20.63 sec   Score: -139.00  Score*: -23.24  State: 0.5368577983788596       Average Q-Target: -14.7692      Epsilon: 0.001  Average Score: -130.55
Episode 332     Time Taken: 20.36 sec   Score: -146.00  Score*: -16.60  State: 0.510168529440166        Average Q-Target: 7.4376        Epsilon: 0.001  Average Score: -130.56
Episode 333     Time Taken: 20.86 sec   Score: -144.00  Score*: -13.12  State: 0.5099501338299279       Average Q-Target: -18.5793      Epsilon: 0.001  Average Score: -130.90
Episode 334     Time Taken: 16.79 sec   Score: -111.00  Score*: -23.99  State: 0.5235464910655703       Average Q-Target: -2.9058       Epsilon: 0.001  Average Score: -130.54
Episode 335     Time Taken: 21.46 sec   Score: -143.00  Score*: -16.69  State: 0.5317166577674337       Average Q-Target: -1.3570       Epsilon: 0.001  Average Score: -130.88
Episode 336     Time Taken: 21.01 sec   Score: -143.00  Score*: -18.41  State: 0.5318208934604665       Average Q-Target: 14.0954       Epsilon: 0.001  Average Score: -130.89
Episode 337     Time Taken: 30.23 sec   Score: -144.00  Score*: -20.82  State: 0.5368577983788596       Average Q-Target: 2.0643        Epsilon: 0.001  Average Score: -130.90
Episode 338     Time Taken: 25.29 sec   Score: -141.00  Score*: -24.44  State: 0.5243798702263012       Average Q-Target: 14.1657       Epsilon: 0.001  Average Score: -130.74
Episode 339     Time Taken: 24.06 sec   Score: -143.00  Score*: -12.98  State: 0.5368577983788596       Average Q-Target: -8.3576       Epsilon: 0.001  Average Score: -130.75
Episode 340     Time Taken: 35.84 sec   Score: -176.00  Score*: -25.33  State: 0.5267486208648002       Average Q-Target: 6.6917        Epsilon: 0.001  Average Score: -131.07
Episode 341     Time Taken: 27.03 sec   Score: -141.00  Score*: -23.50  State: 0.5273799699061452       Average Q-Target: 8.3982        Epsilon: 0.001  Average Score: -131.06
Episode 342     Time Taken: 28.38 sec   Score: -140.00  Score*: -19.13  State: 0.5368577983788596       Average Q-Target: 12.7888       Epsilon: 0.001  Average Score: -131.02
Episode 343     Time Taken: 31.84 sec   Score: -142.00  Score*: -16.41  State: 0.5368577983788596       Average Q-Target: 3.7077        Epsilon: 0.001  Average Score: -131.33
Episode 344     Time Taken: 50.88 sec   Score: -142.00  Score*: -20.81  State: 0.5277538229205996       Average Q-Target: -22.9368      Epsilon: 0.001  Average Score: -131.33
Episode 345     Time Taken: 25.05 sec   Score: -110.00  Score*: -22.89  State: 0.5243798702263012       Average Q-Target: 6.5592        Epsilon: 0.001  Average Score: -131.32
Episode 346     Time Taken: 28.75 sec   Score: -143.00  Score*: -23.16  State: 0.5328428942261745       Average Q-Target: -24.8289      Epsilon: 0.001  Average Score: -131.38
Episode 347     Time Taken: 23.84 sec   Score: -142.00  Score*: -23.70  State: 0.5368577983788596       Average Q-Target: 4.4256        Epsilon: 0.001  Average Score: -131.69
Episode 348     Time Taken: 28.76 sec   Score: -144.00  Score*: -20.04  State: 0.5140128031100419       Average Q-Target: -10.9711      Epsilon: 0.001  Average Score: -132.03
Episode 349     Time Taken: 22.27 sec   Score: -144.00  Score*: -21.34  State: 0.5309003397630446       Average Q-Target: -7.7745       Epsilon: 0.001  Average Score: -132.36
Episode 350     Time Taken: 25.10 sec   Score: -143.00  Score*: -17.24  State: 0.5297560607433636       Average Q-Target: 3.9908        Epsilon: 0.001  Average Score: -132.70
Episode 351     Time Taken: 21.88 sec   Score: -141.00  Score*: -21.50  State: 0.5368577983788596       Average Q-Target: -15.2887      Epsilon: 0.001  Average Score: -132.69
Episode 352     Time Taken: 17.83 sec   Score: -110.00  Score*: -22.10  State: 0.5267914643068646       Average Q-Target: 11.5485       Epsilon: 0.001  Average Score: -132.37
Episode 353     Time Taken: 24.52 sec   Score: -142.00  Score*: -21.67  State: 0.53382834164182 Average Q-Target: -22.1944      Epsilon: 0.001  Average Score: -132.69
Episode 354     Time Taken: 21.22 sec   Score: -111.00  Score*: -31.55  State: 0.5221051845026218       Average Q-Target: -16.0639      Epsilon: 0.001  Average Score: -132.43
Episode 355     Time Taken: 28.01 sec   Score: -143.00  Score*: -19.35  State: 0.5308428942261745       Average Q-Target: 3.3242        Epsilon: 0.001  Average Score: -132.74
Episode 356     Time Taken: 15.84 sec   Score: -109.00  Score*: -21.45  State: 0.5205609709862252       Average Q-Target: 15.1461       Epsilon: 0.001  Average Score: -132.73
Episode 357     Time Taken: 20.91 sec   Score: -110.00  Score*: -23.45  State: 0.5247840243684146       Average Q-Target: -10.9630      Epsilon: 0.001  Average Score: -132.71
Episode 358     Time Taken: 25.44 sec   Score: -140.00  Score*: -21.12  State: 0.5226545290265187       Average Q-Target: -0.6281       Epsilon: 0.001  Average Score: -132.68
Episode 359     Time Taken: 19.48 sec   Score: -112.00  Score*: -26.95  State: 0.5123734801842307       Average Q-Target: -7.2704       Epsilon: 0.001  Average Score: -132.33
Episode 360     Time Taken: 25.06 sec   Score: -109.00  Score*: -20.84  State: 0.5287989070535666       Average Q-Target: 1.2911        Epsilon: 0.001  Average Score: -132.31
Episode 361     Time Taken: 21.63 sec   Score: -111.00  Score*: -24.54  State: 0.5338503450329192       Average Q-Target: 6.8387        Epsilon: 0.001  Average Score: -132.06
Episode 362     Time Taken: 29.09 sec   Score: -143.00  Score*: -13.73  State: 0.5368577983788596       Average Q-Target: 9.1129        Epsilon: 0.001  Average Score: -132.35
Episode 363     Time Taken: 25.55 sec   Score: -139.00  Score*: -22.09  State: 0.5368577983788596       Average Q-Target: -4.8634       Epsilon: 0.001  Average Score: -132.32
Episode 364     Time Taken: 24.76 sec   Score: -140.00  Score*: -21.31  State: 0.5348577983788596       Average Q-Target: 7.9512        Epsilon: 0.001  Average Score: -132.36
Episode 365     Time Taken: 26.50 sec   Score: -145.00  Score*: -12.04  State: 0.5166396828127509       Average Q-Target: 2.2105        Epsilon: 0.001  Average Score: -132.72
Episode 366     Time Taken: 26.23 sec   Score: -144.00  Score*: -13.51  State: 0.5368577983788596       Average Q-Target: -5.2521       Epsilon: 0.001  Average Score: -132.74
Episode 367     Time Taken: 25.07 sec   Score: -139.00  Score*: -26.08  State: 0.504026781743336        Average Q-Target: 10.0894       Epsilon: 0.001  Average Score: -132.74
Episode 368     Time Taken: 28.56 sec   Score: -139.00  Score*: -25.13  State: 0.503911095929615        Average Q-Target: 17.8710       Epsilon: 0.001  Average Score: -132.99
Episode 369     Time Taken: 27.82 sec   Score: -143.00  Score*: -17.98  State: 0.5243798702263012       Average Q-Target: 8.4805        Epsilon: 0.001  Average Score: -133.00
Episode 370     Time Taken: 29.73 sec   Score: -141.00  Score*: -22.62  State: 0.5318428942261745       Average Q-Target: 6.2928        Epsilon: 0.001  Average Score: -133.32
Episode 371     Time Taken: 18.30 sec   Score: -111.00  Score*: -21.01  State: 0.5367081245207812       Average Q-Target: -24.5222      Epsilon: 0.001  Average Score: -133.05
Episode 372     Time Taken: 22.07 sec   Score: -150.00  Score*: -15.92  State: 0.5145376857344105       Average Q-Target: -8.5033       Epsilon: 0.001  Average Score: -133.12
Episode 373     Time Taken: 24.73 sec   Score: -147.00  Score*: -17.23  State: 0.5092645736055164       Average Q-Target: 0.3825        Epsilon: 0.001  Average Score: -133.13
Episode 374     Time Taken: 28.05 sec   Score: -150.00  Score*: -17.01  State: 0.5174319482122387       Average Q-Target: -14.0353      Epsilon: 0.001  Average Score: -133.16
Episode 375     Time Taken: 38.33 sec   Score: -148.00  Score*: -13.87  State: 0.5049013862262641       Average Q-Target: 9.5071        Epsilon: 0.001  Average Score: -133.28
Episode 376     Time Taken: 23.55 sec   Score: -148.00  Score*: -12.77  State: 0.5381526031116265       Average Q-Target: 1.5670        Epsilon: 0.001  Average Score: -133.40
Episode 377     Time Taken: 20.77 sec   Score: -111.00  Score*: -21.93  State: 0.5365463606933335       Average Q-Target: -0.6298       Epsilon: 0.001  Average Score: -133.42
Episode 378     Time Taken: 31.58 sec   Score: -145.00  Score*: -19.85  State: 0.5308428942261745       Average Q-Target: -17.1958      Epsilon: 0.001  Average Score: -133.49
Episode 379     Time Taken: 31.46 sec   Score: -142.00  Score*: -22.54  State: 0.5166396828127509       Average Q-Target: -1.8289       Epsilon: 0.001  Average Score: -133.47
Episode 380     Time Taken: 22.30 sec   Score: -112.00  Score*: -31.10  State: 0.5229317654149491       Average Q-Target: 1.7186        Epsilon: 0.001  Average Score: -133.17
Episode 381     Time Taken: 32.14 sec   Score: -110.00  Score*: -22.48  State: 0.5348577983788596       Average Q-Target: 12.8566       Epsilon: 0.001  Average Score: -133.17
Episode 382     Time Taken: 26.12 sec   Score: -144.00  Score*: -22.59  State: 0.5145023453334473       Average Q-Target: 1.0079        Epsilon: 0.001  Average Score: -133.18
Episode 383     Time Taken: 28.09 sec   Score: -153.00  Score*: -15.80  State: 0.5368577983788596       Average Q-Target: -8.7502       Epsilon: 0.001  Average Score: -133.29
Episode 384     Time Taken: 35.60 sec   Score: -148.00  Score*: -10.87  State: 0.5283310003869601       Average Q-Target: -15.7492      Epsilon: 0.001  Average Score: -133.40
Episode 385     Time Taken: 27.16 sec   Score: -144.00  Score*: -21.09  State: 0.5377861488318622       Average Q-Target: -3.6599       Epsilon: 0.001  Average Score: -133.38
Episode 386     Time Taken: 29.50 sec   Score: -144.00  Score*: -19.52  State: 0.5414385364374904       Average Q-Target: 7.4557        Epsilon: 0.001  Average Score: -133.42
Episode 387     Time Taken: 40.69 sec   Score: -144.00  Score*: -21.36  State: 0.5368577983788596       Average Q-Target: 11.2236       Epsilon: 0.001  Average Score: -133.77
Episode 388     Time Taken: 26.46 sec   Score: -146.00  Score*: -14.68  State: 0.5368577983788596       Average Q-Target: 9.5203        Epsilon: 0.001  Average Score: -134.10
Episode 389     Time Taken: 20.99 sec   Score: -111.00  Score*: -24.72  State: 0.5306184377787105       Average Q-Target: 3.4371        Epsilon: 0.001  Average Score: -134.09
Episode 390     Time Taken: 22.10 sec   Score: -112.00  Score*: -31.87  State: 0.5433750967558302       Average Q-Target: -12.9660      Epsilon: 0.001  Average Score: -133.80
Episode 391     Time Taken: 29.02 sec   Score: -138.00  Score*: -21.71  State: 0.5358577983788596       Average Q-Target: -0.3328       Epsilon: 0.001  Average Score: -133.75
Episode 392     Time Taken: 36.64 sec   Score: -142.00  Score*: -19.64  State: 0.5368577983788596       Average Q-Target: 13.0086       Epsilon: 0.001  Average Score: -133.74
Episode 393     Time Taken: 29.83 sec   Score: -142.00  Score*: -22.55  State: 0.5026606798118043       Average Q-Target: -1.7504       Epsilon: 0.001  Average Score: -133.77
Episode 394     Time Taken: 21.86 sec   Score: -144.00  Score*: -12.14  State: 0.5368577983788596       Average Q-Target: -2.2604       Epsilon: 0.001  Average Score: -133.78
Episode 395     Time Taken: 16.10 sec   Score: -109.00  Score*: -20.77  State: 0.5102571332065191       Average Q-Target: -23.9543      Epsilon: 0.001  Average Score: -133.38
Episode 396     Time Taken: 25.43 sec   Score: -142.00  Score*: -20.61  State: 0.5426296891202314       Average Q-Target: 15.6897       Epsilon: 0.001  Average Score: -133.37
Episode 397     Time Taken: 23.95 sec   Score: -144.00  Score*: -15.95  State: 0.5145023453334473       Average Q-Target: -12.7842      Epsilon: 0.001  Average Score: -133.71
Episode 398     Time Taken: 16.33 sec   Score: -112.00  Score*: -25.64  State: 0.5028072877728595       Average Q-Target: 1.6794        Epsilon: 0.001  Average Score: -133.38
Episode 399     Time Taken: 23.57 sec   Score: -149.00  Score*: -14.57  State: 0.5392623057071313       Average Q-Target: 0.0719        Epsilon: 0.001  Average Score: -133.78
Episode 400     Time Taken: 18.33 sec   Score: -114.00  Score*: -28.37  State: 0.5046979042213543       Average Q-Target: 12.0491       Epsilon: 0.001  Average Score: -133.79
Episode 401     Time Taken: 29.01 sec   Score: -112.00  Score*: -24.91  State: 0.5072988190343019       Average Q-Target: 5.4800        Epsilon: 0.001  Average Score: -133.82
Episode 402     Time Taken: 30.53 sec   Score: -141.00  Score*: -25.36  State: 0.522676449619098        Average Q-Target: 2.5671        Epsilon: 0.001  Average Score: -134.09
Episode 403     Time Taken: 31.38 sec   Score: -115.00  Score*: -34.29  State: 0.5054384565459354       Average Q-Target: -19.8905      Epsilon: 0.001  Average Score: -134.11
Episode 404     Time Taken: 27.93 sec   Score: -140.00  Score*: -22.07  State: 0.5143691504718927       Average Q-Target: 2.1521        Epsilon: 0.001  Average Score: -134.08
Episode 405     Time Taken: 26.61 sec   Score: -141.00  Score*: -19.16  State: 0.53382834164182 Average Q-Target: 0.1545        Epsilon: 0.001  Average Score: -134.38
Episode 406     Time Taken: 27.37 sec   Score: -139.00  Score*: -22.11  State: 0.5267486208648002       Average Q-Target: 13.8522       Epsilon: 0.001  Average Score: -134.39
Episode 407     Time Taken: 20.67 sec   Score: -109.00  Score*: -22.51  State: 0.5037308258719219       Average Q-Target: -25.3591      Epsilon: 0.001  Average Score: -134.10
Episode 408     Time Taken: 21.64 sec   Score: -112.00  Score*: -25.53  State: 0.5401876611788137       Average Q-Target: -11.3966      Epsilon: 0.001  Average Score: -133.81
Episode 409     Time Taken: 25.66 sec   Score: -142.00  Score*: -13.88  State: 0.5368577983788596       Average Q-Target: 12.4980       Epsilon: 0.001  Average Score: -133.85
Episode 410     Time Taken: 27.57 sec   Score: -139.00  Score*: -16.46  State: 0.5140998352960838       Average Q-Target: 12.6699       Epsilon: 0.001  Average Score: -133.81
Episode 411     Time Taken: 21.42 sec   Score: -110.00  Score*: -22.26  State: 0.5151785596911422       Average Q-Target: 12.7577       Epsilon: 0.001  Average Score: -133.59
Episode 412     Time Taken: 27.84 sec   Score: -143.00  Score*: -25.45  State: 0.502045909421458        Average Q-Target: 4.1034        Epsilon: 0.001  Average Score: -133.57
Episode 413     Time Taken: 29.01 sec   Score: -111.00  Score*: -21.94  State: 0.5317270168648203       Average Q-Target: 6.8402        Epsilon: 0.001  Average Score: -133.26
Episode 414     Time Taken: 20.24 sec   Score: -115.00  Score*: -30.35  State: 0.548415533866972        Average Q-Target: 5.7607        Epsilon: 0.001  Average Score: -133.33
Episode 415     Time Taken: 20.38 sec   Score: -112.00  Score*: -25.56  State: 0.5368577983788596       Average Q-Target: 5.8789        Epsilon: 0.001  Average Score: -133.32
Episode 416     Time Taken: 33.89 sec   Score: -141.00  Score*: -23.35  State: 0.5368577983788596       Average Q-Target: 2.5839        Epsilon: 0.001  Average Score: -133.36
Episode 417     Time Taken: 27.99 sec   Score: -145.00  Score*: -14.15  State: 0.5029917220049593       Average Q-Target: 1.1813        Epsilon: 0.001  Average Score: -133.39
Episode 418     Time Taken: 28.69 sec   Score: -148.00  Score*: -11.85  State: 0.522676449619098        Average Q-Target: -15.7473      Epsilon: 0.001  Average Score: -133.49
Episode 419     Time Taken: 20.13 sec   Score: -110.00  Score*: -19.40  State: 0.5368577983788596       Average Q-Target: -9.4192       Epsilon: 0.001  Average Score: -133.48
Episode 420     Time Taken: 21.70 sec   Score: -112.00  Score*: -25.60  State: 0.5124919792500338       Average Q-Target: 6.6593        Epsilon: 0.001  Average Score: -133.51
Episode 421     Time Taken: 18.69 sec   Score: -109.00  Score*: -18.96  State: 0.5368577983788596       Average Q-Target: 16.5135       Epsilon: 0.001  Average Score: -133.19
Episode 422     Time Taken: 26.06 sec   Score: -145.00  Score*: -14.19  State: 0.5267132564426231       Average Q-Target: -6.0092       Epsilon: 0.001  Average Score: -133.20
Episode 423     Time Taken: 22.53 sec   Score: -111.00  Score*: -29.67  State: 0.5392351542073845       Average Q-Target: 13.1348       Epsilon: 0.001  Average Score: -132.87
Episode 424     Time Taken: 26.08 sec   Score: -109.00  Score*: -20.56  State: 0.5186471043129414       Average Q-Target: 9.5071        Epsilon: 0.001  Average Score: -132.87
Episode 425     Time Taken: 29.08 sec   Score: -138.00  Score*: -24.35  State: 0.5368577983788596       Average Q-Target: 14.8234       Epsilon: 0.001  Average Score: -132.85
Episode 426     Time Taken: 30.06 sec   Score: -141.00  Score*: -19.12  State: 0.5318428942261745       Average Q-Target: 2.1689        Epsilon: 0.001  Average Score: -132.82
Episode 427     Time Taken: 27.04 sec   Score: -142.00  Score*: -18.84  State: 0.5348503450329192       Average Q-Target: -18.9172      Epsilon: 0.001  Average Score: -133.11
Episode 428     Time Taken: 24.12 sec   Score: -144.00  Score*: -13.38  State: 0.5368577983788596       Average Q-Target: -7.5500       Epsilon: 0.001  Average Score: -133.12
Episode 429     Time Taken: 20.94 sec   Score: -136.00  Score*: -25.20  State: 0.5368577983788596       Average Q-Target: 14.0270       Epsilon: 0.001  Average Score: -133.39
Episode 430     Time Taken: 25.19 sec   Score: -142.00  Score*: -18.63  State: 0.5221228956983648       Average Q-Target: 16.5374       Epsilon: 0.001  Average Score: -133.42
Episode 431     Time Taken: 27.25 sec   Score: -141.00  Score*: -22.18  State: 0.5368577983788596       Average Q-Target: 14.2920       Epsilon: 0.001  Average Score: -133.44
Episode 432     Time Taken: 19.38 sec   Score: -113.00  Score*: -30.12  State: 0.5342155811551064       Average Q-Target: 2.6778        Epsilon: 0.001  Average Score: -133.11
Episode 433     Time Taken: 28.00 sec   Score: -142.00  Score*: -14.14  State: 0.5368577983788596       Average Q-Target: 2.2439        Epsilon: 0.001  Average Score: -133.09
Episode 434     Time Taken: 21.23 sec   Score: -144.00  Score*: -14.29  State: 0.5368577983788596       Average Q-Target: -0.7975       Epsilon: 0.001  Average Score: -133.42
Episode 435     Time Taken: 22.35 sec   Score: -139.00  Score*: -25.16  State: 0.5368577983788596       Average Q-Target: -10.4299      Epsilon: 0.001  Average Score: -133.38
Episode 436     Time Taken: 21.98 sec   Score: -142.00  Score*: -13.70  State: 0.5368577983788596       Average Q-Target: 4.8769        Epsilon: 0.001  Average Score: -133.37
Episode 437     Time Taken: 21.86 sec   Score: -144.00  Score*: -14.06  State: 0.5278134479528853       Average Q-Target: -11.4556      Epsilon: 0.001  Average Score: -133.37
Episode 438     Time Taken: 19.15 sec   Score: -109.00  Score*: -19.59  State: 0.5368577983788596       Average Q-Target: -2.3159       Epsilon: 0.001  Average Score: -133.05
Episode 439     Time Taken: 22.97 sec   Score: -143.00  Score*: -12.26  State: 0.5368577983788596       Average Q-Target: 1.5721        Epsilon: 0.001  Average Score: -133.05
Episode 440     Time Taken: 22.11 sec   Score: -140.00  Score*: -17.33  State: 0.5318428942261745       Average Q-Target: 0.7554        Epsilon: 0.001  Average Score: -132.69
Episode 441     Time Taken: 19.32 sec   Score: -136.00  Score*: -25.04  State: 0.5308428942261745       Average Q-Target: -7.1620       Epsilon: 0.001  Average Score: -132.64
Episode 442     Time Taken: 15.41 sec   Score: -110.00  Score*: -21.92  State: 0.5222697980620223       Average Q-Target: 13.4073       Epsilon: 0.001  Average Score: -132.34
Episode 443     Time Taken: 19.97 sec   Score: -140.00  Score*: -21.66  State: 0.5298134479528853       Average Q-Target: -0.9272       Epsilon: 0.001  Average Score: -132.32
Episode 444     Time Taken: 23.83 sec   Score: -142.00  Score*: -11.91  State: 0.5308428942261745       Average Q-Target: -16.0831      Epsilon: 0.001  Average Score: -132.32
Episode 445     Time Taken: 25.03 sec   Score: -142.00  Score*: -17.98  State: 0.5368577983788596       Average Q-Target: -18.8699      Epsilon: 0.001  Average Score: -132.64
Episode 446     Time Taken: 30.94 sec   Score: -144.00  Score*: -12.33  State: 0.5243798702263012       Average Q-Target: -12.6303      Epsilon: 0.001  Average Score: -132.65
Episode 447     Time Taken: 21.39 sec   Score: -111.00  Score*: -22.18  State: 0.5243798702263012       Average Q-Target: 5.8483        Epsilon: 0.001  Average Score: -132.34
Episode 448     Time Taken: 20.47 sec   Score: -143.00  Score*: -19.33  State: 0.5348503450329192       Average Q-Target: 7.8925        Epsilon: 0.001  Average Score: -132.33
Episode 449     Time Taken: 20.45 sec   Score: -144.00  Score*: -19.54  State: 0.5019940321876178       Average Q-Target: -7.2450       Epsilon: 0.001  Average Score: -132.33
Episode 450     Time Taken: 15.63 sec   Score: -113.00  Score*: -26.75  State: 0.5318208934604665       Average Q-Target: -10.4744      Epsilon: 0.001  Average Score: -132.03
Episode 451     Time Taken: 15.38 sec   Score: -110.00  Score*: -35.56  State: 0.5016388822060904       Average Q-Target: 0.1750        Epsilon: 0.001  Average Score: -131.72
Episode 452     Time Taken: 19.90 sec   Score: -144.00  Score*: -18.83  State: 0.5271472057736833       Average Q-Target: -19.2988      Epsilon: 0.001  Average Score: -132.06
Episode 453     Time Taken: 20.25 sec   Score: -144.00  Score*: -19.34  State: 0.5348577983788596       Average Q-Target: -14.2807      Epsilon: 0.001  Average Score: -132.08
Episode 454     Time Taken: 20.02 sec   Score: -144.00  Score*: -17.99  State: 0.5368577983788596       Average Q-Target: 0.5462        Epsilon: 0.001  Average Score: -132.41
Episode 455     Time Taken: 20.39 sec   Score: -146.00  Score*: -11.55  State: 0.5317166577674337       Average Q-Target: 11.6004       Epsilon: 0.001  Average Score: -132.44
Episode 456     Time Taken: 20.38 sec   Score: -147.00  Score*: -13.54  State: 0.5358577983788596       Average Q-Target: -0.4662       Epsilon: 0.001  Average Score: -132.82
Episode 457     Time Taken: 15.88 sec   Score: -113.00  Score*: -27.14  State: 0.5358577983788596       Average Q-Target: 12.2330       Epsilon: 0.001  Average Score: -132.85
Episode 458     Time Taken: 20.25 sec   Score: -146.00  Score*: -13.00  State: 0.5073586906822063       Average Q-Target: -17.3329      Epsilon: 0.001  Average Score: -132.91
Episode 459     Time Taken: 15.15 sec   Score: -110.00  Score*: -21.03  State: 0.5155709678316672       Average Q-Target: -3.2285       Epsilon: 0.001  Average Score: -132.89
Episode 460     Time Taken: 15.17 sec   Score: -110.00  Score*: -21.66  State: 0.5213185364635474       Average Q-Target: 15.3556       Epsilon: 0.001  Average Score: -132.90
Episode 461     Time Taken: 20.18 sec   Score: -144.00  Score*: -17.06  State: 0.5124768583415079       Average Q-Target: -0.9212       Epsilon: 0.001  Average Score: -133.23
Episode 462     Time Taken: 20.43 sec   Score: -147.00  Score*: -20.93  State: 0.5338503450329192       Average Q-Target: 4.2446        Epsilon: 0.001  Average Score: -133.27
Episode 463     Time Taken: 16.67 sec   Score: -110.00  Score*: -21.06  State: 0.53382834164182 Average Q-Target: -6.3379       Epsilon: 0.001  Average Score: -132.98
Episode 464     Time Taken: 22.36 sec   Score: -145.00  Score*: -15.90  State: 0.5368577983788596       Average Q-Target: 1.8651        Epsilon: 0.001  Average Score: -133.03
Episode 465     Time Taken: 15.68 sec   Score: -113.00  Score*: -29.51  State: 0.5348077009655786       Average Q-Target: -13.9203      Epsilon: 0.001  Average Score: -132.71
Episode 466     Time Taken: 20.34 sec   Score: -146.00  Score*: -12.80  State: 0.5196002874286567       Average Q-Target: -7.4491       Epsilon: 0.001  Average Score: -132.73
Episode 467     Time Taken: 20.10 sec   Score: -143.00  Score*: -18.99  State: 0.5265758293781637       Average Q-Target: 4.7469        Epsilon: 0.001  Average Score: -132.77
Episode 468     Time Taken: 20.33 sec   Score: -147.00  Score*: -11.96  State: 0.5368577983788596       Average Q-Target: 5.9923        Epsilon: 0.001  Average Score: -132.85
Episode 469     Time Taken: 20.30 sec   Score: -147.00  Score*: -14.23  State: 0.5368577983788596       Average Q-Target: -18.4348      Epsilon: 0.001  Average Score: -132.89
Episode 470     Time Taken: 15.15 sec   Score: -109.00  Score*: -19.54  State: 0.5368577983788596       Average Q-Target: 5.3234        Epsilon: 0.001  Average Score: -132.57
Episode 471     Time Taken: 15.69 sec   Score: -112.00  Score*: -25.09  State: 0.5368577983788596       Average Q-Target: -3.7754       Epsilon: 0.001  Average Score: -132.58
Episode 472     Time Taken: 15.57 sec   Score: -112.00  Score*: -26.11  State: 0.5358577983788596       Average Q-Target: 2.4367        Epsilon: 0.001  Average Score: -132.20
Episode 473     Time Taken: 15.12 sec   Score: -109.00  Score*: -21.22  State: 0.5338503450329192       Average Q-Target: -22.8503      Epsilon: 0.001  Average Score: -131.82
Episode 474     Time Taken: 19.98 sec   Score: -143.00  Score*: -16.67  State: 0.5358577983788596       Average Q-Target: 3.5258        Epsilon: 0.001  Average Score: -131.75
Episode 475     Time Taken: 18.93 sec   Score: -138.00  Score*: -22.67  State: 0.5194410252471058       Average Q-Target: 9.4261        Epsilon: 0.001  Average Score: -131.65
Episode 476     Time Taken: 14.92 sec   Score: -109.00  Score*: -20.24  State: 0.5153037253471839       Average Q-Target: 1.2335        Epsilon: 0.001  Average Score: -131.26
Episode 477     Time Taken: 19.14 sec   Score: -139.00  Score*: -23.63  State: 0.506163094981906        Average Q-Target: -16.4841      Epsilon: 0.001  Average Score: -131.54
Episode 478     Time Taken: 19.99 sec   Score: -144.00  Score*: -13.23  State: 0.5368577983788596       Average Q-Target: 13.4091       Epsilon: 0.001  Average Score: -131.53
Episode 479     Time Taken: 19.79 sec   Score: -143.00  Score*: -14.44  State: 0.527197860400905        Average Q-Target: 4.7278        Epsilon: 0.001  Average Score: -131.54
Episode 480     Time Taken: 15.43 sec   Score: -111.00  Score*: -24.31  State: 0.5368577983788596       Average Q-Target: 0.7699        Epsilon: 0.001  Average Score: -131.53
Episode 481     Time Taken: 15.44 sec   Score: -110.00  Score*: -30.87  State: 0.5139753090756864       Average Q-Target: -10.9468      Epsilon: 0.001  Average Score: -131.53
Episode 482     Time Taken: 15.15 sec   Score: -110.00  Score*: -23.38  State: 0.505956945213137        Average Q-Target: -23.8530      Epsilon: 0.001  Average Score: -131.19
Episode 483     Time Taken: 15.36 sec   Score: -112.00  Score*: -26.27  State: 0.5267840243684146       Average Q-Target: 6.6694        Epsilon: 0.001  Average Score: -130.78
Episode 484     Time Taken: 22.87 sec   Score: -146.00  Score*: -14.61  State: 0.5368577983788596       Average Q-Target: 9.7861        Epsilon: 0.001  Average Score: -130.76
Episode 485     Time Taken: 20.80 sec   Score: -144.00  Score*: -13.47  State: 0.5308208934604665       Average Q-Target: 12.3844       Epsilon: 0.001  Average Score: -130.76
Episode 486     Time Taken: 15.56 sec   Score: -108.00  Score*: -28.58  State: 0.5115635130209816       Average Q-Target: 1.6025        Epsilon: 0.001  Average Score: -130.40
Episode 487     Time Taken: 20.73 sec   Score: -144.00  Score*: -15.97  State: 0.5029037390955254       Average Q-Target: 5.5012        Epsilon: 0.001  Average Score: -130.40
Episode 488     Time Taken: 20.37 sec   Score: -144.00  Score*: -21.04  State: 0.5368577983788596       Average Q-Target: -17.4431      Epsilon: 0.001  Average Score: -130.38
Episode 489     Time Taken: 24.04 sec   Score: -146.00  Score*: -18.02  State: 0.5368577983788596       Average Q-Target: 9.8266        Epsilon: 0.001  Average Score: -130.73
Episode 490     Time Taken: 23.30 sec   Score: -111.00  Score*: -23.07  State: 0.5348577983788596       Average Q-Target: -12.5225      Epsilon: 0.001  Average Score: -130.72
Episode 491     Time Taken: 23.33 sec   Score: -115.00  Score*: -29.97  State: 0.5362504758761752       Average Q-Target: 9.2769        Epsilon: 0.001  Average Score: -130.49
Episode 492     Time Taken: 22.60 sec   Score: -110.00  Score*: -22.67  State: 0.5043993546915763       Average Q-Target: -3.2572       Epsilon: 0.001  Average Score: -130.17
Episode 493     Time Taken: 37.18 sec   Score: -146.00  Score*: -11.78  State: 0.5213185364635474       Average Q-Target: -16.2423      Epsilon: 0.001  Average Score: -130.21
Episode 494     Time Taken: 36.02 sec   Score: -110.00  Score*: -22.36  State: 0.5257017753869786       Average Q-Target: 5.9461        Epsilon: 0.001  Average Score: -129.87
Episode 495     Time Taken: 31.80 sec   Score: -141.00  Score*: -17.06  State: 0.5368577983788596       Average Q-Target: -11.4437      Epsilon: 0.001  Average Score: -130.19
Episode 496     Time Taken: 24.67 sec   Score: -113.00  Score*: -27.30  State: 0.5368577983788596       Average Q-Target: 8.5332        Epsilon: 0.001  Average Score: -129.90
Episode 497     Time Taken: 21.84 sec   Score: -110.00  Score*: -21.01  State: 0.5368577983788596       Average Q-Target: -15.1222      Epsilon: 0.001  Average Score: -129.56
Episode 498     Time Taken: 18.95 sec   Score: -108.00  Score*: -31.34  State: 0.5164736796835444       Average Q-Target: 6.1828        Epsilon: 0.001  Average Score: -129.52
Episode 499     Time Taken: 28.45 sec   Score: -141.00  Score*: -22.26  State: 0.5123734801842307       Average Q-Target: 13.0027       Epsilon: 0.001  Average Score: -129.44
Episode 500     Time Taken: 20.76 sec   Score: -142.00  Score*: -19.62  State: 0.5257840243684146       Average Q-Target: 8.0479        Epsilon: 0.001  Average Score: -129.72
Episode 501     Time Taken: 29.96 sec   Score: -144.00  Score*: -13.42  State: 0.5348577983788596       Average Q-Target: -18.6906      Epsilon: 0.001  Average Score: -130.04
Episode 502     Time Taken: 17.44 sec   Score: -114.00  Score*: -28.83  State: 0.5179477137271977       Average Q-Target: -7.1457       Epsilon: 0.001  Average Score: -129.77
Episode 503     Time Taken: 21.39 sec   Score: -142.00  Score*: -20.92  State: 0.5368577983788596       Average Q-Target: -17.4618      Epsilon: 0.001  Average Score: -130.04
Episode 504     Time Taken: 19.52 sec   Score: -110.00  Score*: -20.44  State: 0.509668560668146        Average Q-Target: -14.7188      Epsilon: 0.001  Average Score: -129.74
Episode 505     Time Taken: 27.47 sec   Score: -141.00  Score*: -19.06  State: 0.5368577983788596       Average Q-Target: -12.9958      Epsilon: 0.001  Average Score: -129.74
Episode 506     Time Taken: 19.67 sec   Score: -110.00  Score*: -20.34  State: 0.5368577983788596       Average Q-Target: 9.8732        Epsilon: 0.001  Average Score: -129.45
Episode 507     Time Taken: 17.50 sec   Score: -112.00  Score*: -25.99  State: 0.5247840243684146       Average Q-Target: 1.6411        Epsilon: 0.001  Average Score: -129.48
Episode 508     Time Taken: 21.06 sec   Score: -144.00  Score*: -12.03  State: 0.5044958194503398       Average Q-Target: 3.9427        Epsilon: 0.001  Average Score: -129.80
Episode 509     Time Taken: 22.62 sec   Score: -142.00  Score*: -17.84  State: 0.5348577983788596       Average Q-Target: 3.4341        Epsilon: 0.001  Average Score: -129.80
Episode 510     Time Taken: 27.85 sec   Score: -141.00  Score*: -18.24  State: 0.5368577983788596       Average Q-Target: 6.6887        Epsilon: 0.001  Average Score: -129.82
Episode 511     Time Taken: 30.16 sec   Score: -144.00  Score*: -14.94  State: 0.5368577983788596       Average Q-Target: 3.0715        Epsilon: 0.001  Average Score: -130.16
Episode 512     Time Taken: 24.93 sec   Score: -140.00  Score*: -19.93  State: 0.5368577983788596       Average Q-Target: 3.3655        Epsilon: 0.001  Average Score: -130.13
Episode 513     Time Taken: 23.03 sec   Score: -140.00  Score*: -21.40  State: 0.5368577983788596       Average Q-Target: 3.8578        Epsilon: 0.001  Average Score: -130.42
Episode 514     Time Taken: 26.70 sec   Score: -140.00  Score*: -21.55  State: 0.5192396834065238       Average Q-Target: 12.8741       Epsilon: 0.001  Average Score: -130.67
Episode 515     Time Taken: 32.05 sec   Score: -138.00  Score*: -24.73  State: 0.5368577983788596       Average Q-Target: 12.8115       Epsilon: 0.001  Average Score: -130.93
Episode 516     Time Taken: 17.22 sec   Score: -111.00  Score*: -24.66  State: 0.518365025256824        Average Q-Target: 10.7041       Epsilon: 0.001  Average Score: -130.63
Episode 517     Time Taken: 20.47 sec   Score: -143.00  Score*: -11.96  State: 0.5247840243684146       Average Q-Target: -0.5720       Epsilon: 0.001  Average Score: -130.61
Episode 518     Time Taken: 20.04 sec   Score: -141.00  Score*: -18.98  State: 0.5368577983788596       Average Q-Target: 2.6919        Epsilon: 0.001  Average Score: -130.54
Episode 519     Time Taken: 20.48 sec   Score: -111.00  Score*: -30.26  State: 0.5360966702699491       Average Q-Target: 13.2919       Epsilon: 0.001  Average Score: -130.55
Episode 520     Time Taken: 23.49 sec   Score: -142.00  Score*: -21.64  State: 0.5368577983788596       Average Q-Target: -1.5244       Epsilon: 0.001  Average Score: -130.85
Episode 521     Time Taken: 31.66 sec   Score: -141.00  Score*: -21.92  State: 0.5368577983788596       Average Q-Target: 4.3217        Epsilon: 0.001  Average Score: -131.17
Episode 522     Time Taken: 31.44 sec   Score: -142.00  Score*: -21.84  State: 0.5297780324718887       Average Q-Target: 6.4580        Epsilon: 0.001  Average Score: -131.14
Episode 523     Time Taken: 30.09 sec   Score: -140.00  Score*: -20.64  State: 0.5306184377787105       Average Q-Target: 2.7654        Epsilon: 0.001  Average Score: -131.43
Episode 524     Time Taken: 27.24 sec   Score: -112.00  Score*: -26.42  State: 0.5215858072871057       Average Q-Target: -8.5065       Epsilon: 0.001  Average Score: -131.46
Episode 525     Time Taken: 21.00 sec   Score: -113.00  Score*: -28.28  State: 0.5058278308272699       Average Q-Target: -0.4805       Epsilon: 0.001  Average Score: -131.21
Episode 526     Time Taken: 33.12 sec   Score: -141.00  Score*: -20.37  State: 0.5368577983788596       Average Q-Target: -1.8522       Epsilon: 0.001  Average Score: -131.21
Episode 527     Time Taken: 30.35 sec   Score: -142.00  Score*: -14.20  State: 0.5175097599337685       Average Q-Target: 3.9957        Epsilon: 0.001  Average Score: -131.21
Episode 528     Time Taken: 33.03 sec   Score: -142.00  Score*: -21.09  State: 0.5348577983788596       Average Q-Target: 9.9245        Epsilon: 0.001  Average Score: -131.19
Episode 529     Time Taken: 38.94 sec   Score: -141.00  Score*: -26.43  State: 0.509843527365577        Average Q-Target: -14.2585      Epsilon: 0.001  Average Score: -131.24
Episode 530     Time Taken: 26.80 sec   Score: -141.00  Score*: -21.02  State: 0.53382834164182 Average Q-Target: -0.5328       Epsilon: 0.001  Average Score: -131.23
Episode 531     Time Taken: 22.19 sec   Score: -145.00  Score*: -14.24  State: 0.5368577983788596       Average Q-Target: 0.3510        Epsilon: 0.001  Average Score: -131.27
Episode 532     Time Taken: 31.61 sec   Score: -143.00  Score*: -12.47  State: 0.5368577983788596       Average Q-Target: -9.7123       Epsilon: 0.001  Average Score: -131.57
Episode 533     Time Taken: 27.94 sec   Score: -112.00  Score*: -28.35  State: 0.5250507431713107       Average Q-Target: 6.2859        Epsilon: 0.001  Average Score: -131.27
Episode 534     Time Taken: 27.66 sec   Score: -113.00  Score*: -28.98  State: 0.5355806767309131       Average Q-Target: 3.0319        Epsilon: 0.001  Average Score: -130.96
Episode 535     Time Taken: 23.67 sec   Score: -139.00  Score*: -25.93  State: 0.5185448484175241       Average Q-Target: 7.6470        Epsilon: 0.001  Average Score: -130.96
Episode 536     Time Taken: 20.05 sec   Score: -142.00  Score*: -18.84  State: 0.53282834164182 Average Q-Target: -18.5558      Epsilon: 0.001  Average Score: -130.96
Episode 537     Time Taken: 20.64 sec   Score: -112.00  Score*: -24.02  State: 0.5342730223356423       Average Q-Target: 10.6153       Epsilon: 0.001  Average Score: -130.64
Episode 538     Time Taken: 23.45 sec   Score: -139.00  Score*: -22.96  State: 0.5328428942261745       Average Q-Target: -12.8122      Epsilon: 0.001  Average Score: -130.94
Episode 539     Time Taken: 21.29 sec   Score: -143.00  Score*: -15.89  State: 0.5368577983788596       Average Q-Target: 0.5604        Epsilon: 0.001  Average Score: -130.94
Episode 540     Time Taken: 21.61 sec   Score: -142.00  Score*: -19.56  State: 0.5368577983788596       Average Q-Target: 4.8672        Epsilon: 0.001  Average Score: -130.96
Episode 541     Time Taken: 19.28 sec   Score: -113.00  Score*: -27.50  State: 0.5246795249739358       Average Q-Target: -16.8055      Epsilon: 0.001  Average Score: -130.73
Episode 542     Time Taken: 16.40 sec   Score: -110.00  Score*: -21.21  State: 0.5368577983788596       Average Q-Target: -4.1576       Epsilon: 0.001  Average Score: -130.73
Episode 543     Time Taken: 22.91 sec   Score: -142.00  Score*: -19.41  State: 0.5267486208648002       Average Q-Target: -13.3025      Epsilon: 0.001  Average Score: -130.75
Episode 544     Time Taken: 20.66 sec   Score: -141.00  Score*: -23.79  State: 0.5235683986401244       Average Q-Target: -8.8567       Epsilon: 0.001  Average Score: -130.74
Episode 545     Time Taken: 21.88 sec   Score: -139.00  Score*: -26.15  State: 0.5166396828127509       Average Q-Target: -17.5263      Epsilon: 0.001  Average Score: -130.71
Episode 546     Time Taken: 21.20 sec   Score: -143.00  Score*: -18.46  State: 0.5308208934604665       Average Q-Target: 13.3021       Epsilon: 0.001  Average Score: -130.70
Episode 547     Time Taken: 22.45 sec   Score: -142.00  Score*: -22.05  State: 0.5170623302454136       Average Q-Target: 8.5148        Epsilon: 0.001  Average Score: -131.01
Episode 548     Time Taken: 22.62 sec   Score: -142.00  Score*: -19.33  State: 0.5368577983788596       Average Q-Target: -7.4054       Epsilon: 0.001  Average Score: -131.00
Episode 549     Time Taken: 18.31 sec   Score: -111.00  Score*: -23.36  State: 0.5348577983788596       Average Q-Target: 6.1290        Epsilon: 0.001  Average Score: -130.67
Episode 550     Time Taken: 17.89 sec   Score: -111.00  Score*: -24.44  State: 0.5338503450329192       Average Q-Target: 5.6491        Epsilon: 0.001  Average Score: -130.65
Episode 551     Time Taken: 15.95 sec   Score: -109.00  Score*: -20.33  State: 0.5368577983788596       Average Q-Target: 1.6196        Epsilon: 0.001  Average Score: -130.64
Episode 552     Time Taken: 20.00 sec   Score: -142.00  Score*: -12.93  State: 0.5297989070535666       Average Q-Target: 6.8310        Epsilon: 0.001  Average Score: -130.62
Episode 553     Time Taken: 20.08 sec   Score: -144.00  Score*: -12.81  State: 0.5368577983788596       Average Q-Target: -14.7397      Epsilon: 0.001  Average Score: -130.62
Episode 554     Time Taken: 19.79 sec   Score: -143.00  Score*: -11.57  State: 0.5368577983788596       Average Q-Target: -0.3196       Epsilon: 0.001  Average Score: -130.61
Episode 555     Time Taken: 20.86 sec   Score: -140.00  Score*: -22.30  State: 0.5247840243684146       Average Q-Target: -3.1853       Epsilon: 0.001  Average Score: -130.55
Episode 556     Time Taken: 20.75 sec   Score: -144.00  Score*: -11.45  State: 0.5328503450329192       Average Q-Target: -4.5089       Epsilon: 0.001  Average Score: -130.52
Episode 557     Time Taken: 21.62 sec   Score: -137.00  Score*: -24.09  State: 0.5358577983788596       Average Q-Target: 1.2587        Epsilon: 0.001  Average Score: -130.76
Episode 558     Time Taken: 17.55 sec   Score: -111.00  Score*: -23.48  State: 0.5368577983788596       Average Q-Target: -22.7796      Epsilon: 0.001  Average Score: -130.41
Episode 559     Time Taken: 20.91 sec   Score: -140.00  Score*: -23.15  State: 0.5247840243684146       Average Q-Target: -17.9200      Epsilon: 0.001  Average Score: -130.71
Episode 560     Time Taken: 20.20 sec   Score: -143.00  Score*: -13.75  State: 0.5192345837778412       Average Q-Target: -14.7496      Epsilon: 0.001  Average Score: -131.04
Episode 561     Time Taken: 20.23 sec   Score: -144.00  Score*: -15.38  State: 0.5348577983788596       Average Q-Target: -20.7553      Epsilon: 0.001  Average Score: -131.04
Episode 562     Time Taken: 20.87 sec   Score: -144.00  Score*: -17.19  State: 0.5421900096986956       Average Q-Target: -19.4854      Epsilon: 0.001  Average Score: -131.01
Episode 563     Time Taken: 23.33 sec   Score: -143.00  Score*: -16.21  State: 0.5274820425335306       Average Q-Target: -10.6507      Epsilon: 0.001  Average Score: -131.34
Episode 564     Time Taken: 26.77 sec   Score: -144.00  Score*: -11.88  State: 0.5328428942261745       Average Q-Target: 1.0313        Epsilon: 0.001  Average Score: -131.33
Episode 565     Time Taken: 18.59 sec   Score: -110.00  Score*: -21.28  State: 0.5358577983788596       Average Q-Target: -0.4011       Epsilon: 0.001  Average Score: -131.30
Episode 566     Time Taken: 19.19 sec   Score: -110.00  Score*: -30.72  State: 0.5131976705545978       Average Q-Target: 12.0440       Epsilon: 0.001  Average Score: -130.94
Episode 567     Time Taken: 19.17 sec   Score: -111.00  Score*: -22.84  State: 0.5288134479528853       Average Q-Target: 8.1754        Epsilon: 0.001  Average Score: -130.62
Episode 568     Time Taken: 21.95 sec   Score: -139.00  Score*: -20.75  State: 0.5368577983788596       Average Q-Target: -23.6671      Epsilon: 0.001  Average Score: -130.54
Episode 569     Time Taken: 18.75 sec   Score: -114.00  Score*: -28.19  State: 0.536658373797938        Average Q-Target: -1.2554       Epsilon: 0.001  Average Score: -130.21
Episode 570     Time Taken: 22.78 sec   Score: -143.00  Score*: -11.49  State: 0.5294894789936894       Average Q-Target: 15.7268       Epsilon: 0.001  Average Score: -130.55
Episode 571     Time Taken: 21.34 sec   Score: -143.00  Score*: -15.17  State: 0.5216545290265187       Average Q-Target: 10.4717       Epsilon: 0.001  Average Score: -130.86
Episode 572     Time Taken: 16.77 sec   Score: -113.00  Score*: -26.98  State: 0.5368577983788596       Average Q-Target: 12.6396       Epsilon: 0.001  Average Score: -130.87
Episode 573     Time Taken: 21.61 sec   Score: -142.00  Score*: -18.30  State: 0.5368577983788596       Average Q-Target: 6.2051        Epsilon: 0.001  Average Score: -131.20
Episode 574     Time Taken: 21.27 sec   Score: -144.00  Score*: -14.37  State: 0.5318428942261745       Average Q-Target: -17.2156      Epsilon: 0.001  Average Score: -131.21
Episode 575     Time Taken: 24.62 sec   Score: -113.00  Score*: -31.81  State: 0.5209415404123547       Average Q-Target: 15.6531       Epsilon: 0.001  Average Score: -130.96
Episode 576     Time Taken: 27.73 sec   Score: -143.00  Score*: -15.35  State: 0.5308428942261745       Average Q-Target: -6.9350       Epsilon: 0.001  Average Score: -131.30
Episode 577     Time Taken: 18.82 sec   Score: -114.00  Score*: -30.60  State: 0.5384683367575435       Average Q-Target: 1.5036        Epsilon: 0.001  Average Score: -131.05
Episode 578     Time Taken: 24.11 sec   Score: -144.00  Score*: -11.96  State: 0.5243798702263012       Average Q-Target: 2.6222        Epsilon: 0.001  Average Score: -131.05
Episode 579     Time Taken: 22.84 sec   Score: -145.00  Score*: -14.77  State: 0.5348577983788596       Average Q-Target: 1.3894        Epsilon: 0.001  Average Score: -131.07
Episode 580     Time Taken: 22.21 sec   Score: -142.00  Score*: -14.92  State: 0.5308428942261745       Average Q-Target: -0.0861       Epsilon: 0.001  Average Score: -131.38
Episode 581     Time Taken: 25.11 sec   Score: -143.00  Score*: -15.93  State: 0.5368577983788596       Average Q-Target: 2.7063        Epsilon: 0.001  Average Score: -131.71
Episode 582     Time Taken: 20.36 sec   Score: -110.00  Score*: -21.88  State: 0.5328428942261745       Average Q-Target: 14.5748       Epsilon: 0.001  Average Score: -131.71
Episode 583     Time Taken: 23.73 sec   Score: -146.00  Score*: -12.48  State: 0.5123734801842307       Average Q-Target: -3.2512       Epsilon: 0.001  Average Score: -132.05
Episode 584     Time Taken: 20.82 sec   Score: -140.00  Score*: -24.17  State: 0.5206471043129414       Average Q-Target: -15.1732      Epsilon: 0.001  Average Score: -131.99
Episode 585     Time Taken: 19.93 sec   Score: -143.00  Score*: -12.02  State: 0.5358577983788596       Average Q-Target: -15.4066      Epsilon: 0.001  Average Score: -131.98
Episode 586     Time Taken: 21.05 sec   Score: -144.00  Score*: -12.45  State: 0.5287132564426231       Average Q-Target: 8.1645        Epsilon: 0.001  Average Score: -132.34
Episode 587     Time Taken: 16.19 sec   Score: -110.00  Score*: -22.59  State: 0.5011544460709655       Average Q-Target: 3.6132        Epsilon: 0.001  Average Score: -132.00
Episode 588     Time Taken: 20.71 sec   Score: -140.00  Score*: -17.95  State: 0.5368577983788596       Average Q-Target: 10.3800       Epsilon: 0.001  Average Score: -131.96
Episode 589     Time Taken: 24.48 sec   Score: -138.00  Score*: -24.92  State: 0.5368577983788596       Average Q-Target: -2.2215       Epsilon: 0.001  Average Score: -131.88
Episode 590     Time Taken: 16.03 sec   Score: -110.00  Score*: -21.78  State: 0.5358577983788596       Average Q-Target: 2.4958        Epsilon: 0.001  Average Score: -131.87
Episode 591     Time Taken: 19.52 sec   Score: -111.00  Score*: -22.87  State: 0.5348577983788596       Average Q-Target: 6.6596        Epsilon: 0.001  Average Score: -131.83
Episode 592     Time Taken: 17.16 sec   Score: -109.00  Score*: -19.41  State: 0.5308428942261745       Average Q-Target: -2.8827       Epsilon: 0.001  Average Score: -131.82
Episode 593     Time Taken: 21.63 sec   Score: -110.00  Score*: -22.98  State: 0.5348577983788596       Average Q-Target: -25.2623      Epsilon: 0.001  Average Score: -131.46
Episode 594     Time Taken: 25.46 sec   Score: -139.00  Score*: -21.63  State: 0.5307989070535666       Average Q-Target: -10.6720      Epsilon: 0.001  Average Score: -131.75
Episode 595     Time Taken: 22.32 sec   Score: -141.00  Score*: -22.76  State: 0.5328428942261745       Average Q-Target: 10.8566       Epsilon: 0.001  Average Score: -131.75
Episode 596     Time Taken: 22.41 sec   Score: -140.00  Score*: -24.34  State: 0.5358577983788596       Average Q-Target: -8.1486       Epsilon: 0.001  Average Score: -132.02
Episode 597     Time Taken: 16.74 sec   Score: -109.00  Score*: -18.72  State: 0.5348577983788596       Average Q-Target: -19.5653      Epsilon: 0.001  Average Score: -132.01
Episode 598     Time Taken: 16.46 sec   Score: -110.00  Score*: -22.39  State: 0.5368577983788596       Average Q-Target: 10.5169       Epsilon: 0.001  Average Score: -132.03
Episode 599     Time Taken: 22.32 sec   Score: -146.00  Score*: -16.99  State: 0.5232512428881951       Average Q-Target: -11.8543      Epsilon: 0.001  Average Score: -132.08
Episode 600     Time Taken: 16.52 sec   Score: -109.00  Score*: -18.92  State: 0.5368577983788596       Average Q-Target: 8.2342        Epsilon: 0.001  Average Score: -131.75
Episode 601     Time Taken: 22.54 sec   Score: -145.00  Score*: -12.48  State: 0.5368577983788596       Average Q-Target: 2.1280        Epsilon: 0.001  Average Score: -131.76
Episode 602     Time Taken: 16.21 sec   Score: -111.00  Score*: -31.21  State: 0.5122329988903189       Average Q-Target: 0.1029        Epsilon: 0.001  Average Score: -131.73
Episode 603     Time Taken: 23.37 sec   Score: -144.00  Score*: -14.79  State: 0.5247840243684146       Average Q-Target: 12.7134       Epsilon: 0.001  Average Score: -131.75
Episode 604     Time Taken: 22.78 sec   Score: -145.00  Score*: -13.90  State: 0.5368577983788596       Average Q-Target: 12.0067       Epsilon: 0.001  Average Score: -132.10
Episode 605     Time Taken: 19.23 sec   Score: -112.00  Score*: -29.66  State: 0.5258877887325034       Average Q-Target: 3.0765        Epsilon: 0.001  Average Score: -131.81
Episode 606     Time Taken: 16.39 sec   Score: -109.00  Score*: -19.39  State: 0.5267840243684146       Average Q-Target: -20.2245      Epsilon: 0.001  Average Score: -131.80
Episode 607     Time Taken: 20.55 sec   Score: -139.00  Score*: -23.66  State: 0.5287914643068646       Average Q-Target: -10.3243      Epsilon: 0.001  Average Score: -132.07
Episode 608     Time Taken: 21.07 sec   Score: -142.00  Score*: -18.37  State: 0.5236296322846333       Average Q-Target: 11.2865       Epsilon: 0.001  Average Score: -132.05
Episode 609     Time Taken: 24.14 sec   Score: -144.00  Score*: -17.16  State: 0.5368577983788596       Average Q-Target: 10.8510       Epsilon: 0.001  Average Score: -132.07
Episode 610     Time Taken: 17.57 sec   Score: -111.00  Score*: -24.79  State: 0.5328428942261745       Average Q-Target: 10.5805       Epsilon: 0.001  Average Score: -131.77
Episode 611     Time Taken: 19.85 sec   Score: -111.00  Score*: -23.91  State: 0.5368577983788596       Average Q-Target: 3.8464        Epsilon: 0.001  Average Score: -131.44
Episode 612     Time Taken: 19.72 sec   Score: -139.00  Score*: -22.53  State: 0.5368577983788596       Average Q-Target: -11.3098      Epsilon: 0.001  Average Score: -131.43
Episode 613     Time Taken: 20.56 sec   Score: -144.00  Score*: -19.72  State: 0.5174427638514221       Average Q-Target: 2.8901        Epsilon: 0.001  Average Score: -131.47
Episode 614     Time Taken: 16.25 sec   Score: -109.00  Score*: -19.49  State: 0.5368577983788596       Average Q-Target: -16.4287      Epsilon: 0.001  Average Score: -131.16
Episode 615     Time Taken: 16.96 sec   Score: -113.00  Score*: -28.32  State: 0.5160644075852998       Average Q-Target: 13.0560       Epsilon: 0.001  Average Score: -130.91
Episode 616     Time Taken: 17.45 sec   Score: -111.00  Score*: -24.26  State: 0.5368577983788596       Average Q-Target: 9.8927        Epsilon: 0.001  Average Score: -130.91
Episode 617     Time Taken: 17.90 sec   Score: -110.00  Score*: -23.30  State: 0.5206471043129414       Average Q-Target: 2.0079        Epsilon: 0.001  Average Score: -130.58